<?xml version="1.0" encoding="UTF-8"?>
<coverage generated="1645226887820" clover="3.2.0">
  <project timestamp="1645226887820" name="All files">
    <metrics statements="330" coveredstatements="325" conditionals="96" coveredconditionals="84" methods="112" coveredmethods="108" elements="538" coveredelements="517" complexity="0" loc="330" ncloc="330" packages="18" files="23" classes="23"/>
    <package name="src">
      <metrics statements="4" coveredstatements="4" conditionals="0" coveredconditionals="0" methods="0" coveredmethods="0"/>
      <file name="index.ts" path="/home/runner/work/JavaScriptGraph/JavaScriptGraph/src/index.ts">
        <metrics statements="4" coveredstatements="4" conditionals="0" coveredconditionals="0" methods="0" coveredmethods="0"/>
        <line num="1" count="6" type="stmt"/>
        <line num="2" count="6" type="stmt"/>
        <line num="3" count="6" type="stmt"/>
        <line num="4" count="6" type="stmt"/>
      </file>
    </package>
    <package name="src.Errors">
      <metrics statements="3" coveredstatements="3" conditionals="0" coveredconditionals="0" methods="1" coveredmethods="1"/>
      <file name="VertexNotFoundError.ts" path="/home/runner/work/JavaScriptGraph/JavaScriptGraph/src/Errors/VertexNotFoundError.ts">
        <metrics statements="2" coveredstatements="2" conditionals="0" coveredconditionals="0" methods="1" coveredmethods="1"/>
        <line num="3" count="13" type="stmt"/>
        <line num="5" count="1" type="stmt"/>
      </file>
      <file name="index.ts" path="/home/runner/work/JavaScriptGraph/JavaScriptGraph/src/Errors/index.ts">
        <metrics statements="1" coveredstatements="1" conditionals="0" coveredconditionals="0" methods="0" coveredmethods="0"/>
        <line num="1" count="13" type="stmt"/>
      </file>
    </package>
    <package name="src.Parser">
      <metrics statements="1" coveredstatements="1" conditionals="0" coveredconditionals="0" methods="0" coveredmethods="0"/>
      <file name="index.ts" path="/home/runner/work/JavaScriptGraph/JavaScriptGraph/src/Parser/index.ts">
        <metrics statements="1" coveredstatements="1" conditionals="0" coveredconditionals="0" methods="0" coveredmethods="0"/>
        <line num="1" count="6" type="stmt"/>
      </file>
    </package>
    <package name="src.Parser.SimpleGDFParser">
      <metrics statements="30" coveredstatements="29" conditionals="5" coveredconditionals="4" methods="4" coveredmethods="4"/>
      <file name="SimpleGDFParser.ts" path="/home/runner/work/JavaScriptGraph/JavaScriptGraph/src/Parser/SimpleGDFParser/SimpleGDFParser.ts">
        <metrics statements="30" coveredstatements="29" conditionals="5" coveredconditionals="4" methods="4" coveredmethods="4"/>
        <line num="2" count="6" type="stmt"/>
        <line num="3" count="6" type="stmt"/>
        <line num="4" count="6" type="stmt"/>
        <line num="7" count="6" type="stmt"/>
        <line num="8" count="5" type="stmt"/>
        <line num="9" count="5" type="stmt"/>
        <line num="10" count="5" type="stmt"/>
        <line num="13" count="5" type="stmt"/>
        <line num="14" count="5" type="stmt"/>
        <line num="15" count="125" type="stmt"/>
        <line num="18" count="5" type="stmt"/>
        <line num="22" count="135" type="stmt"/>
        <line num="23" count="135" type="cond" truecount="0" falsecount="1"/>
        <line num="24" count="0" type="stmt"/>
        <line num="27" count="135" type="cond" truecount="1" falsecount="0"/>
        <line num="28" count="5" type="stmt"/>
        <line num="29" count="5" type="stmt"/>
        <line num="32" count="130" type="cond" truecount="1" falsecount="0"/>
        <line num="33" count="5" type="stmt"/>
        <line num="34" count="5" type="stmt"/>
        <line num="37" count="125" type="cond" truecount="1" falsecount="0"/>
        <line num="38" count="50" type="stmt"/>
        <line num="39" count="50" type="stmt"/>
        <line num="42" count="125" type="cond" truecount="1" falsecount="0"/>
        <line num="43" count="75" type="stmt"/>
        <line num="44" count="75" type="stmt"/>
        <line num="47" count="125" type="stmt"/>
        <line num="51" count="5" type="stmt"/>
        <line num="53" count="5" type="stmt"/>
        <line num="57" count="6" type="stmt"/>
      </file>
    </package>
    <package name="src.assets">
      <metrics statements="1" coveredstatements="1" conditionals="0" coveredconditionals="0" methods="0" coveredmethods="0"/>
      <file name="index.ts" path="/home/runner/work/JavaScriptGraph/JavaScriptGraph/src/assets/index.ts">
        <metrics statements="1" coveredstatements="1" conditionals="0" coveredconditionals="0" methods="0" coveredmethods="0"/>
        <line num="1" count="6" type="stmt"/>
      </file>
    </package>
    <package name="src.assets.FamousGraphs">
      <metrics statements="1" coveredstatements="1" conditionals="0" coveredconditionals="0" methods="0" coveredmethods="0"/>
      <file name="PetersonGraph.gdf.ts" path="/home/runner/work/JavaScriptGraph/JavaScriptGraph/src/assets/FamousGraphs/PetersonGraph.gdf.ts">
        <metrics statements="1" coveredstatements="1" conditionals="0" coveredconditionals="0" methods="0" coveredmethods="0"/>
        <line num="1" count="6" type="stmt"/>
      </file>
    </package>
    <package name="src.models">
      <metrics statements="8" coveredstatements="8" conditionals="0" coveredconditionals="0" methods="0" coveredmethods="0"/>
      <file name="index.ts" path="/home/runner/work/JavaScriptGraph/JavaScriptGraph/src/models/index.ts">
        <metrics statements="8" coveredstatements="8" conditionals="0" coveredconditionals="0" methods="0" coveredmethods="0"/>
        <line num="1" count="6" type="stmt"/>
        <line num="3" count="6" type="stmt"/>
        <line num="5" count="6" type="stmt"/>
        <line num="6" count="6" type="stmt"/>
        <line num="8" count="6" type="stmt"/>
        <line num="9" count="6" type="stmt"/>
        <line num="11" count="6" type="stmt"/>
        <line num="12" count="6" type="stmt"/>
      </file>
    </package>
    <package name="src.models.AdjacencyList">
      <metrics statements="21" coveredstatements="21" conditionals="7" coveredconditionals="7" methods="11" coveredmethods="11"/>
      <file name="AdjacencyList.ts" path="/home/runner/work/JavaScriptGraph/JavaScriptGraph/src/models/AdjacencyList/AdjacencyList.ts">
        <metrics statements="21" coveredstatements="21" conditionals="7" coveredconditionals="7" methods="11" coveredmethods="11"/>
        <line num="2" count="13" type="stmt"/>
        <line num="5" count="13" type="stmt"/>
        <line num="9" count="146" type="stmt"/>
        <line num="13" count="601" type="stmt"/>
        <line num="17" count="531" type="stmt"/>
        <line num="21" count="1728" type="cond" truecount="4" falsecount="0"/>
        <line num="25" count="531" type="cond" truecount="1" falsecount="0"/>
        <line num="26" count="518" type="stmt"/>
        <line num="27" count="518" type="stmt"/>
        <line num="31" count="32" type="stmt"/>
        <line num="32" count="32" type="stmt"/>
        <line num="33" count="96" type="stmt"/>
        <line num="35" count="144" type="stmt"/>
        <line num="41" count="51" type="stmt"/>
        <line num="42" count="51" type="cond" truecount="1" falsecount="0"/>
        <line num="43" count="51" type="stmt"/>
        <line num="45" count="102" type="stmt"/>
        <line num="50" count="51" type="stmt"/>
        <line num="51" count="51" type="cond" truecount="1" falsecount="0"/>
        <line num="52" count="51" type="stmt"/>
        <line num="54" count="102" type="stmt"/>
      </file>
    </package>
    <package name="src.models.Edge">
      <metrics statements="3" coveredstatements="3" conditionals="0" coveredconditionals="0" methods="0" coveredmethods="0"/>
      <file name="index.ts" path="/home/runner/work/JavaScriptGraph/JavaScriptGraph/src/models/Edge/index.ts">
        <metrics statements="3" coveredstatements="3" conditionals="0" coveredconditionals="0" methods="0" coveredmethods="0"/>
        <line num="1" count="8" type="stmt"/>
        <line num="2" count="8" type="stmt"/>
        <line num="3" count="8" type="stmt"/>
      </file>
    </package>
    <package name="src.models.Edge.DirectedEdge">
      <metrics statements="9" coveredstatements="7" conditionals="4" coveredconditionals="2" methods="5" coveredmethods="3"/>
      <file name="DirectedEdge.ts" path="/home/runner/work/JavaScriptGraph/JavaScriptGraph/src/models/Edge/DirectedEdge/DirectedEdge.ts">
        <metrics statements="9" coveredstatements="7" conditionals="4" coveredconditionals="2" methods="5" coveredmethods="3"/>
        <line num="1" count="12" type="stmt"/>
        <line num="5" count="12" type="stmt"/>
        <line num="7" count="0" type="stmt"/>
        <line num="11" count="0" type="stmt"/>
        <line num="15" count="31077" type="stmt"/>
        <line num="19" count="30573" type="cond" truecount="0" falsecount="1"/>
        <line num="20" count="30573" type="cond" truecount="0" falsecount="1"/>
        <line num="22" count="30573" type="cond" truecount="2" falsecount="0"/>
        <line num="27" count="5294" type="stmt"/>
      </file>
    </package>
    <package name="src.models.Edge.Edge">
      <metrics statements="11" coveredstatements="11" conditionals="1" coveredconditionals="1" methods="5" coveredmethods="5"/>
      <file name="Edge.ts" path="/home/runner/work/JavaScriptGraph/JavaScriptGraph/src/models/Edge/Edge/Edge.ts">
        <metrics statements="11" coveredstatements="11" conditionals="1" coveredconditionals="1" methods="5" coveredmethods="5"/>
        <line num="4" count="13" type="stmt"/>
        <line num="9" count="795" type="stmt"/>
        <line num="10" count="795" type="stmt"/>
        <line num="14" count="10" type="stmt"/>
        <line num="15" count="10" type="stmt"/>
        <line num="16" count="10" type="stmt"/>
        <line num="20" count="449" type="stmt"/>
        <line num="21" count="449" type="cond" truecount="1" falsecount="0"/>
        <line num="23" count="149" type="stmt"/>
        <line num="32" count="18" type="stmt"/>
        <line num="34" count="432" type="stmt"/>
      </file>
    </package>
    <package name="src.models.Edge.UndirectedEdge">
      <metrics statements="7" coveredstatements="7" conditionals="6" coveredconditionals="4" methods="3" coveredmethods="3"/>
      <file name="UndirectedEdge.ts" path="/home/runner/work/JavaScriptGraph/JavaScriptGraph/src/models/Edge/UndirectedEdge/UndirectedEdge.ts">
        <metrics statements="7" coveredstatements="7" conditionals="6" coveredconditionals="4" methods="3" coveredmethods="3"/>
        <line num="1" count="12" type="stmt"/>
        <line num="5" count="12" type="stmt"/>
        <line num="7" count="31029" type="stmt"/>
        <line num="11" count="30704" type="cond" truecount="0" falsecount="1"/>
        <line num="12" count="30704" type="cond" truecount="0" falsecount="1"/>
        <line num="14" count="30704" type="stmt"/>
        <line num="22" count="2830" type="stmt"/>
      </file>
    </package>
    <package name="src.models.Graph">
      <metrics statements="147" coveredstatements="145" conditionals="46" coveredconditionals="43" methods="54" coveredmethods="53"/>
      <file name="Graph.ts" path="/home/runner/work/JavaScriptGraph/JavaScriptGraph/src/models/Graph/Graph.ts">
        <metrics statements="147" coveredstatements="145" conditionals="46" coveredconditionals="43" methods="54" coveredmethods="53"/>
        <line num="1" count="13" type="stmt"/>
        <line num="4" count="13" type="stmt"/>
        <line num="5" count="13" type="stmt"/>
        <line num="6" count="13" type="stmt"/>
        <line num="7" count="13" type="stmt"/>
        <line num="8" count="13" type="stmt"/>
        <line num="9" count="13" type="stmt"/>
        <line num="10" count="13" type="stmt"/>
        <line num="17" count="13" type="stmt"/>
        <line num="36" count="146" type="stmt"/>
        <line num="37" count="146" type="stmt"/>
        <line num="38" count="146" type="stmt"/>
        <line num="39" count="146" type="stmt"/>
        <line num="41" count="146" type="stmt"/>
        <line num="51" count="231" type="stmt"/>
        <line num="52" count="231" type="stmt"/>
        <line num="54" count="659" type="stmt"/>
        <line num="55" count="357" type="stmt"/>
        <line num="57" count="231" type="stmt"/>
        <line num="59" count="231" type="stmt"/>
        <line num="60" count="601" type="stmt"/>
        <line num="61" count="601" type="stmt"/>
        <line num="64" count="231" type="stmt"/>
        <line num="74" count="32" type="stmt"/>
        <line num="75" count="32" type="stmt"/>
        <line num="77" count="32" type="stmt"/>
        <line num="78" count="128" type="stmt"/>
        <line num="80" count="32" type="stmt"/>
        <line num="81" count="32" type="stmt"/>
        <line num="82" count="128" type="stmt"/>
        <line num="83" count="32" type="stmt"/>
        <line num="84" count="96" type="cond" truecount="2" falsecount="0"/>
        <line num="87" count="32" type="stmt"/>
        <line num="89" count="32" type="stmt"/>
        <line num="92" count="32" type="stmt"/>
        <line num="105" count="216" type="stmt"/>
        <line num="106" count="216" type="stmt"/>
        <line num="108" count="535" type="stmt"/>
        <line num="109" count="545" type="stmt"/>
        <line num="111" count="216" type="stmt"/>
        <line num="113" count="216" type="cond" truecount="2" falsecount="0"/>
        <line num="114" count="463" type="stmt"/>
        <line num="115" count="68" type="stmt"/>
        <line num="117" count="216" type="stmt"/>
        <line num="118" count="531" type="stmt"/>
        <line num="120" count="531" type="stmt"/>
        <line num="121" count="531" type="stmt"/>
        <line num="123" count="531" type="cond" truecount="1" falsecount="0"/>
        <line num="124" count="162" type="stmt"/>
        <line num="128" count="216" type="stmt"/>
        <line num="138" count="76" type="stmt"/>
        <line num="139" count="76" type="stmt"/>
        <line num="141" count="97" type="stmt"/>
        <line num="142" count="228" type="stmt"/>
        <line num="144" count="76" type="stmt"/>
        <line num="145" count="76" type="stmt"/>
        <line num="146" count="153" type="stmt"/>
        <line num="148" count="51" type="stmt"/>
        <line num="149" count="51" type="cond" truecount="1" falsecount="0"/>
        <line num="150" count="27" type="stmt"/>
        <line num="152" count="51" type="stmt"/>
        <line num="155" count="76" type="stmt"/>
        <line num="164" count="0" type="stmt"/>
        <line num="173" count="81" type="stmt"/>
        <line num="174" count="81" type="stmt"/>
        <line num="175" count="81" type="stmt"/>
        <line num="179" count="81" type="cond" truecount="2" falsecount="0"/>
        <line num="180" count="30" type="stmt"/>
        <line num="181" count="30" type="stmt"/>
        <line num="182" count="80" type="stmt"/>
        <line num="185" count="51" type="stmt"/>
        <line num="186" count="144" type="cond" truecount="1" falsecount="0"/>
        <line num="188" count="144" type="cond" truecount="3" falsecount="0"/>
        <line num="192" count="81" type="stmt"/>
        <line num="193" count="81" type="stmt"/>
        <line num="195" count="81" type="stmt"/>
        <line num="204" count="3" type="stmt"/>
        <line num="205" count="34" type="cond" truecount="2" falsecount="0"/>
        <line num="216" count="3" type="stmt"/>
        <line num="217" count="34" type="cond" truecount="1" falsecount="0"/>
        <line num="218" count="20" type="stmt"/>
        <line num="221" count="14" type="cond" truecount="2" falsecount="0"/>
        <line num="232" count="3" type="stmt"/>
        <line num="233" count="34" type="cond" truecount="1" falsecount="0"/>
        <line num="234" count="20" type="stmt"/>
        <line num="237" count="14" type="cond" truecount="2" falsecount="0"/>
        <line num="248" count="10" type="stmt"/>
        <line num="250" count="30" type="cond" truecount="5" falsecount="0"/>
        <line num="264" count="4" type="stmt"/>
        <line num="265" count="10" type="stmt"/>
        <line num="268" count="4" type="stmt"/>
        <line num="277" count="1" type="stmt"/>
        <line num="278" count="5" type="stmt"/>
        <line num="289" count="4" type="stmt"/>
        <line num="290" count="20" type="stmt"/>
        <line num="293" count="4" type="cond" truecount="1" falsecount="1"/>
        <line num="294" count="4" type="stmt"/>
        <line num="295" count="4" type="cond" truecount="1" falsecount="1"/>
        <line num="297" count="4" type="stmt"/>
        <line num="298" count="4" type="stmt"/>
        <line num="301" count="0" type="stmt"/>
        <line num="304" count="4" type="stmt"/>
        <line num="306" count="4" type="cond" truecount="1" falsecount="0"/>
        <line num="307" count="4" type="stmt"/>
        <line num="309" count="4" type="stmt"/>
        <line num="310" count="4" type="stmt"/>
        <line num="312" count="86" type="stmt"/>
        <line num="313" count="23" type="stmt"/>
        <line num="314" count="23" type="cond" truecount="2" falsecount="0"/>
        <line num="315" count="9" type="stmt"/>
        <line num="316" count="9" type="stmt"/>
        <line num="317" count="9" type="stmt"/>
        <line num="318" count="36" type="cond" truecount="1" falsecount="0"/>
        <line num="319" count="9" type="stmt"/>
        <line num="320" count="9" type="stmt"/>
        <line num="323" count="14" type="cond" truecount="2" falsecount="0"/>
        <line num="324" count="10" type="stmt"/>
        <line num="325" count="10" type="cond" truecount="2" falsecount="0"/>
        <line num="326" count="7" type="stmt"/>
        <line num="328" count="4" type="stmt"/>
        <line num="332" count="23" type="cond" truecount="0" falsecount="1"/>
        <line num="334" count="23" type="cond" truecount="1" falsecount="0"/>
        <line num="335" count="20" type="stmt"/>
        <line num="336" count="20" type="stmt"/>
        <line num="337" count="20" type="stmt"/>
        <line num="338" count="20" type="stmt"/>
        <line num="340" count="20" type="stmt"/>
        <line num="342" count="20" type="stmt"/>
        <line num="343" count="20" type="stmt"/>
        <line num="359" count="12" type="stmt"/>
        <line num="361" count="2" type="stmt"/>
        <line num="362" count="2" type="stmt"/>
        <line num="364" count="2" type="stmt"/>
        <line num="365" count="30" type="cond" truecount="1" falsecount="0"/>
        <line num="369" count="10" type="stmt"/>
        <line num="372" count="2" type="stmt"/>
        <line num="376" count="2" type="stmt"/>
        <line num="383" count="131" type="stmt"/>
        <line num="390" count="169" type="stmt"/>
        <line num="397" count="200" type="stmt"/>
        <line num="404" count="647" type="stmt"/>
        <line num="411" count="77" type="stmt"/>
        <line num="421" count="216" type="stmt"/>
        <line num="432" count="463" type="stmt"/>
        <line num="433" count="463" type="stmt"/>
        <line num="444" count="940" type="cond" truecount="1" falsecount="0"/>
        <line num="456" count="3064" type="stmt"/>
      </file>
    </package>
    <package name="src.models.Graph.algorithms">
      <metrics statements="29" coveredstatements="29" conditionals="21" coveredconditionals="17" methods="6" coveredmethods="6"/>
      <file name="TarjanStronglyConnectedComponentsAlgorithm.ts" path="/home/runner/work/JavaScriptGraph/JavaScriptGraph/src/models/Graph/algorithms/TarjanStronglyConnectedComponentsAlgorithm.ts">
        <metrics statements="28" coveredstatements="28" conditionals="21" coveredconditionals="17" methods="6" coveredmethods="6"/>
        <line num="3" count="13" type="stmt"/>
        <line num="5" count="13" type="stmt"/>
        <line num="7" count="2" type="stmt"/>
        <line num="9" count="2" type="stmt"/>
        <line num="10" count="2" type="stmt"/>
        <line num="11" count="2" type="stmt"/>
        <line num="12" count="2" type="stmt"/>
        <line num="14" count="2" type="stmt"/>
        <line num="27" count="2" type="stmt"/>
        <line num="29" count="2" type="stmt"/>
        <line num="30" count="11" type="cond" truecount="1" falsecount="0"/>
        <line num="33" count="2" type="stmt"/>
        <line num="37" count="11" type="stmt"/>
        <line num="38" count="11" type="stmt"/>
        <line num="39" count="11" type="stmt"/>
        <line num="40" count="11" type="stmt"/>
        <line num="41" count="11" type="stmt"/>
        <line num="42" count="13" type="cond" truecount="2" falsecount="0"/>
        <line num="43" count="6" type="stmt"/>
        <line num="44" count="6" type="stmt"/>
        <line num="48" count="9" type="cond" truecount="1" falsecount="0"/>
        <line num="49" count="5" type="stmt"/>
        <line num="56" count="11" type="cond" truecount="1" falsecount="0"/>
        <line num="57" count="5" type="stmt"/>
        <line num="59" count="5" type="stmt"/>
        <line num="60" count="11" type="stmt"/>
        <line num="61" count="11" type="stmt"/>
        <line num="63" count="5" type="stmt"/>
      </file>
      <file name="index.ts" path="/home/runner/work/JavaScriptGraph/JavaScriptGraph/src/models/Graph/algorithms/index.ts">
        <metrics statements="1" coveredstatements="1" conditionals="0" coveredconditionals="0" methods="0" coveredmethods="0"/>
        <line num="1" count="13" type="stmt"/>
      </file>
    </package>
    <package name="src.models.Matrix">
      <metrics statements="25" coveredstatements="25" conditionals="4" coveredconditionals="4" methods="9" coveredmethods="9"/>
      <file name="AdjacencyMatrix.ts" path="/home/runner/work/JavaScriptGraph/JavaScriptGraph/src/models/Matrix/AdjacencyMatrix.ts">
        <metrics statements="11" coveredstatements="11" conditionals="1" coveredconditionals="1" methods="4" coveredmethods="4"/>
        <line num="2" count="13" type="stmt"/>
        <line num="5" count="13" type="stmt"/>
        <line num="7" count="150" type="stmt"/>
        <line num="11" count="4" type="stmt"/>
        <line num="13" count="4" type="stmt"/>
        <line num="14" count="10" type="stmt"/>
        <line num="15" count="10" type="cond" truecount="1" falsecount="0"/>
        <line num="16" count="3" type="stmt"/>
        <line num="20" count="4" type="stmt"/>
        <line num="24" count="32" type="stmt"/>
        <line num="25" count="32" type="stmt"/>
      </file>
      <file name="Matrix.ts" path="/home/runner/work/JavaScriptGraph/JavaScriptGraph/src/models/Matrix/Matrix.ts">
        <metrics statements="14" coveredstatements="14" conditionals="3" coveredconditionals="3" methods="5" coveredmethods="5"/>
        <line num="1" count="13" type="stmt"/>
        <line num="3" count="13" type="stmt"/>
        <line num="5" count="150" type="stmt"/>
        <line num="8" count="150" type="stmt"/>
        <line num="12" count="784" type="cond" truecount="1" falsecount="0"/>
        <line num="14" count="784" type="stmt"/>
        <line num="18" count="702" type="stmt"/>
        <line num="19" count="702" type="cond" truecount="1" falsecount="0"/>
        <line num="21" count="425" type="stmt"/>
        <line num="22" count="425" type="cond" truecount="1" falsecount="0"/>
        <line num="24" count="177" type="stmt"/>
        <line num="28" count="32" type="stmt"/>
        <line num="32" count="32" type="stmt"/>
        <line num="33" count="48" type="stmt"/>
      </file>
    </package>
    <package name="src.models.Vertex.NamedVertex">
      <metrics statements="8" coveredstatements="8" conditionals="2" coveredconditionals="2" methods="4" coveredmethods="4"/>
      <file name="NamedVertex.ts" path="/home/runner/work/JavaScriptGraph/JavaScriptGraph/src/models/Vertex/NamedVertex/NamedVertex.ts">
        <metrics statements="8" coveredstatements="8" conditionals="2" coveredconditionals="2" methods="4" coveredmethods="4"/>
        <line num="1" count="16" type="stmt"/>
        <line num="2" count="16" type="stmt"/>
        <line num="4" count="16" type="stmt"/>
        <line num="8" count="3238" type="stmt"/>
        <line num="9" count="3238" type="stmt"/>
        <line num="13" count="1358" type="stmt"/>
        <line num="17" count="125429" type="cond" truecount="2" falsecount="0"/>
        <line num="21" count="30747" type="stmt"/>
      </file>
    </package>
    <package name="src.models.Vertex.Vertex">
      <metrics statements="3" coveredstatements="3" conditionals="0" coveredconditionals="0" methods="2" coveredmethods="1"/>
      <file name="Vertex.ts" path="/home/runner/work/JavaScriptGraph/JavaScriptGraph/src/models/Vertex/Vertex/Vertex.ts">
        <metrics statements="3" coveredstatements="3" conditionals="0" coveredconditionals="0" methods="2" coveredmethods="1"/>
        <line num="3" count="16" type="stmt"/>
        <line num="10" count="16" type="stmt"/>
        <line num="12" count="777" type="stmt"/>
      </file>
    </package>
    <package name="testUtil">
      <metrics statements="19" coveredstatements="19" conditionals="0" coveredconditionals="0" methods="8" coveredmethods="8"/>
      <file name="expectEdgeListsAreEqual.ts" path="/home/runner/work/JavaScriptGraph/JavaScriptGraph/testUtil/expectEdgeListsAreEqual.ts">
        <metrics statements="5" coveredstatements="5" conditionals="0" coveredconditionals="0" methods="1" coveredmethods="1"/>
        <line num="3" count="4" type="stmt"/>
        <line num="5" count="4" type="stmt"/>
        <line num="6" count="47" type="stmt"/>
        <line num="7" count="47" type="stmt"/>
        <line num="8" count="47" type="stmt"/>
      </file>
      <file name="expectVerticesListsAreEqual.ts" path="/home/runner/work/JavaScriptGraph/JavaScriptGraph/testUtil/expectVerticesListsAreEqual.ts">
        <metrics statements="5" coveredstatements="5" conditionals="0" coveredconditionals="0" methods="1" coveredmethods="1"/>
        <line num="1" count="7" type="stmt"/>
        <line num="3" count="7" type="stmt"/>
        <line num="4" count="256" type="stmt"/>
        <line num="5" count="256" type="stmt"/>
        <line num="6" count="256" type="stmt"/>
      </file>
      <file name="generationFromSimplerDatastructure.ts" path="/home/runner/work/JavaScriptGraph/JavaScriptGraph/testUtil/generationFromSimplerDatastructure.ts">
        <metrics statements="9" coveredstatements="9" conditionals="0" coveredconditionals="0" methods="6" coveredmethods="6"/>
        <line num="1" count="6" type="stmt"/>
        <line num="3" count="6" type="stmt"/>
        <line num="4" count="96" type="stmt"/>
        <line num="5" count="304" type="stmt"/>
        <line num="8" count="6" type="stmt"/>
        <line num="9" count="39" type="stmt"/>
        <line num="10" count="118" type="stmt"/>
        <line num="14" count="6" type="stmt"/>
        <line num="15" count="1509" type="stmt"/>
      </file>
    </package>
  </project>
</coverage>
