TN:
SF:src/index.ts
FNF:0
FNH:0
DA:1,6
DA:2,6
DA:3,6
DA:4,6
LF:4
LH:4
BRF:0
BRH:0
end_of_record
TN:
SF:src/Errors/VertexNotFoundError.ts
FN:4,(anonymous_0)
FNF:1
FNH:1
FNDA:1,(anonymous_0)
DA:3,13
DA:5,1
LF:2
LH:2
BRF:0
BRH:0
end_of_record
TN:
SF:src/Errors/index.ts
FNF:0
FNH:0
DA:1,13
LF:1
LH:1
BRF:0
BRH:0
end_of_record
TN:
SF:src/Parser/index.ts
FNF:0
FNH:0
DA:1,6
LF:1
LH:1
BRF:0
BRH:0
end_of_record
TN:
SF:src/Parser/SimpleGDFParser/SimpleGDFParser.ts
FN:7,(anonymous_0)
FN:12,(anonymous_1)
FN:21,(anonymous_2)
FN:50,(anonymous_3)
FNF:4
FNH:4
FNDA:5,(anonymous_0)
FNDA:5,(anonymous_1)
FNDA:135,(anonymous_2)
FNDA:5,(anonymous_3)
DA:2,6
DA:3,6
DA:4,6
DA:7,6
DA:8,5
DA:9,5
DA:10,5
DA:13,5
DA:14,5
DA:15,125
DA:18,5
DA:22,135
DA:23,135
DA:24,0
DA:27,135
DA:28,5
DA:29,5
DA:32,130
DA:33,5
DA:34,5
DA:37,125
DA:38,50
DA:39,50
DA:42,125
DA:43,75
DA:44,75
DA:47,125
DA:51,5
DA:53,5
DA:57,6
LF:30
LH:29
BRDA:23,0,0,0
BRDA:27,1,0,5
BRDA:32,2,0,5
BRDA:37,3,0,50
BRDA:42,4,0,75
BRF:5
BRH:4
end_of_record
TN:
SF:src/assets/index.ts
FNF:0
FNH:0
DA:1,6
LF:1
LH:1
BRF:0
BRH:0
end_of_record
TN:
SF:src/assets/FamousGraphs/PetersonGraph.gdf.ts
FNF:0
FNH:0
DA:1,6
LF:1
LH:1
BRF:0
BRH:0
end_of_record
TN:
SF:src/models/index.ts
FNF:0
FNH:0
DA:1,6
DA:3,6
DA:5,6
DA:6,6
DA:8,6
DA:9,6
DA:11,6
DA:12,6
LF:8
LH:8
BRF:0
BRH:0
end_of_record
TN:
SF:src/models/AdjacencyList/AdjacencyList.ts
FN:8,(anonymous_0)
FN:12,(anonymous_1)
FN:16,(anonymous_2)
FN:17,(anonymous_3)
FN:20,(anonymous_4)
FN:24,(anonymous_5)
FN:30,(anonymous_6)
FN:35,(anonymous_7)
FN:40,(anonymous_8)
FN:45,(anonymous_9)
FN:54,(anonymous_10)
FNF:11
FNH:11
FNDA:146,(anonymous_0)
FNDA:601,(anonymous_1)
FNDA:531,(anonymous_2)
FNDA:502,(anonymous_3)
FNDA:1728,(anonymous_4)
FNDA:531,(anonymous_5)
FNDA:32,(anonymous_6)
FNDA:144,(anonymous_7)
FNDA:51,(anonymous_8)
FNDA:102,(anonymous_9)
FNDA:102,(anonymous_10)
DA:2,13
DA:5,13
DA:9,146
DA:13,601
DA:17,531
DA:21,1728
DA:25,531
DA:26,518
DA:27,518
DA:31,32
DA:32,32
DA:33,96
DA:35,144
DA:41,51
DA:42,51
DA:43,51
DA:45,102
DA:50,51
DA:51,51
DA:52,51
DA:54,102
LF:21
LH:21
BRDA:21,0,0,1720
BRDA:21,0,1,8
BRDA:21,1,0,1728
BRDA:21,1,1,1728
BRDA:25,2,0,13
BRDA:42,3,0,51
BRDA:51,4,0,51
BRF:7
BRH:7
end_of_record
TN:
SF:src/models/Edge/index.ts
FNF:0
FNH:0
DA:1,8
DA:2,8
DA:3,8
LF:3
LH:3
BRF:0
BRH:0
end_of_record
TN:
SF:src/models/Edge/DirectedEdge/DirectedEdge.ts
FN:6,(anonymous_0)
FN:10,(anonymous_1)
FN:14,(anonymous_2)
FN:18,(anonymous_3)
FN:25,(anonymous_4)
FNF:5
FNH:3
FNDA:0,(anonymous_0)
FNDA:0,(anonymous_1)
FNDA:31077,(anonymous_2)
FNDA:30573,(anonymous_3)
FNDA:5294,(anonymous_4)
DA:1,12
DA:5,12
DA:7,0
DA:11,0
DA:15,31077
DA:19,30573
DA:20,30573
DA:22,30573
DA:27,5294
LF:9
LH:7
BRDA:19,0,0,0
BRDA:20,1,0,0
BRDA:22,2,0,30573
BRDA:22,2,1,3837
BRF:4
BRH:2
end_of_record
TN:
SF:src/models/Edge/Edge/Edge.ts
FN:8,(anonymous_0)
FN:13,(anonymous_1)
FN:19,(anonymous_2)
FN:32,(anonymous_3)
FN:34,(anonymous_4)
FNF:5
FNH:5
FNDA:795,(anonymous_0)
FNDA:10,(anonymous_1)
FNDA:449,(anonymous_2)
FNDA:18,(anonymous_3)
FNDA:432,(anonymous_4)
DA:4,13
DA:9,795
DA:10,795
DA:14,10
DA:15,10
DA:16,10
DA:20,449
DA:21,449
DA:23,149
DA:32,18
DA:34,432
LF:11
LH:11
BRDA:21,0,0,300
BRF:1
BRH:1
end_of_record
TN:
SF:src/models/Edge/UndirectedEdge/UndirectedEdge.ts
FN:6,(anonymous_0)
FN:10,(anonymous_1)
FN:20,(anonymous_2)
FNF:3
FNH:3
FNDA:31029,(anonymous_0)
FNDA:30704,(anonymous_1)
FNDA:2830,(anonymous_2)
DA:1,12
DA:5,12
DA:7,31029
DA:11,30704
DA:12,30704
DA:14,30704
DA:22,2830
LF:7
LH:7
BRDA:11,0,0,0
BRDA:12,1,0,0
BRDA:15,2,0,30704
BRDA:15,2,1,3854
BRDA:15,2,2,28561
BRDA:15,2,3,3525
BRF:6
BRH:4
end_of_record
TN:
SF:src/models/Graph/Graph.ts
FN:35,(anonymous_0)
FN:50,(anonymous_1)
FN:54,(anonymous_2)
FN:55,(anonymous_3)
FN:59,(anonymous_4)
FN:73,(anonymous_5)
FN:77,(anonymous_6)
FN:78,(anonymous_7)
FN:81,(anonymous_8)
FN:82,(anonymous_9)
FN:84,(anonymous_10)
FN:104,(anonymous_11)
FN:108,(anonymous_12)
FN:109,(anonymous_13)
FN:114,(anonymous_14)
FN:115,(anonymous_15)
FN:117,(anonymous_16)
FN:137,(anonymous_17)
FN:141,(anonymous_18)
FN:142,(anonymous_19)
FN:145,(anonymous_20)
FN:146,(anonymous_21)
FN:163,(anonymous_22)
FN:172,(anonymous_23)
FN:181,(anonymous_24)
FN:185,(anonymous_25)
FN:193,(anonymous_26)
FN:203,(anonymous_27)
FN:204,(anonymous_28)
FN:215,(anonymous_29)
FN:216,(anonymous_30)
FN:231,(anonymous_31)
FN:232,(anonymous_32)
FN:247,(anonymous_33)
FN:249,(anonymous_34)
FN:263,(anonymous_35)
FN:264,(anonymous_36)
FN:271,(anonymous_37)
FN:281,(anonymous_38)
FN:312,(anonymous_39)
FN:358,(anonymous_40)
FN:359,(anonymous_41)
FN:364,(anonymous_42)
FN:375,(anonymous_43)
FN:382,(anonymous_44)
FN:389,(anonymous_45)
FN:396,(anonymous_46)
FN:403,(anonymous_47)
FN:410,(anonymous_48)
FN:420,(anonymous_49)
FN:431,(anonymous_50)
FN:443,(anonymous_51)
FN:455,(anonymous_52)
FN:456,(anonymous_53)
FNF:54
FNH:53
FNDA:146,(anonymous_0)
FNDA:231,(anonymous_1)
FNDA:659,(anonymous_2)
FNDA:357,(anonymous_3)
FNDA:601,(anonymous_4)
FNDA:32,(anonymous_5)
FNDA:32,(anonymous_6)
FNDA:128,(anonymous_7)
FNDA:32,(anonymous_8)
FNDA:128,(anonymous_9)
FNDA:96,(anonymous_10)
FNDA:216,(anonymous_11)
FNDA:535,(anonymous_12)
FNDA:545,(anonymous_13)
FNDA:463,(anonymous_14)
FNDA:68,(anonymous_15)
FNDA:531,(anonymous_16)
FNDA:76,(anonymous_17)
FNDA:97,(anonymous_18)
FNDA:228,(anonymous_19)
FNDA:51,(anonymous_20)
FNDA:153,(anonymous_21)
FNDA:0,(anonymous_22)
FNDA:81,(anonymous_23)
FNDA:80,(anonymous_24)
FNDA:144,(anonymous_25)
FNDA:63,(anonymous_26)
FNDA:3,(anonymous_27)
FNDA:34,(anonymous_28)
FNDA:3,(anonymous_29)
FNDA:34,(anonymous_30)
FNDA:3,(anonymous_31)
FNDA:34,(anonymous_32)
FNDA:10,(anonymous_33)
FNDA:30,(anonymous_34)
FNDA:4,(anonymous_35)
FNDA:10,(anonymous_36)
FNDA:1,(anonymous_37)
FNDA:4,(anonymous_38)
FNDA:86,(anonymous_39)
FNDA:2,(anonymous_40)
FNDA:12,(anonymous_41)
FNDA:30,(anonymous_42)
FNDA:2,(anonymous_43)
FNDA:131,(anonymous_44)
FNDA:169,(anonymous_45)
FNDA:200,(anonymous_46)
FNDA:647,(anonymous_47)
FNDA:77,(anonymous_48)
FNDA:216,(anonymous_49)
FNDA:463,(anonymous_50)
FNDA:940,(anonymous_51)
FNDA:990,(anonymous_52)
FNDA:3064,(anonymous_53)
DA:1,13
DA:4,13
DA:5,13
DA:6,13
DA:7,13
DA:8,13
DA:9,13
DA:10,13
DA:17,13
DA:36,146
DA:37,146
DA:38,146
DA:39,146
DA:41,146
DA:51,231
DA:52,231
DA:54,659
DA:55,357
DA:57,231
DA:59,231
DA:60,601
DA:61,601
DA:64,231
DA:74,32
DA:75,32
DA:77,32
DA:78,128
DA:80,32
DA:81,32
DA:82,128
DA:83,32
DA:84,96
DA:87,32
DA:89,32
DA:92,32
DA:105,216
DA:106,216
DA:108,535
DA:109,545
DA:111,216
DA:113,216
DA:114,463
DA:115,68
DA:117,216
DA:118,531
DA:120,531
DA:121,531
DA:123,531
DA:124,162
DA:128,216
DA:138,76
DA:139,76
DA:141,97
DA:142,228
DA:144,76
DA:145,76
DA:146,153
DA:148,51
DA:149,51
DA:150,27
DA:152,51
DA:155,76
DA:164,0
DA:173,81
DA:174,81
DA:175,81
DA:179,81
DA:180,30
DA:181,30
DA:182,80
DA:185,51
DA:186,144
DA:188,144
DA:192,81
DA:193,81
DA:195,81
DA:204,3
DA:205,34
DA:216,3
DA:217,34
DA:218,20
DA:221,14
DA:232,3
DA:233,34
DA:234,20
DA:237,14
DA:248,10
DA:250,30
DA:264,4
DA:265,10
DA:268,4
DA:277,1
DA:278,5
DA:289,4
DA:290,20
DA:293,4
DA:294,4
DA:295,4
DA:297,4
DA:298,4
DA:301,0
DA:304,4
DA:306,4
DA:307,4
DA:309,4
DA:310,4
DA:312,86
DA:313,23
DA:314,23
DA:315,9
DA:316,9
DA:317,9
DA:318,36
DA:319,9
DA:320,9
DA:323,14
DA:324,10
DA:325,10
DA:326,7
DA:328,4
DA:332,23
DA:334,23
DA:335,20
DA:336,20
DA:337,20
DA:338,20
DA:340,20
DA:342,20
DA:343,20
DA:359,12
DA:361,2
DA:362,2
DA:364,2
DA:365,30
DA:369,10
DA:372,2
DA:376,2
DA:383,131
DA:390,169
DA:397,200
DA:404,647
DA:411,77
DA:421,216
DA:432,463
DA:433,463
DA:444,940
DA:456,3064
LF:147
LH:145
BRDA:35,0,0,20
BRDA:84,1,0,96
BRDA:84,1,1,72
BRDA:113,2,0,186
BRDA:113,2,1,30
BRDA:123,3,0,162
BRDA:149,4,0,27
BRDA:179,5,0,30
BRDA:179,5,1,51
BRDA:186,6,0,28
BRDA:188,7,0,17
BRDA:188,8,0,144
BRDA:188,8,1,89
BRDA:205,9,0,34
BRDA:205,9,1,22
BRDA:217,10,0,20
BRDA:221,11,0,14
BRDA:221,11,1,8
BRDA:233,12,0,20
BRDA:237,13,0,14
BRDA:237,13,1,8
BRDA:250,14,0,30
BRDA:250,14,1,8
BRDA:250,14,2,23
BRDA:250,14,3,8
BRDA:250,14,4,2
BRDA:275,15,0,1
BRDA:283,16,0,3
BRDA:293,17,0,4
BRDA:293,17,1,0
BRDA:295,18,0,0
BRDA:295,18,1,4
BRDA:306,19,0,4
BRDA:314,20,0,9
BRDA:314,20,1,14
BRDA:318,21,0,9
BRDA:323,22,0,10
BRDA:323,22,1,4
BRDA:325,23,0,3
BRDA:325,23,1,7
BRDA:332,24,0,0
BRDA:334,25,0,20
BRDA:365,26,0,10
BRDA:366,27,0,30
BRDA:366,27,1,20
BRDA:444,28,0,1
BRF:46
BRH:43
end_of_record
TN:
SF:src/models/Graph/algorithms/TarjanStronglyConnectedComponentsAlgorithm.ts
FN:6,(anonymous_0)
FN:26,(anonymous_1)
FN:29,(anonymous_2)
FN:36,(anonymous_3)
FN:41,(anonymous_4)
FN:48,(anonymous_5)
FNF:6
FNH:6
FNDA:2,(anonymous_0)
FNDA:2,(anonymous_1)
FNDA:11,(anonymous_2)
FNDA:11,(anonymous_3)
FNDA:13,(anonymous_4)
FNDA:9,(anonymous_5)
DA:3,13
DA:5,13
DA:7,2
DA:9,2
DA:10,2
DA:11,2
DA:12,2
DA:14,2
DA:27,2
DA:29,2
DA:30,11
DA:33,2
DA:37,11
DA:38,11
DA:39,11
DA:40,11
DA:41,11
DA:42,13
DA:43,6
DA:44,6
DA:48,9
DA:49,5
DA:56,11
DA:57,5
DA:59,5
DA:60,11
DA:61,11
DA:63,5
LF:28
LH:28
BRDA:30,0,0,5
BRDA:42,1,0,6
BRDA:42,1,1,7
BRDA:46,2,0,6
BRDA:46,2,1,0
BRDA:46,3,0,6
BRDA:46,3,1,6
BRDA:46,4,0,6
BRDA:46,4,1,0
BRDA:46,5,0,6
BRDA:46,5,1,6
BRDA:48,6,0,5
BRDA:51,7,0,5
BRDA:51,7,1,0
BRDA:51,8,0,5
BRDA:51,8,1,5
BRDA:51,9,0,5
BRDA:51,9,1,0
BRDA:51,10,0,5
BRDA:51,10,1,5
BRDA:56,11,0,5
BRF:21
BRH:17
end_of_record
TN:
SF:src/models/Graph/algorithms/index.ts
FNF:0
FNH:0
DA:1,13
LF:1
LH:1
BRF:0
BRH:0
end_of_record
TN:
SF:src/models/Matrix/AdjacencyMatrix.ts
FN:6,(anonymous_0)
FN:10,(anonymous_1)
FN:13,(anonymous_2)
FN:23,(anonymous_3)
FNF:4
FNH:4
FNDA:150,(anonymous_0)
FNDA:4,(anonymous_1)
FNDA:10,(anonymous_2)
FNDA:32,(anonymous_3)
DA:2,13
DA:5,13
DA:7,150
DA:11,4
DA:13,4
DA:14,10
DA:15,10
DA:16,3
DA:20,4
DA:24,32
DA:25,32
LF:11
LH:11
BRDA:15,0,0,3
BRF:1
BRH:1
end_of_record
TN:
SF:src/models/Matrix/Matrix.ts
FN:7,(anonymous_0)
FN:11,(anonymous_1)
FN:17,(anonymous_2)
FN:27,(anonymous_3)
FN:31,(anonymous_4)
FNF:5
FNH:5
FNDA:150,(anonymous_0)
FNDA:784,(anonymous_1)
FNDA:702,(anonymous_2)
FNDA:32,(anonymous_3)
FNDA:32,(anonymous_4)
DA:1,13
DA:3,13
DA:5,150
DA:8,150
DA:12,784
DA:14,784
DA:18,702
DA:19,702
DA:21,425
DA:22,425
DA:24,177
DA:28,32
DA:32,32
DA:33,48
LF:14
LH:14
BRDA:12,0,0,414
BRDA:19,1,0,277
BRDA:22,2,0,248
BRF:3
BRH:3
end_of_record
TN:
SF:src/models/Vertex/NamedVertex/NamedVertex.ts
FN:7,(anonymous_0)
FN:12,(anonymous_1)
FN:16,(anonymous_2)
FN:20,(anonymous_3)
FNF:4
FNH:4
FNDA:3238,(anonymous_0)
FNDA:1358,(anonymous_1)
FNDA:125429,(anonymous_2)
FNDA:30747,(anonymous_3)
DA:1,16
DA:2,16
DA:4,16
DA:8,3238
DA:9,3238
DA:13,1358
DA:17,125429
DA:21,30747
LF:8
LH:8
BRDA:17,0,0,125429
BRDA:17,0,1,125417
BRF:2
BRH:2
end_of_record
TN:
SF:src/models/Vertex/Vertex/Vertex.ts
FN:10,(anonymous_0)
FN:12,(anonymous_1)
FNF:2
FNH:1
FNDA:0,(anonymous_0)
FNDA:777,(anonymous_1)
DA:3,16
DA:10,16
DA:12,777
LF:3
LH:3
BRF:0
BRH:0
end_of_record
TN:
SF:testUtil/expectEdgeListsAreEqual.ts
FN:5,(anonymous_0)
FNF:1
FNH:1
FNDA:47,(anonymous_0)
DA:3,4
DA:5,4
DA:6,47
DA:7,47
DA:8,47
LF:5
LH:5
BRF:0
BRH:0
end_of_record
TN:
SF:testUtil/expectVerticesListsAreEqual.ts
FN:3,(anonymous_0)
FNF:1
FNH:1
FNDA:256,(anonymous_0)
DA:1,7
DA:3,7
DA:4,256
DA:5,256
DA:6,256
LF:5
LH:5
BRF:0
BRH:0
end_of_record
TN:
SF:testUtil/generationFromSimplerDatastructure.ts
FN:3,(anonymous_0)
FN:5,(anonymous_1)
FN:8,(anonymous_2)
FN:10,(anonymous_3)
FN:14,(anonymous_4)
FN:15,(anonymous_5)
FNF:6
FNH:6
FNDA:96,(anonymous_0)
FNDA:304,(anonymous_1)
FNDA:39,(anonymous_2)
FNDA:118,(anonymous_3)
FNDA:423,(anonymous_4)
FNDA:1509,(anonymous_5)
DA:1,6
DA:3,6
DA:4,96
DA:5,304
DA:8,6
DA:9,39
DA:10,118
DA:14,6
DA:15,1509
LF:9
LH:9
BRF:0
BRH:0
end_of_record
