TN:
SF:src/index.ts
FNF:0
FNH:0
DA:1,6
DA:2,6
DA:3,6
DA:4,6
LF:4
LH:4
BRF:0
BRH:0
end_of_record
TN:
SF:src/Errors/VertexNotFoundError.ts
FN:4,(anonymous_0)
FNF:1
FNH:1
FNDA:1,(anonymous_0)
DA:3,14
DA:5,1
LF:2
LH:2
BRF:0
BRH:0
end_of_record
TN:
SF:src/Errors/index.ts
FNF:0
FNH:0
DA:1,14
LF:1
LH:1
BRF:0
BRH:0
end_of_record
TN:
SF:src/Parser/index.ts
FNF:0
FNH:0
DA:1,6
LF:1
LH:1
BRF:0
BRH:0
end_of_record
TN:
SF:src/Parser/SimpleGDFParser/SimpleGDFParser.ts
FN:7,(anonymous_0)
FN:12,(anonymous_1)
FN:21,(anonymous_2)
FN:50,(anonymous_3)
FNF:4
FNH:4
FNDA:5,(anonymous_0)
FNDA:5,(anonymous_1)
FNDA:135,(anonymous_2)
FNDA:5,(anonymous_3)
DA:2,6
DA:3,6
DA:4,6
DA:7,6
DA:8,5
DA:9,5
DA:10,5
DA:13,5
DA:14,5
DA:15,125
DA:18,5
DA:22,135
DA:23,135
DA:24,0
DA:27,135
DA:28,5
DA:29,5
DA:32,130
DA:33,5
DA:34,5
DA:37,125
DA:38,50
DA:39,50
DA:42,125
DA:43,75
DA:44,75
DA:47,125
DA:51,5
DA:53,5
DA:57,6
LF:30
LH:29
BRDA:23,0,0,0
BRDA:27,1,0,5
BRDA:32,2,0,5
BRDA:37,3,0,50
BRDA:42,4,0,75
BRF:5
BRH:4
end_of_record
TN:
SF:src/assets/index.ts
FNF:0
FNH:0
DA:1,6
LF:1
LH:1
BRF:0
BRH:0
end_of_record
TN:
SF:src/assets/FamousGraphs/PetersonGraph.gdf.ts
FNF:0
FNH:0
DA:1,6
LF:1
LH:1
BRF:0
BRH:0
end_of_record
TN:
SF:src/models/index.ts
FNF:0
FNH:0
DA:1,6
DA:3,6
DA:5,6
DA:6,6
DA:8,6
DA:9,6
DA:11,6
DA:12,6
LF:8
LH:8
BRF:0
BRH:0
end_of_record
TN:
SF:src/models/AdjacencyList/AdjacencyList.ts
FN:8,(anonymous_0)
FN:12,(anonymous_1)
FN:13,(anonymous_2)
FN:16,(anonymous_3)
FN:20,(anonymous_4)
FN:26,(anonymous_5)
FN:31,(anonymous_6)
FN:36,(anonymous_7)
FN:38,(anonymous_8)
FN:47,(anonymous_9)
FNF:10
FNH:10
FNDA:185,(anonymous_0)
FNDA:620,(anonymous_1)
FNDA:555,(anonymous_2)
FNDA:1921,(anonymous_3)
FNDA:590,(anonymous_4)
FNDA:42,(anonymous_5)
FNDA:156,(anonymous_6)
FNDA:61,(anonymous_7)
FNDA:114,(anonymous_8)
FNDA:114,(anonymous_9)
DA:2,15
DA:5,15
DA:9,185
DA:13,620
DA:17,1921
DA:21,590
DA:22,561
DA:23,561
DA:27,42
DA:28,42
DA:29,84
DA:31,156
DA:37,61
DA:38,114
DA:39,61
DA:40,54
DA:42,7
DA:46,61
DA:47,114
DA:48,61
DA:49,54
DA:51,7
LF:22
LH:22
BRDA:17,0,0,1091
BRDA:17,0,1,830
BRDA:17,1,0,1921
BRDA:17,1,1,1921
BRDA:21,2,0,29
BRDA:37,3,0,61
BRDA:37,3,1,0
BRDA:37,4,0,61
BRDA:37,4,1,61
BRDA:39,5,0,54
BRDA:39,5,1,7
BRDA:46,6,0,61
BRDA:46,6,1,0
BRDA:46,7,0,61
BRDA:46,7,1,61
BRDA:48,8,0,54
BRDA:48,8,1,7
BRF:17
BRH:15
end_of_record
TN:
SF:src/models/Edge/index.ts
FNF:0
FNH:0
DA:1,10
DA:2,10
DA:3,10
DA:4,10
DA:5,10
LF:5
LH:5
BRF:0
BRH:0
end_of_record
TN:
SF:src/models/Edge/DirectedEdge/DirectedEdge.ts
FN:5,(anonymous_0)
FN:8,(anonymous_1)
FN:12,(anonymous_2)
FN:16,(anonymous_3)
FN:20,(anonymous_4)
FN:27,(anonymous_5)
FN:33,(anonymous_6)
FNF:7
FNH:5
FNDA:590,(anonymous_0)
FNDA:0,(anonymous_1)
FNDA:0,(anonymous_2)
FNDA:71432,(anonymous_3)
FNDA:32590,(anonymous_4)
FNDA:35415,(anonymous_5)
FNDA:7408,(anonymous_6)
DA:1,17
DA:5,17
DA:6,590
DA:9,0
DA:13,0
DA:17,71432
DA:21,32590
DA:22,32588
DA:24,30691
DA:28,35415
DA:30,35414
DA:35,7408
LF:12
LH:10
BRDA:21,0,0,2
BRDA:22,1,0,1897
BRDA:28,2,0,1
BRDA:30,3,0,35414
BRDA:30,3,1,6574
BRF:5
BRH:5
end_of_record
TN:
SF:src/models/Edge/EdgeContracts/Edge.ts
FN:5,(anonymous_0)
FN:7,(anonymous_1)
FN:13,(anonymous_2)
FN:26,(anonymous_3)
FN:28,(anonymous_4)
FNF:5
FNH:5
FNDA:946,(anonymous_0)
FNDA:10,(anonymous_1)
FNDA:451,(anonymous_2)
FNDA:18,(anonymous_3)
FNDA:434,(anonymous_4)
DA:4,17
DA:5,946
DA:8,10
DA:9,10
DA:10,10
DA:14,451
DA:15,451
DA:17,151
DA:26,18
DA:28,434
LF:10
LH:10
BRDA:15,0,0,300
BRF:1
BRH:1
end_of_record
TN:
SF:src/models/Edge/UndirectedEdge/UndirectedEdge.ts
FN:5,(anonymous_0)
FN:8,(anonymous_1)
FN:12,(anonymous_2)
FN:19,(anonymous_3)
FN:28,(anonymous_4)
FNF:5
FNH:5
FNDA:356,(anonymous_0)
FNDA:71496,(anonymous_1)
FNDA:32713,(anonymous_2)
FNDA:35537,(anonymous_3)
FNDA:4866,(anonymous_4)
DA:1,17
DA:5,17
DA:6,356
DA:9,71496
DA:13,32713
DA:14,32711
DA:16,30818
DA:20,35537
DA:22,35536
DA:30,4866
LF:10
LH:10
BRDA:13,0,0,2
BRDA:14,1,0,1893
BRDA:20,2,0,1
BRDA:23,3,0,35536
BRDA:23,3,1,6582
BRDA:23,3,2,31085
BRDA:23,3,3,4054
BRF:7
BRH:7
end_of_record
TN:
SF:src/models/Edge/WeightedEdges/WeightedDirectedEdge.ts
FN:8,(anonymous_0)
FN:12,(anonymous_1)
FN:16,(anonymous_2)
FN:23,(anonymous_3)
FN:27,(anonymous_4)
FNF:5
FNH:5
FNDA:54,(anonymous_0)
FNDA:70279,(anonymous_1)
FNDA:36057,(anonymous_2)
FNDA:34160,(anonymous_3)
FNDA:1948,(anonymous_4)
DA:1,12
DA:5,12
DA:6,54
DA:8,54
DA:9,54
DA:13,70279
DA:17,36057
DA:18,34162
DA:20,34160
DA:24,34160
DA:28,1948
LF:11
LH:11
BRDA:17,0,0,1895
BRDA:18,1,0,2
BRDA:24,2,0,34160
BRDA:24,2,1,4724
BRF:4
BRH:4
end_of_record
TN:
SF:src/models/Edge/WeightedEdges/WeightedUndirectedEdge.ts
FN:8,(anonymous_0)
FN:12,(anonymous_1)
FN:16,(anonymous_2)
FN:23,(anonymous_3)
FN:27,(anonymous_4)
FNF:5
FNH:5
FNDA:52,(anonymous_0)
FNDA:70237,(anonymous_1)
FNDA:36052,(anonymous_2)
FNDA:34155,(anonymous_3)
FNDA:1916,(anonymous_4)
DA:2,12
DA:5,12
DA:6,52
DA:8,52
DA:9,52
DA:13,70237
DA:17,36052
DA:18,34157
DA:20,34155
DA:24,34155
DA:28,1916
LF:11
LH:11
BRDA:17,0,0,1895
BRDA:18,1,0,2
BRDA:24,2,0,34155
BRDA:24,2,1,4719
BRF:4
BRH:4
end_of_record
TN:
SF:src/models/Graph/Graph.ts
FN:35,(anonymous_0)
FN:50,(anonymous_1)
FN:54,(anonymous_2)
FN:55,(anonymous_3)
FN:59,(anonymous_4)
FN:72,(anonymous_5)
FN:76,(anonymous_6)
FN:77,(anonymous_7)
FN:80,(anonymous_8)
FN:81,(anonymous_9)
FN:83,(anonymous_10)
FN:103,(anonymous_11)
FN:107,(anonymous_12)
FN:108,(anonymous_13)
FN:113,(anonymous_14)
FN:114,(anonymous_15)
FN:116,(anonymous_16)
FN:136,(anonymous_17)
FN:140,(anonymous_18)
FN:141,(anonymous_19)
FN:144,(anonymous_20)
FN:145,(anonymous_21)
FN:171,(anonymous_22)
FN:180,(anonymous_23)
FN:189,(anonymous_24)
FN:193,(anonymous_25)
FN:201,(anonymous_26)
FN:211,(anonymous_27)
FN:212,(anonymous_28)
FN:223,(anonymous_29)
FN:224,(anonymous_30)
FN:239,(anonymous_31)
FN:240,(anonymous_32)
FN:255,(anonymous_33)
FN:257,(anonymous_34)
FN:271,(anonymous_35)
FN:272,(anonymous_36)
FN:279,(anonymous_37)
FN:289,(anonymous_38)
FN:316,(anonymous_39)
FN:362,(anonymous_40)
FN:363,(anonymous_41)
FN:368,(anonymous_42)
FN:379,(anonymous_43)
FN:386,(anonymous_44)
FN:393,(anonymous_45)
FN:400,(anonymous_46)
FN:407,(anonymous_47)
FN:414,(anonymous_48)
FN:424,(anonymous_49)
FN:435,(anonymous_50)
FN:447,(anonymous_51)
FN:459,(anonymous_52)
FN:460,(anonymous_53)
FNF:54
FNH:53
FNDA:163,(anonymous_0)
FNDA:250,(anonymous_1)
FNDA:715,(anonymous_2)
FNDA:363,(anonymous_3)
FNDA:651,(anonymous_4)
FNDA:32,(anonymous_5)
FNDA:32,(anonymous_6)
FNDA:128,(anonymous_7)
FNDA:32,(anonymous_8)
FNDA:128,(anonymous_9)
FNDA:96,(anonymous_10)
FNDA:232,(anonymous_11)
FNDA:563,(anonymous_12)
FNDA:545,(anonymous_13)
FNDA:480,(anonymous_14)
FNDA:78,(anonymous_15)
FNDA:558,(anonymous_16)
FNDA:89,(anonymous_17)
FNDA:110,(anonymous_18)
FNDA:249,(anonymous_19)
FNDA:64,(anonymous_20)
FNDA:174,(anonymous_21)
FNDA:0,(anonymous_22)
FNDA:81,(anonymous_23)
FNDA:80,(anonymous_24)
FNDA:144,(anonymous_25)
FNDA:63,(anonymous_26)
FNDA:3,(anonymous_27)
FNDA:34,(anonymous_28)
FNDA:3,(anonymous_29)
FNDA:34,(anonymous_30)
FNDA:3,(anonymous_31)
FNDA:34,(anonymous_32)
FNDA:150,(anonymous_33)
FNDA:264,(anonymous_34)
FNDA:4,(anonymous_35)
FNDA:10,(anonymous_36)
FNDA:1,(anonymous_37)
FNDA:4,(anonymous_38)
FNDA:86,(anonymous_39)
FNDA:2,(anonymous_40)
FNDA:12,(anonymous_41)
FNDA:30,(anonymous_42)
FNDA:2,(anonymous_43)
FNDA:131,(anonymous_44)
FNDA:309,(anonymous_45)
FNDA:209,(anonymous_46)
FNDA:669,(anonymous_47)
FNDA:95,(anonymous_48)
FNDA:232,(anonymous_49)
FNDA:480,(anonymous_50)
FNDA:974,(anonymous_51)
FNDA:1024,(anonymous_52)
FNDA:3115,(anonymous_53)
DA:1,14
DA:4,14
DA:5,14
DA:6,14
DA:7,14
DA:8,14
DA:9,14
DA:10,14
DA:17,14
DA:36,163
DA:37,163
DA:38,163
DA:39,163
DA:41,163
DA:51,250
DA:52,250
DA:54,715
DA:55,363
DA:57,250
DA:59,250
DA:60,651
DA:63,250
DA:73,32
DA:74,32
DA:76,32
DA:77,128
DA:79,32
DA:80,32
DA:81,128
DA:82,32
DA:83,96
DA:86,32
DA:88,32
DA:91,32
DA:104,232
DA:105,232
DA:107,563
DA:108,545
DA:110,232
DA:112,232
DA:113,480
DA:114,78
DA:116,232
DA:117,558
DA:119,558
DA:120,558
DA:122,558
DA:123,171
DA:127,232
DA:137,89
DA:138,89
DA:140,110
DA:141,249
DA:143,89
DA:144,89
DA:145,174
DA:147,64
DA:148,64
DA:150,64
DA:151,60
DA:154,64
DA:155,58
DA:158,64
DA:159,56
DA:163,89
DA:172,0
DA:181,81
DA:182,81
DA:183,81
DA:187,81
DA:188,30
DA:189,30
DA:190,80
DA:193,51
DA:194,144
DA:196,144
DA:200,81
DA:201,81
DA:203,81
DA:212,3
DA:213,34
DA:224,3
DA:225,34
DA:226,20
DA:229,14
DA:240,3
DA:241,34
DA:242,20
DA:245,14
DA:256,150
DA:258,264
DA:272,4
DA:273,10
DA:276,4
DA:285,1
DA:286,5
DA:293,4
DA:294,20
DA:297,4
DA:298,4
DA:299,4
DA:301,4
DA:302,4
DA:305,0
DA:308,4
DA:310,4
DA:311,4
DA:313,4
DA:314,4
DA:316,86
DA:317,23
DA:318,23
DA:319,9
DA:320,9
DA:321,9
DA:322,36
DA:323,9
DA:324,9
DA:327,14
DA:328,10
DA:329,10
DA:330,9
DA:332,4
DA:336,23
DA:338,23
DA:339,20
DA:340,20
DA:341,20
DA:342,20
DA:344,20
DA:346,20
DA:347,20
DA:363,12
DA:365,2
DA:366,2
DA:368,2
DA:369,30
DA:373,10
DA:376,2
DA:380,2
DA:387,131
DA:394,309
DA:401,209
DA:408,669
DA:415,95
DA:425,232
DA:436,480
DA:437,480
DA:448,974
DA:460,3115
LF:150
LH:148
BRDA:35,0,0,21
BRDA:83,1,0,96
BRDA:83,1,1,72
BRDA:112,2,0,195
BRDA:112,2,1,37
BRDA:122,3,0,171
BRDA:150,4,0,60
BRDA:154,5,0,58
BRDA:158,6,0,56
BRDA:158,7,0,64
BRDA:158,7,1,60
BRDA:187,8,0,30
BRDA:187,8,1,51
BRDA:194,9,0,28
BRDA:196,10,0,17
BRDA:196,11,0,144
BRDA:196,11,1,89
BRDA:213,12,0,34
BRDA:213,12,1,22
BRDA:225,13,0,20
BRDA:229,14,0,14
BRDA:229,14,1,8
BRDA:241,15,0,20
BRDA:245,16,0,14
BRDA:245,16,1,8
BRDA:258,17,0,264
BRDA:258,17,1,73
BRDA:258,17,2,244
BRDA:258,17,3,131
BRDA:258,17,4,37
BRDA:283,18,0,1
BRDA:291,19,0,3
BRDA:297,20,0,4
BRDA:297,20,1,0
BRDA:299,21,0,0
BRDA:299,21,1,4
BRDA:310,22,0,4
BRDA:318,23,0,9
BRDA:318,23,1,14
BRDA:322,24,0,9
BRDA:327,25,0,10
BRDA:327,25,1,4
BRDA:329,26,0,1
BRDA:329,26,1,9
BRDA:336,27,0,0
BRDA:338,28,0,20
BRDA:369,29,0,10
BRDA:370,30,0,30
BRDA:370,30,1,20
BRDA:448,31,0,1
BRF:50
BRH:47
end_of_record
TN:
SF:src/models/Graph/algorithms/TarjanStronglyConnectedComponentsAlgorithm.ts
FN:6,(anonymous_0)
FN:26,(anonymous_1)
FN:29,(anonymous_2)
FN:36,(anonymous_3)
FN:41,(anonymous_4)
FN:48,(anonymous_5)
FNF:6
FNH:6
FNDA:2,(anonymous_0)
FNDA:2,(anonymous_1)
FNDA:11,(anonymous_2)
FNDA:11,(anonymous_3)
FNDA:13,(anonymous_4)
FNDA:9,(anonymous_5)
DA:3,14
DA:5,14
DA:7,2
DA:9,2
DA:10,2
DA:11,2
DA:12,2
DA:14,2
DA:27,2
DA:29,2
DA:30,11
DA:33,2
DA:37,11
DA:38,11
DA:39,11
DA:40,11
DA:41,11
DA:42,13
DA:43,6
DA:44,6
DA:48,9
DA:49,5
DA:56,11
DA:57,5
DA:59,5
DA:60,11
DA:61,11
DA:63,5
LF:28
LH:28
BRDA:30,0,0,5
BRDA:42,1,0,6
BRDA:42,1,1,7
BRDA:46,2,0,6
BRDA:46,2,1,0
BRDA:46,3,0,6
BRDA:46,3,1,6
BRDA:46,4,0,6
BRDA:46,4,1,0
BRDA:46,5,0,6
BRDA:46,5,1,6
BRDA:48,6,0,5
BRDA:51,7,0,5
BRDA:51,7,1,0
BRDA:51,8,0,5
BRDA:51,8,1,5
BRDA:51,9,0,5
BRDA:51,9,1,0
BRDA:51,10,0,5
BRDA:51,10,1,5
BRDA:56,11,0,5
BRF:21
BRH:17
end_of_record
TN:
SF:src/models/Graph/algorithms/index.ts
FNF:0
FNH:0
DA:1,14
LF:1
LH:1
BRF:0
BRH:0
end_of_record
TN:
SF:src/models/Matrix/AdjacencyMatrix.ts
FN:6,(anonymous_0)
FN:10,(anonymous_1)
FN:13,(anonymous_2)
FN:23,(anonymous_3)
FNF:4
FNH:4
FNDA:167,(anonymous_0)
FNDA:4,(anonymous_1)
FNDA:10,(anonymous_2)
FNDA:32,(anonymous_3)
DA:2,14
DA:5,14
DA:7,167
DA:11,4
DA:13,4
DA:14,10
DA:15,10
DA:16,3
DA:20,4
DA:24,32
DA:25,32
LF:11
LH:11
BRDA:15,0,0,3
BRF:1
BRH:1
end_of_record
TN:
SF:src/models/Matrix/Matrix.ts
FN:7,(anonymous_0)
FN:11,(anonymous_1)
FN:17,(anonymous_2)
FN:27,(anonymous_3)
FN:31,(anonymous_4)
FNF:5
FNH:5
FNDA:167,(anonymous_0)
FNDA:860,(anonymous_1)
FNDA:724,(anonymous_2)
FNDA:32,(anonymous_3)
FNDA:32,(anonymous_4)
DA:1,14
DA:3,14
DA:5,167
DA:8,167
DA:12,860
DA:14,860
DA:18,724
DA:19,724
DA:21,454
DA:22,454
DA:24,201
DA:28,32
DA:32,32
DA:33,48
LF:14
LH:14
BRDA:12,0,0,460
BRDA:19,1,0,270
BRDA:22,2,0,253
BRF:3
BRH:3
end_of_record
TN:
SF:src/models/Vertex/NamedVertex/NamedVertex.ts
FN:7,(anonymous_0)
FN:12,(anonymous_1)
FN:16,(anonymous_2)
FN:20,(anonymous_3)
FNF:4
FNH:4
FNDA:3555,(anonymous_0)
FNDA:1416,(anonymous_1)
FNDA:144941,(anonymous_2)
FNDA:41021,(anonymous_3)
DA:1,20
DA:2,20
DA:4,20
DA:8,3555
DA:9,3555
DA:13,1416
DA:17,144941
DA:21,41021
LF:8
LH:8
BRDA:17,0,0,144941
BRDA:17,0,1,144929
BRF:2
BRH:2
end_of_record
TN:
SF:src/models/Vertex/Vertex/Vertex.ts
FN:10,(anonymous_0)
FN:12,(anonymous_1)
FNF:2
FNH:1
FNDA:0,(anonymous_0)
FNDA:831,(anonymous_1)
DA:3,20
DA:10,20
DA:12,831
LF:3
LH:3
BRF:0
BRH:0
end_of_record
TN:
SF:testUtil/expectEdgeListsAreEqual.ts
FN:5,(anonymous_0)
FNF:1
FNH:1
FNDA:50,(anonymous_0)
DA:3,5
DA:5,5
DA:6,50
DA:7,50
DA:8,50
LF:5
LH:5
BRF:0
BRH:0
end_of_record
TN:
SF:testUtil/expectVerticesListsAreEqual.ts
FN:3,(anonymous_0)
FNF:1
FNH:1
FNDA:265,(anonymous_0)
DA:1,7
DA:3,7
DA:4,265
DA:5,265
DA:6,265
LF:5
LH:5
BRF:0
BRH:0
end_of_record
TN:
SF:testUtil/generationFromSimplerDatastructure.ts
FN:3,(anonymous_0)
FN:5,(anonymous_1)
FN:8,(anonymous_2)
FN:10,(anonymous_3)
FN:14,(anonymous_4)
FN:15,(anonymous_5)
FNF:6
FNH:6
FNDA:84,(anonymous_0)
FNDA:268,(anonymous_1)
FNDA:51,(anonymous_2)
FNDA:154,(anonymous_3)
FNDA:441,(anonymous_4)
FNDA:1581,(anonymous_5)
DA:1,6
DA:3,6
DA:4,84
DA:5,268
DA:8,6
DA:9,51
DA:10,154
DA:14,6
DA:15,1581
LF:9
LH:9
BRF:0
BRH:0
end_of_record
