<?xml version="1.0" encoding="UTF-8"?>
<coverage generated="1647557384019" clover="3.2.0">
  <project timestamp="1647557384020" name="All files">
    <metrics statements="363" coveredstatements="358" conditionals="120" coveredconditionals="110" methods="125" coveredmethods="121" elements="608" coveredelements="589" complexity="0" loc="363" ncloc="363" packages="19" files="25" classes="25"/>
    <package name="src">
      <metrics statements="4" coveredstatements="4" conditionals="0" coveredconditionals="0" methods="0" coveredmethods="0"/>
      <file name="index.ts" path="/home/runner/work/JavaScriptGraph/JavaScriptGraph/src/index.ts">
        <metrics statements="4" coveredstatements="4" conditionals="0" coveredconditionals="0" methods="0" coveredmethods="0"/>
        <line num="1" count="6" type="stmt"/>
        <line num="2" count="6" type="stmt"/>
        <line num="3" count="6" type="stmt"/>
        <line num="4" count="6" type="stmt"/>
      </file>
    </package>
    <package name="src.Errors">
      <metrics statements="3" coveredstatements="3" conditionals="0" coveredconditionals="0" methods="1" coveredmethods="1"/>
      <file name="VertexNotFoundError.ts" path="/home/runner/work/JavaScriptGraph/JavaScriptGraph/src/Errors/VertexNotFoundError.ts">
        <metrics statements="2" coveredstatements="2" conditionals="0" coveredconditionals="0" methods="1" coveredmethods="1"/>
        <line num="3" count="14" type="stmt"/>
        <line num="5" count="1" type="stmt"/>
      </file>
      <file name="index.ts" path="/home/runner/work/JavaScriptGraph/JavaScriptGraph/src/Errors/index.ts">
        <metrics statements="1" coveredstatements="1" conditionals="0" coveredconditionals="0" methods="0" coveredmethods="0"/>
        <line num="1" count="14" type="stmt"/>
      </file>
    </package>
    <package name="src.Parser">
      <metrics statements="1" coveredstatements="1" conditionals="0" coveredconditionals="0" methods="0" coveredmethods="0"/>
      <file name="index.ts" path="/home/runner/work/JavaScriptGraph/JavaScriptGraph/src/Parser/index.ts">
        <metrics statements="1" coveredstatements="1" conditionals="0" coveredconditionals="0" methods="0" coveredmethods="0"/>
        <line num="1" count="6" type="stmt"/>
      </file>
    </package>
    <package name="src.Parser.SimpleGDFParser">
      <metrics statements="30" coveredstatements="29" conditionals="5" coveredconditionals="4" methods="4" coveredmethods="4"/>
      <file name="SimpleGDFParser.ts" path="/home/runner/work/JavaScriptGraph/JavaScriptGraph/src/Parser/SimpleGDFParser/SimpleGDFParser.ts">
        <metrics statements="30" coveredstatements="29" conditionals="5" coveredconditionals="4" methods="4" coveredmethods="4"/>
        <line num="2" count="6" type="stmt"/>
        <line num="3" count="6" type="stmt"/>
        <line num="4" count="6" type="stmt"/>
        <line num="7" count="6" type="stmt"/>
        <line num="8" count="5" type="stmt"/>
        <line num="9" count="5" type="stmt"/>
        <line num="10" count="5" type="stmt"/>
        <line num="13" count="5" type="stmt"/>
        <line num="14" count="5" type="stmt"/>
        <line num="15" count="125" type="stmt"/>
        <line num="18" count="5" type="stmt"/>
        <line num="22" count="135" type="stmt"/>
        <line num="23" count="135" type="cond" truecount="0" falsecount="1"/>
        <line num="24" count="0" type="stmt"/>
        <line num="27" count="135" type="cond" truecount="1" falsecount="0"/>
        <line num="28" count="5" type="stmt"/>
        <line num="29" count="5" type="stmt"/>
        <line num="32" count="130" type="cond" truecount="1" falsecount="0"/>
        <line num="33" count="5" type="stmt"/>
        <line num="34" count="5" type="stmt"/>
        <line num="37" count="125" type="cond" truecount="1" falsecount="0"/>
        <line num="38" count="50" type="stmt"/>
        <line num="39" count="50" type="stmt"/>
        <line num="42" count="125" type="cond" truecount="1" falsecount="0"/>
        <line num="43" count="75" type="stmt"/>
        <line num="44" count="75" type="stmt"/>
        <line num="47" count="125" type="stmt"/>
        <line num="51" count="5" type="stmt"/>
        <line num="53" count="5" type="stmt"/>
        <line num="57" count="6" type="stmt"/>
      </file>
    </package>
    <package name="src.assets">
      <metrics statements="1" coveredstatements="1" conditionals="0" coveredconditionals="0" methods="0" coveredmethods="0"/>
      <file name="index.ts" path="/home/runner/work/JavaScriptGraph/JavaScriptGraph/src/assets/index.ts">
        <metrics statements="1" coveredstatements="1" conditionals="0" coveredconditionals="0" methods="0" coveredmethods="0"/>
        <line num="1" count="6" type="stmt"/>
      </file>
    </package>
    <package name="src.assets.FamousGraphs">
      <metrics statements="1" coveredstatements="1" conditionals="0" coveredconditionals="0" methods="0" coveredmethods="0"/>
      <file name="PetersonGraph.gdf.ts" path="/home/runner/work/JavaScriptGraph/JavaScriptGraph/src/assets/FamousGraphs/PetersonGraph.gdf.ts">
        <metrics statements="1" coveredstatements="1" conditionals="0" coveredconditionals="0" methods="0" coveredmethods="0"/>
        <line num="1" count="6" type="stmt"/>
      </file>
    </package>
    <package name="src.models">
      <metrics statements="8" coveredstatements="8" conditionals="0" coveredconditionals="0" methods="0" coveredmethods="0"/>
      <file name="index.ts" path="/home/runner/work/JavaScriptGraph/JavaScriptGraph/src/models/index.ts">
        <metrics statements="8" coveredstatements="8" conditionals="0" coveredconditionals="0" methods="0" coveredmethods="0"/>
        <line num="1" count="6" type="stmt"/>
        <line num="3" count="6" type="stmt"/>
        <line num="5" count="6" type="stmt"/>
        <line num="6" count="6" type="stmt"/>
        <line num="8" count="6" type="stmt"/>
        <line num="9" count="6" type="stmt"/>
        <line num="11" count="6" type="stmt"/>
        <line num="12" count="6" type="stmt"/>
      </file>
    </package>
    <package name="src.models.AdjacencyList">
      <metrics statements="22" coveredstatements="22" conditionals="17" coveredconditionals="15" methods="10" coveredmethods="10"/>
      <file name="AdjacencyList.ts" path="/home/runner/work/JavaScriptGraph/JavaScriptGraph/src/models/AdjacencyList/AdjacencyList.ts">
        <metrics statements="22" coveredstatements="22" conditionals="17" coveredconditionals="15" methods="10" coveredmethods="10"/>
        <line num="2" count="15" type="stmt"/>
        <line num="5" count="15" type="stmt"/>
        <line num="9" count="185" type="stmt"/>
        <line num="13" count="620" type="stmt"/>
        <line num="17" count="1921" type="cond" truecount="4" falsecount="0"/>
        <line num="21" count="590" type="cond" truecount="1" falsecount="0"/>
        <line num="22" count="561" type="stmt"/>
        <line num="23" count="561" type="stmt"/>
        <line num="27" count="42" type="stmt"/>
        <line num="28" count="42" type="stmt"/>
        <line num="29" count="84" type="stmt"/>
        <line num="31" count="156" type="stmt"/>
        <line num="37" count="61" type="cond" truecount="3" falsecount="1"/>
        <line num="38" count="114" type="stmt"/>
        <line num="39" count="61" type="cond" truecount="2" falsecount="0"/>
        <line num="40" count="54" type="stmt"/>
        <line num="42" count="7" type="stmt"/>
        <line num="46" count="61" type="cond" truecount="3" falsecount="1"/>
        <line num="47" count="114" type="stmt"/>
        <line num="48" count="61" type="cond" truecount="2" falsecount="0"/>
        <line num="49" count="54" type="stmt"/>
        <line num="51" count="7" type="stmt"/>
      </file>
    </package>
    <package name="src.models.Edge">
      <metrics statements="5" coveredstatements="5" conditionals="0" coveredconditionals="0" methods="0" coveredmethods="0"/>
      <file name="index.ts" path="/home/runner/work/JavaScriptGraph/JavaScriptGraph/src/models/Edge/index.ts">
        <metrics statements="5" coveredstatements="5" conditionals="0" coveredconditionals="0" methods="0" coveredmethods="0"/>
        <line num="1" count="10" type="stmt"/>
        <line num="2" count="10" type="stmt"/>
        <line num="3" count="10" type="stmt"/>
        <line num="4" count="10" type="stmt"/>
        <line num="5" count="10" type="stmt"/>
      </file>
    </package>
    <package name="src.models.Edge.DirectedEdge">
      <metrics statements="12" coveredstatements="10" conditionals="5" coveredconditionals="5" methods="7" coveredmethods="5"/>
      <file name="DirectedEdge.ts" path="/home/runner/work/JavaScriptGraph/JavaScriptGraph/src/models/Edge/DirectedEdge/DirectedEdge.ts">
        <metrics statements="12" coveredstatements="10" conditionals="5" coveredconditionals="5" methods="7" coveredmethods="5"/>
        <line num="1" count="17" type="stmt"/>
        <line num="5" count="17" type="stmt"/>
        <line num="6" count="590" type="stmt"/>
        <line num="9" count="0" type="stmt"/>
        <line num="13" count="0" type="stmt"/>
        <line num="17" count="71432" type="stmt"/>
        <line num="21" count="32590" type="cond" truecount="1" falsecount="0"/>
        <line num="22" count="32588" type="cond" truecount="1" falsecount="0"/>
        <line num="24" count="30691" type="stmt"/>
        <line num="28" count="35415" type="cond" truecount="1" falsecount="0"/>
        <line num="30" count="35414" type="cond" truecount="2" falsecount="0"/>
        <line num="35" count="7408" type="stmt"/>
      </file>
    </package>
    <package name="src.models.Edge.EdgeContracts">
      <metrics statements="10" coveredstatements="10" conditionals="1" coveredconditionals="1" methods="5" coveredmethods="5"/>
      <file name="Edge.ts" path="/home/runner/work/JavaScriptGraph/JavaScriptGraph/src/models/Edge/EdgeContracts/Edge.ts">
        <metrics statements="10" coveredstatements="10" conditionals="1" coveredconditionals="1" methods="5" coveredmethods="5"/>
        <line num="4" count="17" type="stmt"/>
        <line num="5" count="946" type="stmt"/>
        <line num="8" count="10" type="stmt"/>
        <line num="9" count="10" type="stmt"/>
        <line num="10" count="10" type="stmt"/>
        <line num="14" count="451" type="stmt"/>
        <line num="15" count="451" type="cond" truecount="1" falsecount="0"/>
        <line num="17" count="151" type="stmt"/>
        <line num="26" count="18" type="stmt"/>
        <line num="28" count="434" type="stmt"/>
      </file>
    </package>
    <package name="src.models.Edge.UndirectedEdge">
      <metrics statements="10" coveredstatements="10" conditionals="7" coveredconditionals="7" methods="5" coveredmethods="5"/>
      <file name="UndirectedEdge.ts" path="/home/runner/work/JavaScriptGraph/JavaScriptGraph/src/models/Edge/UndirectedEdge/UndirectedEdge.ts">
        <metrics statements="10" coveredstatements="10" conditionals="7" coveredconditionals="7" methods="5" coveredmethods="5"/>
        <line num="1" count="17" type="stmt"/>
        <line num="5" count="17" type="stmt"/>
        <line num="6" count="356" type="stmt"/>
        <line num="9" count="71496" type="stmt"/>
        <line num="13" count="32713" type="cond" truecount="1" falsecount="0"/>
        <line num="14" count="32711" type="cond" truecount="1" falsecount="0"/>
        <line num="16" count="30818" type="stmt"/>
        <line num="20" count="35537" type="cond" truecount="1" falsecount="0"/>
        <line num="22" count="35536" type="stmt"/>
        <line num="30" count="4866" type="stmt"/>
      </file>
    </package>
    <package name="src.models.Edge.WeightedEdges">
      <metrics statements="22" coveredstatements="22" conditionals="8" coveredconditionals="8" methods="10" coveredmethods="10"/>
      <file name="WeightedDirectedEdge.ts" path="/home/runner/work/JavaScriptGraph/JavaScriptGraph/src/models/Edge/WeightedEdges/WeightedDirectedEdge.ts">
        <metrics statements="11" coveredstatements="11" conditionals="4" coveredconditionals="4" methods="5" coveredmethods="5"/>
        <line num="1" count="12" type="stmt"/>
        <line num="5" count="12" type="stmt"/>
        <line num="6" count="54" type="stmt"/>
        <line num="8" count="54" type="stmt"/>
        <line num="9" count="54" type="stmt"/>
        <line num="13" count="70279" type="stmt"/>
        <line num="17" count="36057" type="cond" truecount="1" falsecount="0"/>
        <line num="18" count="34162" type="cond" truecount="1" falsecount="0"/>
        <line num="20" count="34160" type="stmt"/>
        <line num="24" count="34160" type="cond" truecount="2" falsecount="0"/>
        <line num="28" count="1948" type="stmt"/>
      </file>
      <file name="WeightedUndirectedEdge.ts" path="/home/runner/work/JavaScriptGraph/JavaScriptGraph/src/models/Edge/WeightedEdges/WeightedUndirectedEdge.ts">
        <metrics statements="11" coveredstatements="11" conditionals="4" coveredconditionals="4" methods="5" coveredmethods="5"/>
        <line num="2" count="12" type="stmt"/>
        <line num="5" count="12" type="stmt"/>
        <line num="6" count="52" type="stmt"/>
        <line num="8" count="52" type="stmt"/>
        <line num="9" count="52" type="stmt"/>
        <line num="13" count="70237" type="stmt"/>
        <line num="17" count="36052" type="cond" truecount="1" falsecount="0"/>
        <line num="18" count="34157" type="cond" truecount="1" falsecount="0"/>
        <line num="20" count="34155" type="stmt"/>
        <line num="24" count="34155" type="cond" truecount="2" falsecount="0"/>
        <line num="28" count="1916" type="stmt"/>
      </file>
    </package>
    <package name="src.models.Graph">
      <metrics statements="150" coveredstatements="148" conditionals="50" coveredconditionals="47" methods="54" coveredmethods="53"/>
      <file name="Graph.ts" path="/home/runner/work/JavaScriptGraph/JavaScriptGraph/src/models/Graph/Graph.ts">
        <metrics statements="150" coveredstatements="148" conditionals="50" coveredconditionals="47" methods="54" coveredmethods="53"/>
        <line num="1" count="14" type="stmt"/>
        <line num="4" count="14" type="stmt"/>
        <line num="5" count="14" type="stmt"/>
        <line num="6" count="14" type="stmt"/>
        <line num="7" count="14" type="stmt"/>
        <line num="8" count="14" type="stmt"/>
        <line num="9" count="14" type="stmt"/>
        <line num="10" count="14" type="stmt"/>
        <line num="17" count="14" type="stmt"/>
        <line num="36" count="163" type="stmt"/>
        <line num="37" count="163" type="stmt"/>
        <line num="38" count="163" type="stmt"/>
        <line num="39" count="163" type="stmt"/>
        <line num="41" count="163" type="stmt"/>
        <line num="51" count="250" type="stmt"/>
        <line num="52" count="250" type="stmt"/>
        <line num="54" count="715" type="stmt"/>
        <line num="55" count="363" type="stmt"/>
        <line num="57" count="250" type="stmt"/>
        <line num="59" count="250" type="stmt"/>
        <line num="60" count="651" type="stmt"/>
        <line num="63" count="250" type="stmt"/>
        <line num="73" count="32" type="stmt"/>
        <line num="74" count="32" type="stmt"/>
        <line num="76" count="32" type="stmt"/>
        <line num="77" count="128" type="stmt"/>
        <line num="79" count="32" type="stmt"/>
        <line num="80" count="32" type="stmt"/>
        <line num="81" count="128" type="stmt"/>
        <line num="82" count="32" type="stmt"/>
        <line num="83" count="96" type="cond" truecount="2" falsecount="0"/>
        <line num="86" count="32" type="stmt"/>
        <line num="88" count="32" type="stmt"/>
        <line num="91" count="32" type="stmt"/>
        <line num="104" count="232" type="stmt"/>
        <line num="105" count="232" type="stmt"/>
        <line num="107" count="563" type="stmt"/>
        <line num="108" count="545" type="stmt"/>
        <line num="110" count="232" type="stmt"/>
        <line num="112" count="232" type="cond" truecount="2" falsecount="0"/>
        <line num="113" count="480" type="stmt"/>
        <line num="114" count="78" type="stmt"/>
        <line num="116" count="232" type="stmt"/>
        <line num="117" count="558" type="stmt"/>
        <line num="119" count="558" type="stmt"/>
        <line num="120" count="558" type="stmt"/>
        <line num="122" count="558" type="cond" truecount="1" falsecount="0"/>
        <line num="123" count="171" type="stmt"/>
        <line num="127" count="232" type="stmt"/>
        <line num="137" count="89" type="stmt"/>
        <line num="138" count="89" type="stmt"/>
        <line num="140" count="110" type="stmt"/>
        <line num="141" count="249" type="stmt"/>
        <line num="143" count="89" type="stmt"/>
        <line num="144" count="89" type="stmt"/>
        <line num="145" count="174" type="stmt"/>
        <line num="147" count="64" type="stmt"/>
        <line num="148" count="64" type="stmt"/>
        <line num="150" count="64" type="cond" truecount="1" falsecount="0"/>
        <line num="151" count="60" type="stmt"/>
        <line num="154" count="64" type="cond" truecount="1" falsecount="0"/>
        <line num="155" count="58" type="stmt"/>
        <line num="158" count="64" type="cond" truecount="3" falsecount="0"/>
        <line num="159" count="56" type="stmt"/>
        <line num="163" count="89" type="stmt"/>
        <line num="172" count="0" type="stmt"/>
        <line num="181" count="81" type="stmt"/>
        <line num="182" count="81" type="stmt"/>
        <line num="183" count="81" type="stmt"/>
        <line num="187" count="81" type="cond" truecount="2" falsecount="0"/>
        <line num="188" count="30" type="stmt"/>
        <line num="189" count="30" type="stmt"/>
        <line num="190" count="80" type="stmt"/>
        <line num="193" count="51" type="stmt"/>
        <line num="194" count="144" type="cond" truecount="1" falsecount="0"/>
        <line num="196" count="144" type="cond" truecount="3" falsecount="0"/>
        <line num="200" count="81" type="stmt"/>
        <line num="201" count="81" type="stmt"/>
        <line num="203" count="81" type="stmt"/>
        <line num="212" count="3" type="stmt"/>
        <line num="213" count="34" type="cond" truecount="2" falsecount="0"/>
        <line num="224" count="3" type="stmt"/>
        <line num="225" count="34" type="cond" truecount="1" falsecount="0"/>
        <line num="226" count="20" type="stmt"/>
        <line num="229" count="14" type="cond" truecount="2" falsecount="0"/>
        <line num="240" count="3" type="stmt"/>
        <line num="241" count="34" type="cond" truecount="1" falsecount="0"/>
        <line num="242" count="20" type="stmt"/>
        <line num="245" count="14" type="cond" truecount="2" falsecount="0"/>
        <line num="256" count="150" type="stmt"/>
        <line num="258" count="264" type="cond" truecount="5" falsecount="0"/>
        <line num="272" count="4" type="stmt"/>
        <line num="273" count="10" type="stmt"/>
        <line num="276" count="4" type="stmt"/>
        <line num="285" count="1" type="stmt"/>
        <line num="286" count="5" type="stmt"/>
        <line num="293" count="4" type="stmt"/>
        <line num="294" count="20" type="stmt"/>
        <line num="297" count="4" type="cond" truecount="1" falsecount="1"/>
        <line num="298" count="4" type="stmt"/>
        <line num="299" count="4" type="cond" truecount="1" falsecount="1"/>
        <line num="301" count="4" type="stmt"/>
        <line num="302" count="4" type="stmt"/>
        <line num="305" count="0" type="stmt"/>
        <line num="308" count="4" type="stmt"/>
        <line num="310" count="4" type="cond" truecount="1" falsecount="0"/>
        <line num="311" count="4" type="stmt"/>
        <line num="313" count="4" type="stmt"/>
        <line num="314" count="4" type="stmt"/>
        <line num="316" count="86" type="stmt"/>
        <line num="317" count="23" type="stmt"/>
        <line num="318" count="23" type="cond" truecount="2" falsecount="0"/>
        <line num="319" count="9" type="stmt"/>
        <line num="320" count="9" type="stmt"/>
        <line num="321" count="9" type="stmt"/>
        <line num="322" count="36" type="cond" truecount="1" falsecount="0"/>
        <line num="323" count="9" type="stmt"/>
        <line num="324" count="9" type="stmt"/>
        <line num="327" count="14" type="cond" truecount="2" falsecount="0"/>
        <line num="328" count="10" type="stmt"/>
        <line num="329" count="10" type="cond" truecount="2" falsecount="0"/>
        <line num="330" count="9" type="stmt"/>
        <line num="332" count="4" type="stmt"/>
        <line num="336" count="23" type="cond" truecount="0" falsecount="1"/>
        <line num="338" count="23" type="cond" truecount="1" falsecount="0"/>
        <line num="339" count="20" type="stmt"/>
        <line num="340" count="20" type="stmt"/>
        <line num="341" count="20" type="stmt"/>
        <line num="342" count="20" type="stmt"/>
        <line num="344" count="20" type="stmt"/>
        <line num="346" count="20" type="stmt"/>
        <line num="347" count="20" type="stmt"/>
        <line num="363" count="12" type="stmt"/>
        <line num="365" count="2" type="stmt"/>
        <line num="366" count="2" type="stmt"/>
        <line num="368" count="2" type="stmt"/>
        <line num="369" count="30" type="cond" truecount="1" falsecount="0"/>
        <line num="373" count="10" type="stmt"/>
        <line num="376" count="2" type="stmt"/>
        <line num="380" count="2" type="stmt"/>
        <line num="387" count="131" type="stmt"/>
        <line num="394" count="309" type="stmt"/>
        <line num="401" count="209" type="stmt"/>
        <line num="408" count="669" type="stmt"/>
        <line num="415" count="95" type="stmt"/>
        <line num="425" count="232" type="stmt"/>
        <line num="436" count="480" type="stmt"/>
        <line num="437" count="480" type="stmt"/>
        <line num="448" count="974" type="cond" truecount="1" falsecount="0"/>
        <line num="460" count="3115" type="stmt"/>
      </file>
    </package>
    <package name="src.models.Graph.algorithms">
      <metrics statements="29" coveredstatements="29" conditionals="21" coveredconditionals="17" methods="6" coveredmethods="6"/>
      <file name="TarjanStronglyConnectedComponentsAlgorithm.ts" path="/home/runner/work/JavaScriptGraph/JavaScriptGraph/src/models/Graph/algorithms/TarjanStronglyConnectedComponentsAlgorithm.ts">
        <metrics statements="28" coveredstatements="28" conditionals="21" coveredconditionals="17" methods="6" coveredmethods="6"/>
        <line num="3" count="14" type="stmt"/>
        <line num="5" count="14" type="stmt"/>
        <line num="7" count="2" type="stmt"/>
        <line num="9" count="2" type="stmt"/>
        <line num="10" count="2" type="stmt"/>
        <line num="11" count="2" type="stmt"/>
        <line num="12" count="2" type="stmt"/>
        <line num="14" count="2" type="stmt"/>
        <line num="27" count="2" type="stmt"/>
        <line num="29" count="2" type="stmt"/>
        <line num="30" count="11" type="cond" truecount="1" falsecount="0"/>
        <line num="33" count="2" type="stmt"/>
        <line num="37" count="11" type="stmt"/>
        <line num="38" count="11" type="stmt"/>
        <line num="39" count="11" type="stmt"/>
        <line num="40" count="11" type="stmt"/>
        <line num="41" count="11" type="stmt"/>
        <line num="42" count="13" type="cond" truecount="2" falsecount="0"/>
        <line num="43" count="6" type="stmt"/>
        <line num="44" count="6" type="stmt"/>
        <line num="48" count="9" type="cond" truecount="1" falsecount="0"/>
        <line num="49" count="5" type="stmt"/>
        <line num="56" count="11" type="cond" truecount="1" falsecount="0"/>
        <line num="57" count="5" type="stmt"/>
        <line num="59" count="5" type="stmt"/>
        <line num="60" count="11" type="stmt"/>
        <line num="61" count="11" type="stmt"/>
        <line num="63" count="5" type="stmt"/>
      </file>
      <file name="index.ts" path="/home/runner/work/JavaScriptGraph/JavaScriptGraph/src/models/Graph/algorithms/index.ts">
        <metrics statements="1" coveredstatements="1" conditionals="0" coveredconditionals="0" methods="0" coveredmethods="0"/>
        <line num="1" count="14" type="stmt"/>
      </file>
    </package>
    <package name="src.models.Matrix">
      <metrics statements="25" coveredstatements="25" conditionals="4" coveredconditionals="4" methods="9" coveredmethods="9"/>
      <file name="AdjacencyMatrix.ts" path="/home/runner/work/JavaScriptGraph/JavaScriptGraph/src/models/Matrix/AdjacencyMatrix.ts">
        <metrics statements="11" coveredstatements="11" conditionals="1" coveredconditionals="1" methods="4" coveredmethods="4"/>
        <line num="2" count="14" type="stmt"/>
        <line num="5" count="14" type="stmt"/>
        <line num="7" count="167" type="stmt"/>
        <line num="11" count="4" type="stmt"/>
        <line num="13" count="4" type="stmt"/>
        <line num="14" count="10" type="stmt"/>
        <line num="15" count="10" type="cond" truecount="1" falsecount="0"/>
        <line num="16" count="3" type="stmt"/>
        <line num="20" count="4" type="stmt"/>
        <line num="24" count="32" type="stmt"/>
        <line num="25" count="32" type="stmt"/>
      </file>
      <file name="Matrix.ts" path="/home/runner/work/JavaScriptGraph/JavaScriptGraph/src/models/Matrix/Matrix.ts">
        <metrics statements="14" coveredstatements="14" conditionals="3" coveredconditionals="3" methods="5" coveredmethods="5"/>
        <line num="1" count="14" type="stmt"/>
        <line num="3" count="14" type="stmt"/>
        <line num="5" count="167" type="stmt"/>
        <line num="8" count="167" type="stmt"/>
        <line num="12" count="860" type="cond" truecount="1" falsecount="0"/>
        <line num="14" count="860" type="stmt"/>
        <line num="18" count="724" type="stmt"/>
        <line num="19" count="724" type="cond" truecount="1" falsecount="0"/>
        <line num="21" count="454" type="stmt"/>
        <line num="22" count="454" type="cond" truecount="1" falsecount="0"/>
        <line num="24" count="201" type="stmt"/>
        <line num="28" count="32" type="stmt"/>
        <line num="32" count="32" type="stmt"/>
        <line num="33" count="48" type="stmt"/>
      </file>
    </package>
    <package name="src.models.Vertex.NamedVertex">
      <metrics statements="8" coveredstatements="8" conditionals="2" coveredconditionals="2" methods="4" coveredmethods="4"/>
      <file name="NamedVertex.ts" path="/home/runner/work/JavaScriptGraph/JavaScriptGraph/src/models/Vertex/NamedVertex/NamedVertex.ts">
        <metrics statements="8" coveredstatements="8" conditionals="2" coveredconditionals="2" methods="4" coveredmethods="4"/>
        <line num="1" count="20" type="stmt"/>
        <line num="2" count="20" type="stmt"/>
        <line num="4" count="20" type="stmt"/>
        <line num="8" count="3555" type="stmt"/>
        <line num="9" count="3555" type="stmt"/>
        <line num="13" count="1416" type="stmt"/>
        <line num="17" count="144941" type="cond" truecount="2" falsecount="0"/>
        <line num="21" count="41021" type="stmt"/>
      </file>
    </package>
    <package name="src.models.Vertex.Vertex">
      <metrics statements="3" coveredstatements="3" conditionals="0" coveredconditionals="0" methods="2" coveredmethods="1"/>
      <file name="Vertex.ts" path="/home/runner/work/JavaScriptGraph/JavaScriptGraph/src/models/Vertex/Vertex/Vertex.ts">
        <metrics statements="3" coveredstatements="3" conditionals="0" coveredconditionals="0" methods="2" coveredmethods="1"/>
        <line num="3" count="20" type="stmt"/>
        <line num="10" count="20" type="stmt"/>
        <line num="12" count="831" type="stmt"/>
      </file>
    </package>
    <package name="testUtil">
      <metrics statements="19" coveredstatements="19" conditionals="0" coveredconditionals="0" methods="8" coveredmethods="8"/>
      <file name="expectEdgeListsAreEqual.ts" path="/home/runner/work/JavaScriptGraph/JavaScriptGraph/testUtil/expectEdgeListsAreEqual.ts">
        <metrics statements="5" coveredstatements="5" conditionals="0" coveredconditionals="0" methods="1" coveredmethods="1"/>
        <line num="3" count="5" type="stmt"/>
        <line num="5" count="5" type="stmt"/>
        <line num="6" count="50" type="stmt"/>
        <line num="7" count="50" type="stmt"/>
        <line num="8" count="50" type="stmt"/>
      </file>
      <file name="expectVerticesListsAreEqual.ts" path="/home/runner/work/JavaScriptGraph/JavaScriptGraph/testUtil/expectVerticesListsAreEqual.ts">
        <metrics statements="5" coveredstatements="5" conditionals="0" coveredconditionals="0" methods="1" coveredmethods="1"/>
        <line num="1" count="7" type="stmt"/>
        <line num="3" count="7" type="stmt"/>
        <line num="4" count="265" type="stmt"/>
        <line num="5" count="265" type="stmt"/>
        <line num="6" count="265" type="stmt"/>
      </file>
      <file name="generationFromSimplerDatastructure.ts" path="/home/runner/work/JavaScriptGraph/JavaScriptGraph/testUtil/generationFromSimplerDatastructure.ts">
        <metrics statements="9" coveredstatements="9" conditionals="0" coveredconditionals="0" methods="6" coveredmethods="6"/>
        <line num="1" count="6" type="stmt"/>
        <line num="3" count="6" type="stmt"/>
        <line num="4" count="84" type="stmt"/>
        <line num="5" count="268" type="stmt"/>
        <line num="8" count="6" type="stmt"/>
        <line num="9" count="51" type="stmt"/>
        <line num="10" count="154" type="stmt"/>
        <line num="14" count="6" type="stmt"/>
        <line num="15" count="1581" type="stmt"/>
      </file>
    </package>
  </project>
</coverage>
