{"/home/runner/work/JavaScriptGraph/JavaScriptGraph/src/index.ts": {"path":"/home/runner/work/JavaScriptGraph/JavaScriptGraph/src/index.ts","statementMap":{"0":{"start":{"line":1,"column":0},"end":{"line":1,"column":25}},"1":{"start":{"line":2,"column":0},"end":{"line":2,"column":25}},"2":{"start":{"line":3,"column":0},"end":{"line":3,"column":25}},"3":{"start":{"line":4,"column":0},"end":{"line":4,"column":25}}},"fnMap":{},"branchMap":{},"s":{"0":6,"1":6,"2":6,"3":6},"f":{},"b":{}}
,"/home/runner/work/JavaScriptGraph/JavaScriptGraph/src/Errors/VertexNotFoundError.ts": {"path":"/home/runner/work/JavaScriptGraph/JavaScriptGraph/src/Errors/VertexNotFoundError.ts","statementMap":{"0":{"start":{"line":5,"column":8},"end":{"line":5,"column":70}},"1":{"start":{"line":3,"column":0},"end":{"line":3,"column":13}}},"fnMap":{"0":{"name":"(anonymous_0)","decl":{"start":{"line":4,"column":4},"end":{"line":4,"column":16}},"loc":{"start":{"line":4,"column":30},"end":{"line":6,"column":5}}}},"branchMap":{},"s":{"0":1,"1":14},"f":{"0":1},"b":{}}
,"/home/runner/work/JavaScriptGraph/JavaScriptGraph/src/Errors/index.ts": {"path":"/home/runner/work/JavaScriptGraph/JavaScriptGraph/src/Errors/index.ts","statementMap":{"0":{"start":{"line":1,"column":0},"end":{"line":1,"column":38}}},"fnMap":{},"branchMap":{},"s":{"0":14},"f":{},"b":{}}
,"/home/runner/work/JavaScriptGraph/JavaScriptGraph/src/Parser/index.ts": {"path":"/home/runner/work/JavaScriptGraph/JavaScriptGraph/src/Parser/index.ts","statementMap":{"0":{"start":{"line":1,"column":0},"end":{"line":1,"column":50}}},"fnMap":{},"branchMap":{},"s":{"0":6},"f":{},"b":{}}
,"/home/runner/work/JavaScriptGraph/JavaScriptGraph/src/Parser/SimpleGDFParser/SimpleGDFParser.ts": {"path":"/home/runner/work/JavaScriptGraph/JavaScriptGraph/src/Parser/SimpleGDFParser/SimpleGDFParser.ts","statementMap":{"0":{"start":{"line":2,"column":0},"end":{"line":2,"column":37}},"1":{"start":{"line":3,"column":0},"end":{"line":3,"column":43}},"2":{"start":{"line":4,"column":0},"end":{"line":4,"column":44}},"3":{"start":{"line":8,"column":4},"end":{"line":8,"column":57}},"4":{"start":{"line":9,"column":4},"end":{"line":9,"column":25}},"5":{"start":{"line":10,"column":4},"end":{"line":10,"column":88}},"6":{"start":{"line":13,"column":8},"end":{"line":13,"column":25}},"7":{"start":{"line":14,"column":8},"end":{"line":16,"column":null}},"8":{"start":{"line":15,"column":12},"end":{"line":15,"column":33}},"9":{"start":{"line":18,"column":8},"end":{"line":18,"column":40}},"10":{"start":{"line":22,"column":25},"end":{"line":22,"column":43}},"11":{"start":{"line":23,"column":8},"end":{"line":25,"column":null}},"12":{"start":{"line":24,"column":12},"end":{"line":24,"column":24}},"13":{"start":{"line":27,"column":8},"end":{"line":30,"column":null}},"14":{"start":{"line":28,"column":12},"end":{"line":28,"column":41}},"15":{"start":{"line":29,"column":12},"end":{"line":29,"column":40}},"16":{"start":{"line":32,"column":8},"end":{"line":35,"column":null}},"17":{"start":{"line":33,"column":12},"end":{"line":33,"column":41}},"18":{"start":{"line":34,"column":12},"end":{"line":34,"column":40}},"19":{"start":{"line":37,"column":8},"end":{"line":40,"column":null}},"20":{"start":{"line":38,"column":31},"end":{"line":38,"column":46}},"21":{"start":{"line":39,"column":12},"end":{"line":39,"column":69}},"22":{"start":{"line":42,"column":8},"end":{"line":45,"column":null}},"23":{"start":{"line":43,"column":47},"end":{"line":43,"column":66}},"24":{"start":{"line":44,"column":12},"end":{"line":44,"column":116}},"25":{"start":{"line":47,"column":8},"end":{"line":47,"column":40}},"26":{"start":{"line":51,"column":8},"end":{"line":51,"column":39}},"27":{"start":{"line":53,"column":8},"end":{"line":53,"column":20}},"28":{"start":{"line":7,"column":0},"end":{"line":7,"column":13}},"29":{"start":{"line":57,"column":0},"end":{"line":57,"column":31}}},"fnMap":{"0":{"name":"(anonymous_0)","decl":{"start":{"line":7,"column":0},"end":{"line":7,"column":13}},"loc":{"start":{"line":7,"column":0},"end":{"line":55,"column":1}}},"1":{"name":"(anonymous_1)","decl":{"start":{"line":12,"column":4},"end":{"line":12,"column":9}},"loc":{"start":{"line":12,"column":23},"end":{"line":19,"column":5}}},"2":{"name":"(anonymous_2)","decl":{"start":{"line":21,"column":4},"end":{"line":21,"column":17}},"loc":{"start":{"line":21,"column":17},"end":{"line":48,"column":5}}},"3":{"name":"(anonymous_3)","decl":{"start":{"line":50,"column":4},"end":{"line":50,"column":8}},"loc":{"start":{"line":50,"column":22},"end":{"line":54,"column":5}}}},"branchMap":{"0":{"loc":{"start":{"line":23,"column":8},"end":{"line":25,"column":null}},"type":"if","locations":[{"start":{"line":23,"column":8},"end":{"line":25,"column":null}}]},"1":{"loc":{"start":{"line":27,"column":8},"end":{"line":30,"column":null}},"type":"if","locations":[{"start":{"line":27,"column":8},"end":{"line":30,"column":null}}]},"2":{"loc":{"start":{"line":32,"column":8},"end":{"line":35,"column":null}},"type":"if","locations":[{"start":{"line":32,"column":8},"end":{"line":35,"column":null}}]},"3":{"loc":{"start":{"line":37,"column":8},"end":{"line":40,"column":null}},"type":"if","locations":[{"start":{"line":37,"column":8},"end":{"line":40,"column":null}}]},"4":{"loc":{"start":{"line":42,"column":8},"end":{"line":45,"column":null}},"type":"if","locations":[{"start":{"line":42,"column":8},"end":{"line":45,"column":null}}]}},"s":{"0":6,"1":6,"2":6,"3":5,"4":5,"5":5,"6":5,"7":5,"8":125,"9":5,"10":135,"11":135,"12":0,"13":135,"14":5,"15":5,"16":130,"17":5,"18":5,"19":125,"20":50,"21":50,"22":125,"23":75,"24":75,"25":125,"26":5,"27":5,"28":6,"29":6},"f":{"0":5,"1":5,"2":135,"3":5},"b":{"0":[0],"1":[5],"2":[5],"3":[50],"4":[75]}}
,"/home/runner/work/JavaScriptGraph/JavaScriptGraph/src/assets/index.ts": {"path":"/home/runner/work/JavaScriptGraph/JavaScriptGraph/src/assets/index.ts","statementMap":{"0":{"start":{"line":1,"column":0},"end":{"line":1,"column":49}}},"fnMap":{},"branchMap":{},"s":{"0":6},"f":{},"b":{}}
,"/home/runner/work/JavaScriptGraph/JavaScriptGraph/src/assets/FamousGraphs/PetersonGraph.gdf.ts": {"path":"/home/runner/work/JavaScriptGraph/JavaScriptGraph/src/assets/FamousGraphs/PetersonGraph.gdf.ts","statementMap":{"0":{"start":{"line":1,"column":13},"end":{"line":27,"column":5}}},"fnMap":{},"branchMap":{},"s":{"0":6},"f":{},"b":{}}
,"/home/runner/work/JavaScriptGraph/JavaScriptGraph/src/models/index.ts": {"path":"/home/runner/work/JavaScriptGraph/JavaScriptGraph/src/models/index.ts","statementMap":{"0":{"start":{"line":1,"column":0},"end":{"line":1,"column":46}},"1":{"start":{"line":3,"column":0},"end":{"line":3,"column":23}},"2":{"start":{"line":5,"column":0},"end":{"line":5,"column":30}},"3":{"start":{"line":6,"column":0},"end":{"line":6,"column":35}},"4":{"start":{"line":8,"column":0},"end":{"line":8,"column":32}},"5":{"start":{"line":9,"column":0},"end":{"line":9,"column":41}},"6":{"start":{"line":11,"column":0},"end":{"line":11,"column":49}},"7":{"start":{"line":12,"column":0},"end":{"line":12,"column":39}}},"fnMap":{},"branchMap":{},"s":{"0":6,"1":6,"2":6,"3":6,"4":6,"5":6,"6":6,"7":6},"f":{},"b":{}}
,"/home/runner/work/JavaScriptGraph/JavaScriptGraph/src/models/AdjacencyList/AdjacencyList.ts": {"path":"/home/runner/work/JavaScriptGraph/JavaScriptGraph/src/models/AdjacencyList/AdjacencyList.ts","statementMap":{"0":{"start":{"line":2,"column":0},"end":{"line":2,"column":66}},"1":{"start":{"line":9,"column":8},"end":{"line":9,"column":59}},"2":{"start":{"line":13,"column":8},"end":{"line":13,"column":108}},"3":{"start":{"line":13,"column":69},"end":{"line":13,"column":92}},"4":{"start":{"line":17,"column":8},"end":{"line":17,"column":53}},"5":{"start":{"line":21,"column":8},"end":{"line":21,"column":55}},"6":{"start":{"line":21,"column":48},"end":{"line":21,"column":55}},"7":{"start":{"line":22,"column":8},"end":{"line":22,"column":90}},"8":{"start":{"line":23,"column":8},"end":{"line":23,"column":90}},"9":{"start":{"line":27,"column":8},"end":{"line":27,"column":43}},"10":{"start":{"line":28,"column":8},"end":{"line":33,"column":null}},"11":{"start":{"line":29,"column":12},"end":{"line":32,"column":14}},"12":{"start":{"line":31,"column":36},"end":{"line":31,"column":53}},"13":{"start":{"line":37,"column":28},"end":{"line":37,"column":71}},"14":{"start":{"line":38,"column":31},"end":{"line":38,"column":81}},"15":{"start":{"line":38,"column":57},"end":{"line":38,"column":80}},"16":{"start":{"line":39,"column":8},"end":{"line":43,"column":null}},"17":{"start":{"line":40,"column":12},"end":{"line":40,"column":66}},"18":{"start":{"line":42,"column":12},"end":{"line":42,"column":53}},"19":{"start":{"line":46,"column":28},"end":{"line":46,"column":71}},"20":{"start":{"line":47,"column":31},"end":{"line":47,"column":81}},"21":{"start":{"line":47,"column":57},"end":{"line":47,"column":80}},"22":{"start":{"line":48,"column":8},"end":{"line":52,"column":null}},"23":{"start":{"line":49,"column":12},"end":{"line":49,"column":66}},"24":{"start":{"line":51,"column":12},"end":{"line":51,"column":53}},"25":{"start":{"line":5,"column":0},"end":{"line":5,"column":13}}},"fnMap":{"0":{"name":"(anonymous_0)","decl":{"start":{"line":8,"column":4},"end":{"line":8,"column":null}},"loc":{"start":{"line":8,"column":4},"end":{"line":10,"column":5}}},"1":{"name":"(anonymous_1)","decl":{"start":{"line":12,"column":4},"end":{"line":12,"column":15}},"loc":{"start":{"line":12,"column":30},"end":{"line":14,"column":5}}},"2":{"name":"(anonymous_2)","decl":{"start":{"line":13,"column":51},"end":{"line":13,"column":52}},"loc":{"start":{"line":13,"column":69},"end":{"line":13,"column":92}}},"3":{"name":"(anonymous_3)","decl":{"start":{"line":16,"column":4},"end":{"line":16,"column":23}},"loc":{"start":{"line":16,"column":33},"end":{"line":18,"column":5}}},"4":{"name":"(anonymous_4)","decl":{"start":{"line":20,"column":4},"end":{"line":20,"column":16}},"loc":{"start":{"line":20,"column":39},"end":{"line":24,"column":5}}},"5":{"name":"(anonymous_5)","decl":{"start":{"line":26,"column":4},"end":{"line":26,"column":16}},"loc":{"start":{"line":26,"column":26},"end":{"line":34,"column":5}}},"6":{"name":"(anonymous_6)","decl":{"start":{"line":31,"column":29},"end":{"line":31,"column":30}},"loc":{"start":{"line":31,"column":36},"end":{"line":31,"column":53}}},"7":{"name":"(anonymous_7)","decl":{"start":{"line":36,"column":4},"end":{"line":36,"column":14}},"loc":{"start":{"line":36,"column":28},"end":{"line":53,"column":5}}},"8":{"name":"(anonymous_8)","decl":{"start":{"line":38,"column":50},"end":{"line":38,"column":51}},"loc":{"start":{"line":38,"column":57},"end":{"line":38,"column":80}}},"9":{"name":"(anonymous_9)","decl":{"start":{"line":47,"column":50},"end":{"line":47,"column":51}},"loc":{"start":{"line":47,"column":57},"end":{"line":47,"column":80}}}},"branchMap":{"0":{"loc":{"start":{"line":17,"column":15},"end":{"line":17,"column":52}},"type":"cond-expr","locations":[{"start":{"line":17,"column":46},"end":{"line":17,"column":50}},{"start":{"line":17,"column":50},"end":{"line":17,"column":52}}]},"1":{"loc":{"start":{"line":17,"column":15},"end":{"line":17,"column":50}},"type":"binary-expr","locations":[{"start":{"line":17,"column":15},"end":{"line":17,"column":50}},{"start":{"line":17,"column":46},"end":{"line":17,"column":50}}]},"2":{"loc":{"start":{"line":21,"column":8},"end":{"line":21,"column":55}},"type":"if","locations":[{"start":{"line":21,"column":8},"end":{"line":21,"column":55}}]},"3":{"loc":{"start":{"line":37,"column":28},"end":{"line":37,"column":71}},"type":"cond-expr","locations":[{"start":{"line":37,"column":65},"end":{"line":37,"column":69}},{"start":{"line":37,"column":69},"end":{"line":37,"column":71}}]},"4":{"loc":{"start":{"line":37,"column":28},"end":{"line":37,"column":69}},"type":"binary-expr","locations":[{"start":{"line":37,"column":28},"end":{"line":37,"column":69}},{"start":{"line":37,"column":65},"end":{"line":37,"column":69}}]},"5":{"loc":{"start":{"line":39,"column":8},"end":{"line":43,"column":null}},"type":"if","locations":[{"start":{"line":39,"column":8},"end":{"line":43,"column":null}},{"start":{"line":41,"column":15},"end":{"line":43,"column":null}}]},"6":{"loc":{"start":{"line":46,"column":28},"end":{"line":46,"column":71}},"type":"cond-expr","locations":[{"start":{"line":46,"column":65},"end":{"line":46,"column":69}},{"start":{"line":46,"column":69},"end":{"line":46,"column":71}}]},"7":{"loc":{"start":{"line":46,"column":28},"end":{"line":46,"column":69}},"type":"binary-expr","locations":[{"start":{"line":46,"column":28},"end":{"line":46,"column":69}},{"start":{"line":46,"column":65},"end":{"line":46,"column":69}}]},"8":{"loc":{"start":{"line":48,"column":8},"end":{"line":52,"column":null}},"type":"if","locations":[{"start":{"line":48,"column":8},"end":{"line":52,"column":null}},{"start":{"line":50,"column":15},"end":{"line":52,"column":null}}]}},"s":{"0":15,"1":185,"2":620,"3":555,"4":1921,"5":590,"6":29,"7":561,"8":561,"9":42,"10":42,"11":84,"12":156,"13":61,"14":61,"15":114,"16":61,"17":54,"18":7,"19":61,"20":61,"21":114,"22":61,"23":54,"24":7,"25":15},"f":{"0":185,"1":620,"2":555,"3":1921,"4":590,"5":42,"6":156,"7":61,"8":114,"9":114},"b":{"0":[1091,830],"1":[1921,1921],"2":[29],"3":[61,0],"4":[61,61],"5":[54,7],"6":[61,0],"7":[61,61],"8":[54,7]}}
,"/home/runner/work/JavaScriptGraph/JavaScriptGraph/src/models/Edge/index.ts": {"path":"/home/runner/work/JavaScriptGraph/JavaScriptGraph/src/models/Edge/index.ts","statementMap":{"0":{"start":{"line":1,"column":0},"end":{"line":1,"column":37}},"1":{"start":{"line":2,"column":0},"end":{"line":2,"column":44}},"2":{"start":{"line":3,"column":0},"end":{"line":3,"column":48}},"3":{"start":{"line":4,"column":0},"end":{"line":4,"column":53}},"4":{"start":{"line":5,"column":0},"end":{"line":5,"column":55}}},"fnMap":{},"branchMap":{},"s":{"0":10,"1":10,"2":10,"3":10,"4":10},"f":{},"b":{}}
,"/home/runner/work/JavaScriptGraph/JavaScriptGraph/src/models/Edge/DirectedEdge/DirectedEdge.ts": {"path":"/home/runner/work/JavaScriptGraph/JavaScriptGraph/src/models/Edge/DirectedEdge/DirectedEdge.ts","statementMap":{"0":{"start":{"line":1,"column":0},"end":{"line":1,"column":45}},"1":{"start":{"line":6,"column":14},"end":{"line":6,"column":45}},"2":{"start":{"line":9,"column":8},"end":{"line":9,"column":28}},"3":{"start":{"line":13,"column":8},"end":{"line":13,"column":28}},"4":{"start":{"line":17,"column":8},"end":{"line":17,"column":20}},"5":{"start":{"line":21,"column":8},"end":{"line":21,"column":59}},"6":{"start":{"line":21,"column":46},"end":{"line":21,"column":59}},"7":{"start":{"line":22,"column":8},"end":{"line":22,"column":53}},"8":{"start":{"line":22,"column":40},"end":{"line":22,"column":53}},"9":{"start":{"line":24,"column":8},"end":{"line":24,"column":47}},"10":{"start":{"line":28,"column":8},"end":{"line":28,"column":67}},"11":{"start":{"line":28,"column":54},"end":{"line":28,"column":67}},"12":{"start":{"line":30,"column":8},"end":{"line":30,"column":88}},"13":{"start":{"line":35,"column":8},"end":{"line":35,"column":80}},"14":{"start":{"line":5,"column":0},"end":{"line":5,"column":13}}},"fnMap":{"0":{"name":"(anonymous_0)","decl":{"start":{"line":5,"column":0},"end":{"line":5,"column":13}},"loc":{"start":{"line":5,"column":0},"end":{"line":37,"column":1}}},"1":{"name":"(anonymous_1)","decl":{"start":{"line":8,"column":4},"end":{"line":8,"column":8}},"loc":{"start":{"line":8,"column":12},"end":{"line":10,"column":5}}},"2":{"name":"(anonymous_2)","decl":{"start":{"line":12,"column":4},"end":{"line":12,"column":8}},"loc":{"start":{"line":12,"column":10},"end":{"line":14,"column":5}}},"3":{"name":"(anonymous_3)","decl":{"start":{"line":16,"column":4},"end":{"line":16,"column":14}},"loc":{"start":{"line":16,"column":14},"end":{"line":18,"column":5}}},"4":{"name":"(anonymous_4)","decl":{"start":{"line":20,"column":4},"end":{"line":20,"column":10}},"loc":{"start":{"line":20,"column":26},"end":{"line":25,"column":5}}},"5":{"name":"(anonymous_5)","decl":{"start":{"line":27,"column":14},"end":{"line":27,"column":33}},"loc":{"start":{"line":27,"column":56},"end":{"line":31,"column":5}}},"6":{"name":"(anonymous_6)","decl":{"start":{"line":33,"column":4},"end":{"line":33,"column":12}},"loc":{"start":{"line":33,"column":12},"end":{"line":36,"column":5}}}},"branchMap":{"0":{"loc":{"start":{"line":21,"column":8},"end":{"line":21,"column":59}},"type":"if","locations":[{"start":{"line":21,"column":8},"end":{"line":21,"column":59}}]},"1":{"loc":{"start":{"line":22,"column":8},"end":{"line":22,"column":53}},"type":"if","locations":[{"start":{"line":22,"column":8},"end":{"line":22,"column":53}}]},"2":{"loc":{"start":{"line":28,"column":8},"end":{"line":28,"column":67}},"type":"if","locations":[{"start":{"line":28,"column":8},"end":{"line":28,"column":67}}]},"3":{"loc":{"start":{"line":30,"column":15},"end":{"line":30,"column":87}},"type":"binary-expr","locations":[{"start":{"line":30,"column":15},"end":{"line":30,"column":49}},{"start":{"line":30,"column":53},"end":{"line":30,"column":87}}]}},"s":{"0":17,"1":590,"2":0,"3":0,"4":71432,"5":32590,"6":2,"7":32588,"8":1897,"9":30691,"10":35415,"11":1,"12":35414,"13":7408,"14":17},"f":{"0":590,"1":0,"2":0,"3":71432,"4":32590,"5":35415,"6":7408},"b":{"0":[2],"1":[1897],"2":[1],"3":[35414,6574]}}
,"/home/runner/work/JavaScriptGraph/JavaScriptGraph/src/models/Edge/EdgeContracts/Edge.ts": {"path":"/home/runner/work/JavaScriptGraph/JavaScriptGraph/src/models/Edge/EdgeContracts/Edge.ts","statementMap":{"0":{"start":{"line":5,"column":23},"end":{"line":5,"column":33}},"1":{"start":{"line":5,"column":42},"end":{"line":5,"column":52}},"2":{"start":{"line":8,"column":21},"end":{"line":8,"column":33}},"3":{"start":{"line":9,"column":8},"end":{"line":9,"column":36}},"4":{"start":{"line":10,"column":8},"end":{"line":10,"column":28}},"5":{"start":{"line":14,"column":25},"end":{"line":14,"column":62}},"6":{"start":{"line":15,"column":8},"end":{"line":15,"column":44}},"7":{"start":{"line":15,"column":28},"end":{"line":15,"column":44}},"8":{"start":{"line":17,"column":8},"end":{"line":17,"column":53}},"9":{"start":{"line":4,"column":0},"end":{"line":4,"column":22}},"10":{"start":{"line":26,"column":25},"end":{"line":26,"column":110}},"11":{"start":{"line":26,"column":87},"end":{"line":26,"column":110}},"12":{"start":{"line":26,"column":13},"end":{"line":26,"column":25}},"13":{"start":{"line":28,"column":29},"end":{"line":28,"column":104}},"14":{"start":{"line":28,"column":90},"end":{"line":28,"column":104}},"15":{"start":{"line":28,"column":13},"end":{"line":28,"column":29}}},"fnMap":{"0":{"name":"(anonymous_0)","decl":{"start":{"line":5,"column":4},"end":{"line":5,"column":23}},"loc":{"start":{"line":5,"column":52},"end":{"line":5,"column":56}}},"1":{"name":"(anonymous_1)","decl":{"start":{"line":7,"column":4},"end":{"line":7,"column":13}},"loc":{"start":{"line":7,"column":13},"end":{"line":11,"column":5}}},"2":{"name":"(anonymous_2)","decl":{"start":{"line":13,"column":4},"end":{"line":13,"column":13}},"loc":{"start":{"line":13,"column":25},"end":{"line":18,"column":5}}},"3":{"name":"(anonymous_3)","decl":{"start":{"line":26,"column":25},"end":{"line":26,"column":63}},"loc":{"start":{"line":26,"column":87},"end":{"line":26,"column":110}}},"4":{"name":"(anonymous_4)","decl":{"start":{"line":28,"column":29},"end":{"line":28,"column":67}},"loc":{"start":{"line":28,"column":90},"end":{"line":28,"column":104}}}},"branchMap":{"0":{"loc":{"start":{"line":15,"column":8},"end":{"line":15,"column":44}},"type":"if","locations":[{"start":{"line":15,"column":8},"end":{"line":15,"column":44}}]}},"s":{"0":946,"1":946,"2":10,"3":10,"4":10,"5":451,"6":451,"7":300,"8":151,"9":17,"10":17,"11":18,"12":17,"13":17,"14":434,"15":17},"f":{"0":946,"1":10,"2":451,"3":18,"4":434},"b":{"0":[300]}}
,"/home/runner/work/JavaScriptGraph/JavaScriptGraph/src/models/Edge/UndirectedEdge/UndirectedEdge.ts": {"path":"/home/runner/work/JavaScriptGraph/JavaScriptGraph/src/models/Edge/UndirectedEdge/UndirectedEdge.ts","statementMap":{"0":{"start":{"line":1,"column":0},"end":{"line":1,"column":45}},"1":{"start":{"line":6,"column":14},"end":{"line":6,"column":47}},"2":{"start":{"line":9,"column":8},"end":{"line":9,"column":21}},"3":{"start":{"line":13,"column":8},"end":{"line":13,"column":61}},"4":{"start":{"line":13,"column":48},"end":{"line":13,"column":61}},"5":{"start":{"line":14,"column":8},"end":{"line":14,"column":53}},"6":{"start":{"line":14,"column":40},"end":{"line":14,"column":53}},"7":{"start":{"line":16,"column":8},"end":{"line":16,"column":49}},"8":{"start":{"line":20,"column":8},"end":{"line":20,"column":67}},"9":{"start":{"line":20,"column":54},"end":{"line":20,"column":67}},"10":{"start":{"line":22,"column":8},"end":{"line":25,"column":10}},"11":{"start":{"line":30,"column":8},"end":{"line":30,"column":81}},"12":{"start":{"line":5,"column":0},"end":{"line":5,"column":13}}},"fnMap":{"0":{"name":"(anonymous_0)","decl":{"start":{"line":5,"column":0},"end":{"line":5,"column":13}},"loc":{"start":{"line":5,"column":0},"end":{"line":32,"column":1}}},"1":{"name":"(anonymous_1)","decl":{"start":{"line":8,"column":4},"end":{"line":8,"column":14}},"loc":{"start":{"line":8,"column":14},"end":{"line":10,"column":5}}},"2":{"name":"(anonymous_2)","decl":{"start":{"line":12,"column":4},"end":{"line":12,"column":10}},"loc":{"start":{"line":12,"column":26},"end":{"line":17,"column":5}}},"3":{"name":"(anonymous_3)","decl":{"start":{"line":19,"column":14},"end":{"line":19,"column":35}},"loc":{"start":{"line":19,"column":60},"end":{"line":26,"column":5}}},"4":{"name":"(anonymous_4)","decl":{"start":{"line":28,"column":4},"end":{"line":28,"column":12}},"loc":{"start":{"line":28,"column":12},"end":{"line":31,"column":5}}}},"branchMap":{"0":{"loc":{"start":{"line":13,"column":8},"end":{"line":13,"column":61}},"type":"if","locations":[{"start":{"line":13,"column":8},"end":{"line":13,"column":61}}]},"1":{"loc":{"start":{"line":14,"column":8},"end":{"line":14,"column":53}},"type":"if","locations":[{"start":{"line":14,"column":8},"end":{"line":14,"column":53}}]},"2":{"loc":{"start":{"line":20,"column":8},"end":{"line":20,"column":67}},"type":"if","locations":[{"start":{"line":20,"column":8},"end":{"line":20,"column":67}}]},"3":{"loc":{"start":{"line":23,"column":12},"end":{"line":24,"column":86}},"type":"binary-expr","locations":[{"start":{"line":23,"column":13},"end":{"line":23,"column":47}},{"start":{"line":23,"column":51},"end":{"line":23,"column":85}},{"start":{"line":24,"column":13},"end":{"line":24,"column":47}},{"start":{"line":24,"column":51},"end":{"line":24,"column":85}}]}},"s":{"0":17,"1":356,"2":71496,"3":32713,"4":2,"5":32711,"6":1893,"7":30818,"8":35537,"9":1,"10":35536,"11":4866,"12":17},"f":{"0":356,"1":71496,"2":32713,"3":35537,"4":4866},"b":{"0":[2],"1":[1893],"2":[1],"3":[35536,6582,31085,4054]}}
,"/home/runner/work/JavaScriptGraph/JavaScriptGraph/src/models/Edge/WeightedEdges/WeightedDirectedEdge.ts": {"path":"/home/runner/work/JavaScriptGraph/JavaScriptGraph/src/models/Edge/WeightedEdges/WeightedDirectedEdge.ts","statementMap":{"0":{"start":{"line":1,"column":0},"end":{"line":1,"column":60}},"1":{"start":{"line":9,"column":8},"end":{"line":9,"column":32}},"2":{"start":{"line":8,"column":50},"end":{"line":8,"column":65}},"3":{"start":{"line":6,"column":14},"end":{"line":6,"column":53}},"4":{"start":{"line":13,"column":8},"end":{"line":13,"column":28}},"5":{"start":{"line":17,"column":8},"end":{"line":17,"column":67}},"6":{"start":{"line":17,"column":54},"end":{"line":17,"column":67}},"7":{"start":{"line":18,"column":8},"end":{"line":18,"column":53}},"8":{"start":{"line":18,"column":40},"end":{"line":18,"column":53}},"9":{"start":{"line":20,"column":8},"end":{"line":20,"column":55}},"10":{"start":{"line":24,"column":8},"end":{"line":24,"column":90}},"11":{"start":{"line":28,"column":8},"end":{"line":28,"column":55}},"12":{"start":{"line":5,"column":0},"end":{"line":5,"column":13}}},"fnMap":{"0":{"name":"(anonymous_0)","decl":{"start":{"line":8,"column":4},"end":{"line":8,"column":16}},"loc":{"start":{"line":8,"column":65},"end":{"line":10,"column":5}}},"1":{"name":"(anonymous_1)","decl":{"start":{"line":12,"column":4},"end":{"line":12,"column":13}},"loc":{"start":{"line":12,"column":13},"end":{"line":14,"column":5}}},"2":{"name":"(anonymous_2)","decl":{"start":{"line":16,"column":4},"end":{"line":16,"column":10}},"loc":{"start":{"line":16,"column":26},"end":{"line":21,"column":5}}},"3":{"name":"(anonymous_3)","decl":{"start":{"line":23,"column":14},"end":{"line":23,"column":41}},"loc":{"start":{"line":23,"column":72},"end":{"line":25,"column":5}}},"4":{"name":"(anonymous_4)","decl":{"start":{"line":27,"column":4},"end":{"line":27,"column":12}},"loc":{"start":{"line":27,"column":12},"end":{"line":29,"column":5}}}},"branchMap":{"0":{"loc":{"start":{"line":17,"column":8},"end":{"line":17,"column":67}},"type":"if","locations":[{"start":{"line":17,"column":8},"end":{"line":17,"column":67}}]},"1":{"loc":{"start":{"line":18,"column":8},"end":{"line":18,"column":53}},"type":"if","locations":[{"start":{"line":18,"column":8},"end":{"line":18,"column":53}}]},"2":{"loc":{"start":{"line":24,"column":15},"end":{"line":24,"column":89}},"type":"binary-expr","locations":[{"start":{"line":24,"column":15},"end":{"line":24,"column":53}},{"start":{"line":24,"column":57},"end":{"line":24,"column":89}}]}},"s":{"0":12,"1":54,"2":54,"3":54,"4":70279,"5":36057,"6":1895,"7":34162,"8":2,"9":34160,"10":34160,"11":1948,"12":12},"f":{"0":54,"1":70279,"2":36057,"3":34160,"4":1948},"b":{"0":[1895],"1":[2],"2":[34160,4724]}}
,"/home/runner/work/JavaScriptGraph/JavaScriptGraph/src/models/Edge/WeightedEdges/WeightedUndirectedEdge.ts": {"path":"/home/runner/work/JavaScriptGraph/JavaScriptGraph/src/models/Edge/WeightedEdges/WeightedUndirectedEdge.ts","statementMap":{"0":{"start":{"line":2,"column":0},"end":{"line":2,"column":66}},"1":{"start":{"line":9,"column":8},"end":{"line":9,"column":32}},"2":{"start":{"line":8,"column":50},"end":{"line":8,"column":65}},"3":{"start":{"line":6,"column":14},"end":{"line":6,"column":55}},"4":{"start":{"line":13,"column":8},"end":{"line":13,"column":28}},"5":{"start":{"line":17,"column":8},"end":{"line":17,"column":69}},"6":{"start":{"line":17,"column":56},"end":{"line":17,"column":69}},"7":{"start":{"line":18,"column":8},"end":{"line":18,"column":53}},"8":{"start":{"line":18,"column":40},"end":{"line":18,"column":53}},"9":{"start":{"line":20,"column":8},"end":{"line":20,"column":57}},"10":{"start":{"line":24,"column":8},"end":{"line":24,"column":92}},"11":{"start":{"line":28,"column":8},"end":{"line":28,"column":55}},"12":{"start":{"line":5,"column":0},"end":{"line":5,"column":13}}},"fnMap":{"0":{"name":"(anonymous_0)","decl":{"start":{"line":8,"column":4},"end":{"line":8,"column":16}},"loc":{"start":{"line":8,"column":65},"end":{"line":10,"column":5}}},"1":{"name":"(anonymous_1)","decl":{"start":{"line":12,"column":4},"end":{"line":12,"column":13}},"loc":{"start":{"line":12,"column":13},"end":{"line":14,"column":5}}},"2":{"name":"(anonymous_2)","decl":{"start":{"line":16,"column":4},"end":{"line":16,"column":10}},"loc":{"start":{"line":16,"column":26},"end":{"line":21,"column":5}}},"3":{"name":"(anonymous_3)","decl":{"start":{"line":23,"column":14},"end":{"line":23,"column":43}},"loc":{"start":{"line":23,"column":76},"end":{"line":25,"column":5}}},"4":{"name":"(anonymous_4)","decl":{"start":{"line":27,"column":4},"end":{"line":27,"column":12}},"loc":{"start":{"line":27,"column":12},"end":{"line":29,"column":5}}}},"branchMap":{"0":{"loc":{"start":{"line":17,"column":8},"end":{"line":17,"column":69}},"type":"if","locations":[{"start":{"line":17,"column":8},"end":{"line":17,"column":69}}]},"1":{"loc":{"start":{"line":18,"column":8},"end":{"line":18,"column":53}},"type":"if","locations":[{"start":{"line":18,"column":8},"end":{"line":18,"column":53}}]},"2":{"loc":{"start":{"line":24,"column":15},"end":{"line":24,"column":91}},"type":"binary-expr","locations":[{"start":{"line":24,"column":15},"end":{"line":24,"column":53}},{"start":{"line":24,"column":57},"end":{"line":24,"column":91}}]}},"s":{"0":12,"1":52,"2":52,"3":52,"4":70237,"5":36052,"6":1895,"7":34157,"8":2,"9":34155,"10":34155,"11":1916,"12":12},"f":{"0":52,"1":70237,"2":36052,"3":34155,"4":1916},"b":{"0":[1895],"1":[2],"2":[34155,4719]}}
,"/home/runner/work/JavaScriptGraph/JavaScriptGraph/src/models/Graph/Graph.ts": {"path":"/home/runner/work/JavaScriptGraph/JavaScriptGraph/src/models/Graph/Graph.ts","statementMap":{"0":{"start":{"line":1,"column":0},"end":{"line":1,"column":66}},"1":{"start":{"line":4,"column":0},"end":{"line":4,"column":46}},"2":{"start":{"line":5,"column":0},"end":{"line":5,"column":60}},"3":{"start":{"line":6,"column":0},"end":{"line":6,"column":51}},"4":{"start":{"line":7,"column":0},"end":{"line":7,"column":63}},"5":{"start":{"line":8,"column":0},"end":{"line":8,"column":74}},"6":{"start":{"line":9,"column":0},"end":{"line":9,"column":66}},"7":{"start":{"line":10,"column":0},"end":{"line":10,"column":108}},"8":{"start":{"line":36,"column":8},"end":{"line":36,"column":31}},"9":{"start":{"line":37,"column":8},"end":{"line":37,"column":34}},"10":{"start":{"line":38,"column":8},"end":{"line":38,"column":57}},"11":{"start":{"line":39,"column":8},"end":{"line":39,"column":53}},"12":{"start":{"line":41,"column":8},"end":{"line":41,"column":68}},"13":{"start":{"line":51,"column":31},"end":{"line":51,"column":54}},"14":{"start":{"line":52,"column":35},"end":{"line":52,"column":58}},"15":{"start":{"line":54,"column":8},"end":{"line":54,"column":53}},"16":{"start":{"line":54,"column":30},"end":{"line":54,"column":51}},"17":{"start":{"line":55,"column":8},"end":{"line":55,"column":71}},"18":{"start":{"line":55,"column":44},"end":{"line":55,"column":69}},"19":{"start":{"line":57,"column":33},"end":{"line":57,"column":88}},"20":{"start":{"line":59,"column":8},"end":{"line":61,"column":11}},"21":{"start":{"line":60,"column":12},"end":{"line":60,"column":52}},"22":{"start":{"line":63,"column":8},"end":{"line":63,"column":20}},"23":{"start":{"line":73,"column":31},"end":{"line":73,"column":54}},"24":{"start":{"line":74,"column":35},"end":{"line":74,"column":58}},"25":{"start":{"line":76,"column":8},"end":{"line":76,"column":53}},"26":{"start":{"line":76,"column":30},"end":{"line":76,"column":51}},"27":{"start":{"line":77,"column":8},"end":{"line":77,"column":71}},"28":{"start":{"line":77,"column":44},"end":{"line":77,"column":69}},"29":{"start":{"line":79,"column":33},"end":{"line":79,"column":90}},"30":{"start":{"line":80,"column":8},"end":{"line":89,"column":11}},"31":{"start":{"line":81,"column":12},"end":{"line":81,"column":95}},"32":{"start":{"line":81,"column":70},"end":{"line":81,"column":93}},"33":{"start":{"line":82,"column":12},"end":{"line":84,"column":14}},"34":{"start":{"line":83,"column":23},"end":{"line":83,"column":89}},"35":{"start":{"line":86,"column":12},"end":{"line":86,"column":61}},"36":{"start":{"line":88,"column":12},"end":{"line":88,"column":59}},"37":{"start":{"line":91,"column":8},"end":{"line":91,"column":20}},"38":{"start":{"line":104,"column":28},"end":{"line":104,"column":51}},"39":{"start":{"line":105,"column":32},"end":{"line":105,"column":55}},"40":{"start":{"line":107,"column":8},"end":{"line":107,"column":48}},"41":{"start":{"line":107,"column":28},"end":{"line":107,"column":46}},"42":{"start":{"line":108,"column":8},"end":{"line":108,"column":65}},"43":{"start":{"line":108,"column":41},"end":{"line":108,"column":63}},"44":{"start":{"line":110,"column":30},"end":{"line":110,"column":79}},"45":{"start":{"line":112,"column":8},"end":{"line":114,"column":107}},"46":{"start":{"line":113,"column":12},"end":{"line":113,"column":108}},"47":{"start":{"line":113,"column":50},"end":{"line":113,"column":106}},"48":{"start":{"line":114,"column":13},"end":{"line":114,"column":107}},"49":{"start":{"line":114,"column":51},"end":{"line":114,"column":105}},"50":{"start":{"line":116,"column":8},"end":{"line":125,"column":11}},"51":{"start":{"line":117,"column":12},"end":{"line":117,"column":47}},"52":{"start":{"line":119,"column":12},"end":{"line":119,"column":84}},"53":{"start":{"line":120,"column":12},"end":{"line":120,"column":85}},"54":{"start":{"line":122,"column":12},"end":{"line":124,"column":null}},"55":{"start":{"line":123,"column":16},"end":{"line":123,"column":88}},"56":{"start":{"line":127,"column":8},"end":{"line":127,"column":20}},"57":{"start":{"line":137,"column":28},"end":{"line":137,"column":51}},"58":{"start":{"line":138,"column":32},"end":{"line":138,"column":55}},"59":{"start":{"line":140,"column":8},"end":{"line":140,"column":48}},"60":{"start":{"line":140,"column":28},"end":{"line":140,"column":46}},"61":{"start":{"line":141,"column":8},"end":{"line":141,"column":65}},"62":{"start":{"line":141,"column":41},"end":{"line":141,"column":63}},"63":{"start":{"line":143,"column":30},"end":{"line":143,"column":81}},"64":{"start":{"line":144,"column":8},"end":{"line":161,"column":11}},"65":{"start":{"line":145,"column":12},"end":{"line":145,"column":87}},"66":{"start":{"line":145,"column":64},"end":{"line":145,"column":85}},"67":{"start":{"line":147,"column":41},"end":{"line":147,"column":105}},"68":{"start":{"line":148,"column":43},"end":{"line":148,"column":107}},"69":{"start":{"line":150,"column":12},"end":{"line":152,"column":null}},"70":{"start":{"line":151,"column":16},"end":{"line":151,"column":89}},"71":{"start":{"line":154,"column":12},"end":{"line":156,"column":null}},"72":{"start":{"line":155,"column":16},"end":{"line":155,"column":89}},"73":{"start":{"line":158,"column":12},"end":{"line":160,"column":null}},"74":{"start":{"line":159,"column":16},"end":{"line":159,"column":59}},"75":{"start":{"line":163,"column":8},"end":{"line":163,"column":20}},"76":{"start":{"line":172,"column":8},"end":{"line":172,"column":67}},"77":{"start":{"line":181,"column":25},"end":{"line":181,"column":46}},"78":{"start":{"line":182,"column":28},"end":{"line":182,"column":52}},"79":{"start":{"line":183,"column":26},"end":{"line":183,"column":28}},"80":{"start":{"line":187,"column":8},"end":{"line":198,"column":null}},"81":{"start":{"line":188,"column":36},"end":{"line":188,"column":61}},"82":{"start":{"line":189,"column":12},"end":{"line":191,"column":15}},"83":{"start":{"line":190,"column":16},"end":{"line":190,"column":63}},"84":{"start":{"line":193,"column":12},"end":{"line":197,"column":15}},"85":{"start":{"line":194,"column":16},"end":{"line":194,"column":87}},"86":{"start":{"line":194,"column":55},"end":{"line":194,"column":87}},"87":{"start":{"line":196,"column":16},"end":{"line":196,"column":115}},"88":{"start":{"line":196,"column":83},"end":{"line":196,"column":115}},"89":{"start":{"line":200,"column":26},"end":{"line":200,"column":49}},"90":{"start":{"line":201,"column":8},"end":{"line":201,"column":48}},"91":{"start":{"line":201,"column":30},"end":{"line":201,"column":46}},"92":{"start":{"line":203,"column":8},"end":{"line":203,"column":35}},"93":{"start":{"line":212,"column":8},"end":{"line":214,"column":11}},"94":{"start":{"line":213,"column":12},"end":{"line":213,"column":68}},"95":{"start":{"line":224,"column":8},"end":{"line":230,"column":11}},"96":{"start":{"line":225,"column":12},"end":{"line":227,"column":null}},"97":{"start":{"line":226,"column":16},"end":{"line":226,"column":46}},"98":{"start":{"line":229,"column":12},"end":{"line":229,"column":68}},"99":{"start":{"line":240,"column":8},"end":{"line":246,"column":11}},"100":{"start":{"line":241,"column":12},"end":{"line":243,"column":null}},"101":{"start":{"line":242,"column":16},"end":{"line":242,"column":46}},"102":{"start":{"line":245,"column":12},"end":{"line":245,"column":68}},"103":{"start":{"line":256,"column":8},"end":{"line":262,"column":10}},"104":{"start":{"line":258,"column":16},"end":{"line":261,"column":60}},"105":{"start":{"line":272,"column":8},"end":{"line":274,"column":11}},"106":{"start":{"line":273,"column":12},"end":{"line":273,"column":35}},"107":{"start":{"line":276,"column":8},"end":{"line":276,"column":84}},"108":{"start":{"line":285,"column":27},"end":{"line":285,"column":41}},"109":{"start":{"line":286,"column":8},"end":{"line":286,"column":114}},"110":{"start":{"line":286,"column":81},"end":{"line":286,"column":114}},"111":{"start":{"line":293,"column":52},"end":{"line":293,"column":72}},"112":{"start":{"line":294,"column":8},"end":{"line":294,"column":108}},"113":{"start":{"line":294,"column":68},"end":{"line":294,"column":108}},"114":{"start":{"line":297,"column":8},"end":{"line":306,"column":null}},"115":{"start":{"line":298,"column":32},"end":{"line":298,"column":56}},"116":{"start":{"line":299,"column":12},"end":{"line":303,"column":null}},"117":{"start":{"line":299,"column":42},"end":{"line":299,"column":68}},"118":{"start":{"line":301,"column":16},"end":{"line":301,"column":48}},"119":{"start":{"line":302,"column":16},"end":{"line":302,"column":47}},"120":{"start":{"line":305,"column":12},"end":{"line":305,"column":40}},"121":{"start":{"line":308,"column":27},"end":{"line":308,"column":29}},"122":{"start":{"line":310,"column":8},"end":{"line":350,"column":null}},"123":{"start":{"line":311,"column":12},"end":{"line":311,"column":38}},"124":{"start":{"line":313,"column":28},"end":{"line":313,"column":32}},"125":{"start":{"line":314,"column":33},"end":{"line":314,"column":37}},"126":{"start":{"line":316,"column":12},"end":{"line":349,"column":null}},"127":{"start":{"line":316,"column":55},"end":{"line":316,"column":56}},"128":{"start":{"line":317,"column":16},"end":{"line":317,"column":44}},"129":{"start":{"line":318,"column":16},"end":{"line":334,"column":null}},"130":{"start":{"line":319,"column":20},"end":{"line":319,"column":37}},"131":{"start":{"line":320,"column":20},"end":{"line":320,"column":42}},"132":{"start":{"line":321,"column":20},"end":{"line":325,"column":null}},"133":{"start":{"line":322,"column":24},"end":{"line":325,"column":null}},"134":{"start":{"line":323,"column":28},"end":{"line":323,"column":59}},"135":{"start":{"line":324,"column":28},"end":{"line":324,"column":34}},"136":{"start":{"line":327,"column":20},"end":{"line":333,"column":null}},"137":{"start":{"line":328,"column":46},"end":{"line":328,"column":90}},"138":{"start":{"line":329,"column":24},"end":{"line":330,"column":58}},"139":{"start":{"line":329,"column":56},"end":{"line":329,"column":73}},"140":{"start":{"line":330,"column":29},"end":{"line":330,"column":58}},"141":{"start":{"line":332,"column":24},"end":{"line":332,"column":41}},"142":{"start":{"line":336,"column":16},"end":{"line":336,"column":55}},"143":{"start":{"line":336,"column":49},"end":{"line":336,"column":55}},"144":{"start":{"line":338,"column":16},"end":{"line":348,"column":null}},"145":{"start":{"line":339,"column":20},"end":{"line":339,"column":53}},"146":{"start":{"line":340,"column":45},"end":{"line":340,"column":81}},"147":{"start":{"line":341,"column":20},"end":{"line":341,"column":57}},"148":{"start":{"line":342,"column":20},"end":{"line":342,"column":47}},"149":{"start":{"line":344,"column":20},"end":{"line":344,"column":93}},"150":{"start":{"line":346,"column":20},"end":{"line":346,"column":51}},"151":{"start":{"line":347,"column":20},"end":{"line":347,"column":52}},"152":{"start":{"line":363,"column":8},"end":{"line":363,"column":96}},"153":{"start":{"line":363,"column":43},"end":{"line":363,"column":94}},"154":{"start":{"line":365,"column":25},"end":{"line":365,"column":42}},"155":{"start":{"line":366,"column":8},"end":{"line":366,"column":40}},"156":{"start":{"line":368,"column":8},"end":{"line":374,"column":11}},"157":{"start":{"line":369,"column":12},"end":{"line":373,"column":45}},"158":{"start":{"line":373,"column":16},"end":{"line":373,"column":45}},"159":{"start":{"line":376,"column":8},"end":{"line":376,"column":24}},"160":{"start":{"line":380,"column":8},"end":{"line":380,"column":97}},"161":{"start":{"line":387,"column":8},"end":{"line":387,"column":31}},"162":{"start":{"line":394,"column":8},"end":{"line":394,"column":44}},"163":{"start":{"line":401,"column":8},"end":{"line":401,"column":47}},"164":{"start":{"line":408,"column":8},"end":{"line":408,"column":48}},"165":{"start":{"line":415,"column":8},"end":{"line":415,"column":46}},"166":{"start":{"line":425,"column":8},"end":{"line":425,"column":47}},"167":{"start":{"line":436,"column":8},"end":{"line":436,"column":60}},"168":{"start":{"line":437,"column":8},"end":{"line":437,"column":60}},"169":{"start":{"line":448,"column":8},"end":{"line":448,"column":90}},"170":{"start":{"line":448,"column":52},"end":{"line":448,"column":90}},"171":{"start":{"line":460,"column":8},"end":{"line":460,"column":102}},"172":{"start":{"line":460,"column":59},"end":{"line":460,"column":86}},"173":{"start":{"line":17,"column":0},"end":{"line":17,"column":13}}},"fnMap":{"0":{"name":"(anonymous_0)","decl":{"start":{"line":35,"column":4},"end":{"line":35,"column":16}},"loc":{"start":{"line":35,"column":58},"end":{"line":42,"column":5}}},"1":{"name":"(anonymous_1)","decl":{"start":{"line":50,"column":4},"end":{"line":50,"column":13}},"loc":{"start":{"line":50,"column":28},"end":{"line":64,"column":5}}},"2":{"name":"(anonymous_2)","decl":{"start":{"line":54,"column":23},"end":{"line":54,"column":24}},"loc":{"start":{"line":54,"column":30},"end":{"line":54,"column":51}}},"3":{"name":"(anonymous_3)","decl":{"start":{"line":55,"column":37},"end":{"line":55,"column":38}},"loc":{"start":{"line":55,"column":44},"end":{"line":55,"column":69}}},"4":{"name":"(anonymous_4)","decl":{"start":{"line":59,"column":33},"end":{"line":59,"column":34}},"loc":{"start":{"line":59,"column":50},"end":{"line":61,"column":9}}},"5":{"name":"(anonymous_5)","decl":{"start":{"line":72,"column":4},"end":{"line":72,"column":16}},"loc":{"start":{"line":72,"column":31},"end":{"line":92,"column":5}}},"6":{"name":"(anonymous_6)","decl":{"start":{"line":76,"column":23},"end":{"line":76,"column":24}},"loc":{"start":{"line":76,"column":30},"end":{"line":76,"column":51}}},"7":{"name":"(anonymous_7)","decl":{"start":{"line":77,"column":37},"end":{"line":77,"column":38}},"loc":{"start":{"line":77,"column":44},"end":{"line":77,"column":69}}},"8":{"name":"(anonymous_8)","decl":{"start":{"line":80,"column":33},"end":{"line":80,"column":34}},"loc":{"start":{"line":80,"column":50},"end":{"line":89,"column":9}}},"9":{"name":"(anonymous_9)","decl":{"start":{"line":81,"column":63},"end":{"line":81,"column":64}},"loc":{"start":{"line":81,"column":70},"end":{"line":81,"column":93}}},"10":{"name":"(anonymous_10)","decl":{"start":{"line":83,"column":16},"end":{"line":83,"column":17}},"loc":{"start":{"line":83,"column":23},"end":{"line":83,"column":89}}},"11":{"name":"(anonymous_11)","decl":{"start":{"line":103,"column":4},"end":{"line":103,"column":11}},"loc":{"start":{"line":103,"column":24},"end":{"line":128,"column":5}}},"12":{"name":"(anonymous_12)","decl":{"start":{"line":107,"column":21},"end":{"line":107,"column":22}},"loc":{"start":{"line":107,"column":28},"end":{"line":107,"column":46}}},"13":{"name":"(anonymous_13)","decl":{"start":{"line":108,"column":34},"end":{"line":108,"column":35}},"loc":{"start":{"line":108,"column":41},"end":{"line":108,"column":63}}},"14":{"name":"(anonymous_14)","decl":{"start":{"line":113,"column":34},"end":{"line":113,"column":35}},"loc":{"start":{"line":113,"column":50},"end":{"line":113,"column":106}}},"15":{"name":"(anonymous_15)","decl":{"start":{"line":114,"column":35},"end":{"line":114,"column":36}},"loc":{"start":{"line":114,"column":51},"end":{"line":114,"column":105}}},"16":{"name":"(anonymous_16)","decl":{"start":{"line":116,"column":30},"end":{"line":116,"column":31}},"loc":{"start":{"line":116,"column":45},"end":{"line":125,"column":9}}},"17":{"name":"(anonymous_17)","decl":{"start":{"line":136,"column":4},"end":{"line":136,"column":14}},"loc":{"start":{"line":136,"column":27},"end":{"line":164,"column":5}}},"18":{"name":"(anonymous_18)","decl":{"start":{"line":140,"column":21},"end":{"line":140,"column":22}},"loc":{"start":{"line":140,"column":28},"end":{"line":140,"column":46}}},"19":{"name":"(anonymous_19)","decl":{"start":{"line":141,"column":34},"end":{"line":141,"column":35}},"loc":{"start":{"line":141,"column":41},"end":{"line":141,"column":63}}},"20":{"name":"(anonymous_20)","decl":{"start":{"line":144,"column":30},"end":{"line":144,"column":31}},"loc":{"start":{"line":144,"column":45},"end":{"line":161,"column":9}}},"21":{"name":"(anonymous_21)","decl":{"start":{"line":145,"column":57},"end":{"line":145,"column":58}},"loc":{"start":{"line":145,"column":64},"end":{"line":145,"column":85}}},"22":{"name":"(anonymous_22)","decl":{"start":{"line":171,"column":4},"end":{"line":171,"column":26}},"loc":{"start":{"line":171,"column":36},"end":{"line":173,"column":5}}},"23":{"name":"(anonymous_23)","decl":{"start":{"line":180,"column":4},"end":{"line":180,"column":20}},"loc":{"start":{"line":180,"column":30},"end":{"line":204,"column":5}}},"24":{"name":"(anonymous_24)","decl":{"start":{"line":189,"column":40},"end":{"line":189,"column":41}},"loc":{"start":{"line":189,"column":55},"end":{"line":191,"column":13}}},"25":{"name":"(anonymous_25)","decl":{"start":{"line":193,"column":29},"end":{"line":193,"column":30}},"loc":{"start":{"line":193,"column":44},"end":{"line":197,"column":13}}},"26":{"name":"(anonymous_26)","decl":{"start":{"line":201,"column":23},"end":{"line":201,"column":24}},"loc":{"start":{"line":201,"column":30},"end":{"line":201,"column":46}}},"27":{"name":"(anonymous_27)","decl":{"start":{"line":211,"column":4},"end":{"line":211,"column":20}},"loc":{"start":{"line":211,"column":30},"end":{"line":215,"column":5}}},"28":{"name":"(anonymous_28)","decl":{"start":{"line":212,"column":44},"end":{"line":212,"column":45}},"loc":{"start":{"line":212,"column":69},"end":{"line":214,"column":9}}},"29":{"name":"(anonymous_29)","decl":{"start":{"line":223,"column":4},"end":{"line":223,"column":20}},"loc":{"start":{"line":223,"column":30},"end":{"line":231,"column":5}}},"30":{"name":"(anonymous_30)","decl":{"start":{"line":224,"column":44},"end":{"line":224,"column":45}},"loc":{"start":{"line":224,"column":81},"end":{"line":230,"column":9}}},"31":{"name":"(anonymous_31)","decl":{"start":{"line":239,"column":4},"end":{"line":239,"column":20}},"loc":{"start":{"line":239,"column":30},"end":{"line":247,"column":5}}},"32":{"name":"(anonymous_32)","decl":{"start":{"line":240,"column":44},"end":{"line":240,"column":45}},"loc":{"start":{"line":240,"column":81},"end":{"line":246,"column":9}}},"33":{"name":"(anonymous_33)","decl":{"start":{"line":255,"column":4},"end":{"line":255,"column":12}},"loc":{"start":{"line":255,"column":35},"end":{"line":263,"column":5}}},"34":{"name":"(anonymous_34)","decl":{"start":{"line":257,"column":12},"end":{"line":257,"column":13}},"loc":{"start":{"line":258,"column":16},"end":{"line":261,"column":60}}},"35":{"name":"(anonymous_35)","decl":{"start":{"line":271,"column":4},"end":{"line":271,"column":13}},"loc":{"start":{"line":271,"column":13},"end":{"line":277,"column":5}}},"36":{"name":"(anonymous_36)","decl":{"start":{"line":272,"column":34},"end":{"line":272,"column":35}},"loc":{"start":{"line":272,"column":49},"end":{"line":274,"column":9}}},"37":{"name":"(anonymous_37)","decl":{"start":{"line":279,"column":4},"end":{"line":279,"column":14}},"loc":{"start":{"line":283,"column":118},"end":{"line":287,"column":5}}},"38":{"name":"(anonymous_38)","decl":{"start":{"line":289,"column":4},"end":{"line":289,"column":5}},"loc":{"start":{"line":291,"column":120},"end":{"line":351,"column":5}}},"39":{"name":"(anonymous_39)","decl":{"start":{"line":316,"column":48},"end":{"line":316,"column":49}},"loc":{"start":{"line":316,"column":55},"end":{"line":316,"column":56}}},"40":{"name":"(anonymous_40)","decl":{"start":{"line":362,"column":4},"end":{"line":362,"column":15}},"loc":{"start":{"line":362,"column":29},"end":{"line":377,"column":5}}},"41":{"name":"(anonymous_41)","decl":{"start":{"line":363,"column":25},"end":{"line":363,"column":26}},"loc":{"start":{"line":363,"column":43},"end":{"line":363,"column":94}}},"42":{"name":"(anonymous_42)","decl":{"start":{"line":368,"column":38},"end":{"line":368,"column":39}},"loc":{"start":{"line":368,"column":53},"end":{"line":374,"column":9}}},"43":{"name":"(anonymous_43)","decl":{"start":{"line":379,"column":4},"end":{"line":379,"column":34}},"loc":{"start":{"line":379,"column":34},"end":{"line":381,"column":5}}},"44":{"name":"(anonymous_44)","decl":{"start":{"line":386,"column":4},"end":{"line":386,"column":8}},"loc":{"start":{"line":386,"column":8},"end":{"line":388,"column":5}}},"45":{"name":"(anonymous_45)","decl":{"start":{"line":393,"column":4},"end":{"line":393,"column":18}},"loc":{"start":{"line":393,"column":18},"end":{"line":395,"column":5}}},"46":{"name":"(anonymous_46)","decl":{"start":{"line":400,"column":4},"end":{"line":400,"column":21}},"loc":{"start":{"line":400,"column":21},"end":{"line":402,"column":5}}},"47":{"name":"(anonymous_47)","decl":{"start":{"line":407,"column":4},"end":{"line":407,"column":22}},"loc":{"start":{"line":407,"column":22},"end":{"line":409,"column":5}}},"48":{"name":"(anonymous_48)","decl":{"start":{"line":414,"column":4},"end":{"line":414,"column":20}},"loc":{"start":{"line":414,"column":20},"end":{"line":416,"column":5}}},"49":{"name":"(anonymous_49)","decl":{"start":{"line":424,"column":4},"end":{"line":424,"column":8}},"loc":{"start":{"line":424,"column":33},"end":{"line":426,"column":5}}},"50":{"name":"(anonymous_50)","decl":{"start":{"line":435,"column":4},"end":{"line":435,"column":43}},"loc":{"start":{"line":435,"column":51},"end":{"line":438,"column":5}}},"51":{"name":"(anonymous_51)","decl":{"start":{"line":447,"column":4},"end":{"line":447,"column":36}},"loc":{"start":{"line":447,"column":46},"end":{"line":449,"column":5}}},"52":{"name":"(anonymous_52)","decl":{"start":{"line":459,"column":4},"end":{"line":459,"column":28}},"loc":{"start":{"line":459,"column":38},"end":{"line":461,"column":5}}},"53":{"name":"(anonymous_53)","decl":{"start":{"line":460,"column":41},"end":{"line":460,"column":42}},"loc":{"start":{"line":460,"column":59},"end":{"line":460,"column":86}}}},"branchMap":{"0":{"loc":{"start":{"line":35,"column":16},"end":{"line":35,"column":58}},"type":"default-arg","locations":[{"start":{"line":35,"column":53},"end":{"line":35,"column":58}}]},"1":{"loc":{"start":{"line":83,"column":23},"end":{"line":83,"column":89}},"type":"binary-expr","locations":[{"start":{"line":83,"column":23},"end":{"line":83,"column":54}},{"start":{"line":83,"column":58},"end":{"line":83,"column":89}}]},"2":{"loc":{"start":{"line":112,"column":8},"end":{"line":114,"column":107}},"type":"if","locations":[{"start":{"line":112,"column":8},"end":{"line":114,"column":107}},{"start":{"line":114,"column":13},"end":{"line":114,"column":107}}]},"3":{"loc":{"start":{"line":122,"column":12},"end":{"line":124,"column":null}},"type":"if","locations":[{"start":{"line":122,"column":12},"end":{"line":124,"column":null}}]},"4":{"loc":{"start":{"line":150,"column":12},"end":{"line":152,"column":null}},"type":"if","locations":[{"start":{"line":150,"column":12},"end":{"line":152,"column":null}}]},"5":{"loc":{"start":{"line":154,"column":12},"end":{"line":156,"column":null}},"type":"if","locations":[{"start":{"line":154,"column":12},"end":{"line":156,"column":null}}]},"6":{"loc":{"start":{"line":158,"column":12},"end":{"line":160,"column":null}},"type":"if","locations":[{"start":{"line":158,"column":12},"end":{"line":160,"column":null}}]},"7":{"loc":{"start":{"line":158,"column":16},"end":{"line":158,"column":64}},"type":"binary-expr","locations":[{"start":{"line":158,"column":16},"end":{"line":158,"column":37}},{"start":{"line":158,"column":41},"end":{"line":158,"column":64}}]},"8":{"loc":{"start":{"line":187,"column":8},"end":{"line":198,"column":null}},"type":"if","locations":[{"start":{"line":187,"column":8},"end":{"line":198,"column":null}},{"start":{"line":192,"column":15},"end":{"line":198,"column":null}}]},"9":{"loc":{"start":{"line":194,"column":16},"end":{"line":194,"column":87}},"type":"if","locations":[{"start":{"line":194,"column":16},"end":{"line":194,"column":87}}]},"10":{"loc":{"start":{"line":196,"column":16},"end":{"line":196,"column":115}},"type":"if","locations":[{"start":{"line":196,"column":16},"end":{"line":196,"column":115}}]},"11":{"loc":{"start":{"line":196,"column":20},"end":{"line":196,"column":81}},"type":"binary-expr","locations":[{"start":{"line":196,"column":20},"end":{"line":196,"column":44}},{"start":{"line":196,"column":48},"end":{"line":196,"column":81}}]},"12":{"loc":{"start":{"line":213,"column":19},"end":{"line":213,"column":67}},"type":"binary-expr","locations":[{"start":{"line":213,"column":19},"end":{"line":213,"column":41}},{"start":{"line":213,"column":45},"end":{"line":213,"column":67}}]},"13":{"loc":{"start":{"line":225,"column":12},"end":{"line":227,"column":null}},"type":"if","locations":[{"start":{"line":225,"column":12},"end":{"line":227,"column":null}}]},"14":{"loc":{"start":{"line":229,"column":19},"end":{"line":229,"column":67}},"type":"binary-expr","locations":[{"start":{"line":229,"column":19},"end":{"line":229,"column":41}},{"start":{"line":229,"column":45},"end":{"line":229,"column":67}}]},"15":{"loc":{"start":{"line":241,"column":12},"end":{"line":243,"column":null}},"type":"if","locations":[{"start":{"line":241,"column":12},"end":{"line":243,"column":null}}]},"16":{"loc":{"start":{"line":245,"column":19},"end":{"line":245,"column":67}},"type":"binary-expr","locations":[{"start":{"line":245,"column":19},"end":{"line":245,"column":41}},{"start":{"line":245,"column":45},"end":{"line":245,"column":67}}]},"17":{"loc":{"start":{"line":258,"column":16},"end":{"line":261,"column":60}},"type":"binary-expr","locations":[{"start":{"line":258,"column":17},"end":{"line":258,"column":56}},{"start":{"line":258,"column":60},"end":{"line":258,"column":99}},{"start":{"line":259,"column":17},"end":{"line":259,"column":46}},{"start":{"line":260,"column":20},"end":{"line":260,"column":59}},{"start":{"line":261,"column":20},"end":{"line":261,"column":59}}]},"18":{"loc":{"start":{"line":283,"column":8},"end":{"line":283,"column":118}},"type":"default-arg","locations":[{"start":{"line":283,"column":103},"end":{"line":283,"column":118}}]},"19":{"loc":{"start":{"line":291,"column":8},"end":{"line":291,"column":120}},"type":"default-arg","locations":[{"start":{"line":291,"column":105},"end":{"line":291,"column":120}}]},"20":{"loc":{"start":{"line":297,"column":8},"end":{"line":306,"column":null}},"type":"if","locations":[{"start":{"line":297,"column":8},"end":{"line":306,"column":null}},{"start":{"line":304,"column":15},"end":{"line":306,"column":null}}]},"21":{"loc":{"start":{"line":299,"column":12},"end":{"line":303,"column":null}},"type":"if","locations":[{"start":{"line":299,"column":12},"end":{"line":303,"column":null}},{"start":{"line":300,"column":17},"end":{"line":303,"column":null}}]},"22":{"loc":{"start":{"line":310,"column":8},"end":{"line":350,"column":null}},"type":"if","locations":[{"start":{"line":310,"column":8},"end":{"line":350,"column":null}}]},"23":{"loc":{"start":{"line":318,"column":16},"end":{"line":334,"column":null}},"type":"if","locations":[{"start":{"line":318,"column":16},"end":{"line":334,"column":null}},{"start":{"line":326,"column":23},"end":{"line":334,"column":null}}]},"24":{"loc":{"start":{"line":322,"column":24},"end":{"line":325,"column":null}},"type":"if","locations":[{"start":{"line":322,"column":24},"end":{"line":325,"column":null}}]},"25":{"loc":{"start":{"line":327,"column":20},"end":{"line":333,"column":null}},"type":"if","locations":[{"start":{"line":327,"column":20},"end":{"line":333,"column":null}},{"start":{"line":331,"column":27},"end":{"line":333,"column":null}}]},"26":{"loc":{"start":{"line":329,"column":24},"end":{"line":330,"column":58}},"type":"if","locations":[{"start":{"line":329,"column":24},"end":{"line":330,"column":58}},{"start":{"line":330,"column":29},"end":{"line":330,"column":58}}]},"27":{"loc":{"start":{"line":336,"column":16},"end":{"line":336,"column":55}},"type":"if","locations":[{"start":{"line":336,"column":16},"end":{"line":336,"column":55}}]},"28":{"loc":{"start":{"line":338,"column":16},"end":{"line":348,"column":null}},"type":"if","locations":[{"start":{"line":338,"column":16},"end":{"line":348,"column":null}}]},"29":{"loc":{"start":{"line":369,"column":12},"end":{"line":373,"column":45}},"type":"if","locations":[{"start":{"line":369,"column":12},"end":{"line":373,"column":45}}]},"30":{"loc":{"start":{"line":370,"column":16},"end":{"line":371,"column":69}},"type":"binary-expr","locations":[{"start":{"line":370,"column":16},"end":{"line":370,"column":69}},{"start":{"line":371,"column":16},"end":{"line":371,"column":69}}]},"31":{"loc":{"start":{"line":448,"column":8},"end":{"line":448,"column":90}},"type":"if","locations":[{"start":{"line":448,"column":8},"end":{"line":448,"column":90}}]}},"s":{"0":14,"1":14,"2":14,"3":14,"4":14,"5":14,"6":14,"7":14,"8":163,"9":163,"10":163,"11":163,"12":163,"13":250,"14":250,"15":250,"16":715,"17":250,"18":363,"19":250,"20":250,"21":651,"22":250,"23":32,"24":32,"25":32,"26":32,"27":32,"28":128,"29":32,"30":32,"31":32,"32":128,"33":32,"34":96,"35":32,"36":32,"37":32,"38":232,"39":232,"40":232,"41":563,"42":232,"43":545,"44":232,"45":232,"46":195,"47":480,"48":37,"49":78,"50":232,"51":558,"52":558,"53":558,"54":558,"55":171,"56":232,"57":89,"58":89,"59":89,"60":110,"61":89,"62":249,"63":89,"64":89,"65":64,"66":174,"67":64,"68":64,"69":64,"70":60,"71":64,"72":58,"73":64,"74":56,"75":89,"76":0,"77":81,"78":81,"79":81,"80":81,"81":30,"82":30,"83":80,"84":51,"85":144,"86":28,"87":144,"88":17,"89":81,"90":81,"91":63,"92":81,"93":3,"94":34,"95":3,"96":34,"97":20,"98":14,"99":3,"100":34,"101":20,"102":14,"103":150,"104":264,"105":4,"106":10,"107":4,"108":1,"109":1,"110":5,"111":4,"112":4,"113":20,"114":4,"115":4,"116":4,"117":0,"118":4,"119":4,"120":0,"121":4,"122":4,"123":4,"124":4,"125":4,"126":4,"127":86,"128":23,"129":23,"130":9,"131":9,"132":9,"133":36,"134":9,"135":9,"136":14,"137":10,"138":10,"139":1,"140":9,"141":4,"142":23,"143":0,"144":23,"145":20,"146":20,"147":20,"148":20,"149":20,"150":20,"151":20,"152":2,"153":12,"154":2,"155":2,"156":2,"157":30,"158":10,"159":2,"160":2,"161":131,"162":309,"163":209,"164":669,"165":95,"166":232,"167":480,"168":480,"169":974,"170":1,"171":1024,"172":3115,"173":14},"f":{"0":163,"1":250,"2":715,"3":363,"4":651,"5":32,"6":32,"7":128,"8":32,"9":128,"10":96,"11":232,"12":563,"13":545,"14":480,"15":78,"16":558,"17":89,"18":110,"19":249,"20":64,"21":174,"22":0,"23":81,"24":80,"25":144,"26":63,"27":3,"28":34,"29":3,"30":34,"31":3,"32":34,"33":150,"34":264,"35":4,"36":10,"37":1,"38":4,"39":86,"40":2,"41":12,"42":30,"43":2,"44":131,"45":309,"46":209,"47":669,"48":95,"49":232,"50":480,"51":974,"52":1024,"53":3115},"b":{"0":[21],"1":[96,72],"2":[195,37],"3":[171],"4":[60],"5":[58],"6":[56],"7":[64,60],"8":[30,51],"9":[28],"10":[17],"11":[144,89],"12":[34,22],"13":[20],"14":[14,8],"15":[20],"16":[14,8],"17":[264,73,244,131,37],"18":[1],"19":[3],"20":[4,0],"21":[0,4],"22":[4],"23":[9,14],"24":[9],"25":[10,4],"26":[1,9],"27":[0],"28":[20],"29":[10],"30":[30,20],"31":[1]}}
,"/home/runner/work/JavaScriptGraph/JavaScriptGraph/src/models/Graph/algorithms/TarjanStronglyConnectedComponentsAlgorithm.ts": {"path":"/home/runner/work/JavaScriptGraph/JavaScriptGraph/src/models/Graph/algorithms/TarjanStronglyConnectedComponentsAlgorithm.ts","statementMap":{"0":{"start":{"line":3,"column":0},"end":{"line":3,"column":66}},"1":{"start":{"line":7,"column":8},"end":{"line":7,"column":27}},"2":{"start":{"line":9,"column":8},"end":{"line":9,"column":30}},"3":{"start":{"line":10,"column":8},"end":{"line":10,"column":24}},"4":{"start":{"line":11,"column":8},"end":{"line":11,"column":43}},"5":{"start":{"line":12,"column":8},"end":{"line":12,"column":44}},"6":{"start":{"line":14,"column":8},"end":{"line":14,"column":25}},"7":{"start":{"line":27,"column":21},"end":{"line":27,"column":74}},"8":{"start":{"line":29,"column":8},"end":{"line":31,"column":11}},"9":{"start":{"line":30,"column":12},"end":{"line":30,"column":76}},"10":{"start":{"line":30,"column":49},"end":{"line":30,"column":76}},"11":{"start":{"line":33,"column":8},"end":{"line":33,"column":27}},"12":{"start":{"line":37,"column":8},"end":{"line":37,"column":59}},"13":{"start":{"line":38,"column":8},"end":{"line":38,"column":58}},"14":{"start":{"line":39,"column":8},"end":{"line":39,"column":31}},"15":{"start":{"line":40,"column":8},"end":{"line":40,"column":39}},"16":{"start":{"line":41,"column":8},"end":{"line":54,"column":11}},"17":{"start":{"line":42,"column":12},"end":{"line":53,"column":null}},"18":{"start":{"line":43,"column":16},"end":{"line":43,"column":42}},"19":{"start":{"line":44,"column":16},"end":{"line":47,"column":18}},"20":{"start":{"line":48,"column":19},"end":{"line":53,"column":null}},"21":{"start":{"line":48,"column":56},"end":{"line":48,"column":87}},"22":{"start":{"line":49,"column":16},"end":{"line":52,"column":18}},"23":{"start":{"line":56,"column":8},"end":{"line":64,"column":null}},"24":{"start":{"line":57,"column":42},"end":{"line":57,"column":44}},"25":{"start":{"line":59,"column":12},"end":{"line":62,"column":57}},"26":{"start":{"line":60,"column":16},"end":{"line":60,"column":48}},"27":{"start":{"line":61,"column":16},"end":{"line":61,"column":51}},"28":{"start":{"line":63,"column":12},"end":{"line":63,"column":47}},"29":{"start":{"line":5,"column":0},"end":{"line":5,"column":13}}},"fnMap":{"0":{"name":"(anonymous_0)","decl":{"start":{"line":6,"column":4},"end":{"line":6,"column":24}},"loc":{"start":{"line":6,"column":44},"end":{"line":15,"column":5}}},"1":{"name":"(anonymous_1)","decl":{"start":{"line":26,"column":4},"end":{"line":26,"column":10}},"loc":{"start":{"line":26,"column":82},"end":{"line":34,"column":5}}},"2":{"name":"(anonymous_2)","decl":{"start":{"line":29,"column":47},"end":{"line":29,"column":48}},"loc":{"start":{"line":29,"column":64},"end":{"line":31,"column":9}}},"3":{"name":"(anonymous_3)","decl":{"start":{"line":36,"column":12},"end":{"line":36,"column":19}},"loc":{"start":{"line":36,"column":36},"end":{"line":65,"column":5}}},"4":{"name":"(anonymous_4)","decl":{"start":{"line":41,"column":59},"end":{"line":41,"column":60}},"loc":{"start":{"line":41,"column":75},"end":{"line":54,"column":9}}},"5":{"name":"(anonymous_5)","decl":{"start":{"line":48,"column":39},"end":{"line":48,"column":40}},"loc":{"start":{"line":48,"column":56},"end":{"line":48,"column":87}}}},"branchMap":{"0":{"loc":{"start":{"line":30,"column":12},"end":{"line":30,"column":76}},"type":"if","locations":[{"start":{"line":30,"column":12},"end":{"line":30,"column":76}}]},"1":{"loc":{"start":{"line":42,"column":12},"end":{"line":53,"column":null}},"type":"if","locations":[{"start":{"line":42,"column":12},"end":{"line":53,"column":null}},{"start":{"line":48,"column":19},"end":{"line":53,"column":null}}]},"2":{"loc":{"start":{"line":46,"column":29},"end":{"line":46,"column":65}},"type":"cond-expr","locations":[{"start":{"line":46,"column":59},"end":{"line":46,"column":63}},{"start":{"line":46,"column":63},"end":{"line":46,"column":65}}]},"3":{"loc":{"start":{"line":46,"column":29},"end":{"line":46,"column":63}},"type":"binary-expr","locations":[{"start":{"line":46,"column":29},"end":{"line":46,"column":63}},{"start":{"line":46,"column":59},"end":{"line":46,"column":63}}]},"4":{"loc":{"start":{"line":46,"column":67},"end":{"line":46,"column":101}},"type":"cond-expr","locations":[{"start":{"line":46,"column":95},"end":{"line":46,"column":99}},{"start":{"line":46,"column":99},"end":{"line":46,"column":101}}]},"5":{"loc":{"start":{"line":46,"column":67},"end":{"line":46,"column":99}},"type":"binary-expr","locations":[{"start":{"line":46,"column":67},"end":{"line":46,"column":99}},{"start":{"line":46,"column":95},"end":{"line":46,"column":99}}]},"6":{"loc":{"start":{"line":48,"column":19},"end":{"line":53,"column":null}},"type":"if","locations":[{"start":{"line":48,"column":19},"end":{"line":53,"column":null}}]},"7":{"loc":{"start":{"line":51,"column":29},"end":{"line":51,"column":65}},"type":"cond-expr","locations":[{"start":{"line":51,"column":59},"end":{"line":51,"column":63}},{"start":{"line":51,"column":63},"end":{"line":51,"column":65}}]},"8":{"loc":{"start":{"line":51,"column":29},"end":{"line":51,"column":63}},"type":"binary-expr","locations":[{"start":{"line":51,"column":29},"end":{"line":51,"column":63}},{"start":{"line":51,"column":59},"end":{"line":51,"column":63}}]},"9":{"loc":{"start":{"line":51,"column":67},"end":{"line":51,"column":102}},"type":"cond-expr","locations":[{"start":{"line":51,"column":96},"end":{"line":51,"column":100}},{"start":{"line":51,"column":100},"end":{"line":51,"column":102}}]},"10":{"loc":{"start":{"line":51,"column":67},"end":{"line":51,"column":100}},"type":"binary-expr","locations":[{"start":{"line":51,"column":67},"end":{"line":51,"column":100}},{"start":{"line":51,"column":96},"end":{"line":51,"column":100}}]},"11":{"loc":{"start":{"line":56,"column":8},"end":{"line":64,"column":null}},"type":"if","locations":[{"start":{"line":56,"column":8},"end":{"line":64,"column":null}}]}},"s":{"0":14,"1":2,"2":2,"3":2,"4":2,"5":2,"6":2,"7":2,"8":2,"9":11,"10":5,"11":2,"12":11,"13":11,"14":11,"15":11,"16":11,"17":13,"18":6,"19":6,"20":7,"21":9,"22":5,"23":11,"24":5,"25":5,"26":11,"27":11,"28":5,"29":14},"f":{"0":2,"1":2,"2":11,"3":11,"4":13,"5":9},"b":{"0":[5],"1":[6,7],"2":[6,0],"3":[6,6],"4":[6,0],"5":[6,6],"6":[5],"7":[5,0],"8":[5,5],"9":[5,0],"10":[5,5],"11":[5]}}
,"/home/runner/work/JavaScriptGraph/JavaScriptGraph/src/models/Graph/algorithms/index.ts": {"path":"/home/runner/work/JavaScriptGraph/JavaScriptGraph/src/models/Graph/algorithms/index.ts","statementMap":{"0":{"start":{"line":1,"column":0},"end":{"line":1,"column":61}}},"fnMap":{},"branchMap":{},"s":{"0":14},"f":{},"b":{}}
,"/home/runner/work/JavaScriptGraph/JavaScriptGraph/src/models/Matrix/AdjacencyMatrix.ts": {"path":"/home/runner/work/JavaScriptGraph/JavaScriptGraph/src/models/Matrix/AdjacencyMatrix.ts","statementMap":{"0":{"start":{"line":2,"column":0},"end":{"line":2,"column":34}},"1":{"start":{"line":7,"column":8},"end":{"line":7,"column":21}},"2":{"start":{"line":11,"column":44},"end":{"line":11,"column":65}},"3":{"start":{"line":13,"column":8},"end":{"line":18,"column":11}},"4":{"start":{"line":14,"column":12},"end":{"line":14,"column":57}},"5":{"start":{"line":15,"column":12},"end":{"line":17,"column":null}},"6":{"start":{"line":16,"column":16},"end":{"line":16,"column":61}},"7":{"start":{"line":20,"column":8},"end":{"line":20,"column":22}},"8":{"start":{"line":24,"column":8},"end":{"line":24,"column":31}},"9":{"start":{"line":25,"column":8},"end":{"line":25,"column":34}},"10":{"start":{"line":5,"column":0},"end":{"line":5,"column":13}}},"fnMap":{"0":{"name":"(anonymous_0)","decl":{"start":{"line":6,"column":4},"end":{"line":6,"column":null}},"loc":{"start":{"line":6,"column":4},"end":{"line":8,"column":5}}},"1":{"name":"(anonymous_1)","decl":{"start":{"line":10,"column":4},"end":{"line":10,"column":10}},"loc":{"start":{"line":10,"column":76},"end":{"line":21,"column":5}}},"2":{"name":"(anonymous_2)","decl":{"start":{"line":13,"column":25},"end":{"line":13,"column":26}},"loc":{"start":{"line":13,"column":34},"end":{"line":18,"column":9}}},"3":{"name":"(anonymous_3)","decl":{"start":{"line":23,"column":4},"end":{"line":23,"column":16}},"loc":{"start":{"line":23,"column":26},"end":{"line":26,"column":5}}}},"branchMap":{"0":{"loc":{"start":{"line":15,"column":12},"end":{"line":17,"column":null}},"type":"if","locations":[{"start":{"line":15,"column":12},"end":{"line":17,"column":null}}]}},"s":{"0":14,"1":167,"2":4,"3":4,"4":10,"5":10,"6":3,"7":4,"8":32,"9":32,"10":14},"f":{"0":167,"1":4,"2":10,"3":32},"b":{"0":[3]}}
,"/home/runner/work/JavaScriptGraph/JavaScriptGraph/src/models/Matrix/Matrix.ts": {"path":"/home/runner/work/JavaScriptGraph/JavaScriptGraph/src/models/Matrix/Matrix.ts","statementMap":{"0":{"start":{"line":1,"column":0},"end":{"line":1,"column":76}},"1":{"start":{"line":5,"column":4},"end":{"line":5,"column":98}},"2":{"start":{"line":8,"column":8},"end":{"line":8,"column":41}},"3":{"start":{"line":12,"column":8},"end":{"line":12,"column":78}},"4":{"start":{"line":12,"column":35},"end":{"line":12,"column":78}},"5":{"start":{"line":14,"column":8},"end":{"line":14,"column":49}},"6":{"start":{"line":18,"column":24},"end":{"line":18,"column":44}},"7":{"start":{"line":19,"column":8},"end":{"line":19,"column":60}},"8":{"start":{"line":19,"column":35},"end":{"line":19,"column":60}},"9":{"start":{"line":21,"column":25},"end":{"line":21,"column":44}},"10":{"start":{"line":22,"column":8},"end":{"line":22,"column":61}},"11":{"start":{"line":22,"column":36},"end":{"line":22,"column":61}},"12":{"start":{"line":24,"column":8},"end":{"line":24,"column":24}},"13":{"start":{"line":28,"column":8},"end":{"line":28,"column":32}},"14":{"start":{"line":32,"column":8},"end":{"line":34,"column":null}},"15":{"start":{"line":33,"column":12},"end":{"line":33,"column":31}},"16":{"start":{"line":3,"column":0},"end":{"line":3,"column":22}}},"fnMap":{"0":{"name":"(anonymous_0)","decl":{"start":{"line":7,"column":4},"end":{"line":7,"column":26}},"loc":{"start":{"line":7,"column":49},"end":{"line":9,"column":5}}},"1":{"name":"(anonymous_1)","decl":{"start":{"line":11,"column":4},"end":{"line":11,"column":7}},"loc":{"start":{"line":11,"column":58},"end":{"line":15,"column":5}}},"2":{"name":"(anonymous_2)","decl":{"start":{"line":17,"column":4},"end":{"line":17,"column":7}},"loc":{"start":{"line":17,"column":40},"end":{"line":25,"column":5}}},"3":{"name":"(anonymous_3)","decl":{"start":{"line":27,"column":4},"end":{"line":27,"column":13}},"loc":{"start":{"line":27,"column":26},"end":{"line":29,"column":5}}},"4":{"name":"(anonymous_4)","decl":{"start":{"line":31,"column":4},"end":{"line":31,"column":16}},"loc":{"start":{"line":31,"column":35},"end":{"line":35,"column":5}}}},"branchMap":{"0":{"loc":{"start":{"line":12,"column":8},"end":{"line":12,"column":78}},"type":"if","locations":[{"start":{"line":12,"column":8},"end":{"line":12,"column":78}}]},"1":{"loc":{"start":{"line":19,"column":8},"end":{"line":19,"column":60}},"type":"if","locations":[{"start":{"line":19,"column":8},"end":{"line":19,"column":60}}]},"2":{"loc":{"start":{"line":22,"column":8},"end":{"line":22,"column":61}},"type":"if","locations":[{"start":{"line":22,"column":8},"end":{"line":22,"column":61}}]}},"s":{"0":14,"1":167,"2":167,"3":860,"4":460,"5":860,"6":724,"7":724,"8":270,"9":454,"10":454,"11":253,"12":201,"13":32,"14":32,"15":48,"16":14},"f":{"0":167,"1":860,"2":724,"3":32,"4":32},"b":{"0":[460],"1":[270],"2":[253]}}
,"/home/runner/work/JavaScriptGraph/JavaScriptGraph/src/models/Vertex/NamedVertex/NamedVertex.ts": {"path":"/home/runner/work/JavaScriptGraph/JavaScriptGraph/src/models/Vertex/NamedVertex/NamedVertex.ts","statementMap":{"0":{"start":{"line":1,"column":0},"end":{"line":1,"column":42}},"1":{"start":{"line":2,"column":0},"end":{"line":2,"column":68}},"2":{"start":{"line":8,"column":8},"end":{"line":8,"column":16}},"3":{"start":{"line":9,"column":8},"end":{"line":9,"column":25}},"4":{"start":{"line":13,"column":8},"end":{"line":13,"column":51}},"5":{"start":{"line":17,"column":8},"end":{"line":17,"column":72}},"6":{"start":{"line":21,"column":8},"end":{"line":21,"column":43}},"7":{"start":{"line":4,"column":0},"end":{"line":4,"column":13}}},"fnMap":{"0":{"name":"(anonymous_0)","decl":{"start":{"line":7,"column":4},"end":{"line":7,"column":16}},"loc":{"start":{"line":7,"column":28},"end":{"line":10,"column":5}}},"1":{"name":"(anonymous_1)","decl":{"start":{"line":12,"column":4},"end":{"line":12,"column":13}},"loc":{"start":{"line":12,"column":25},"end":{"line":14,"column":5}}},"2":{"name":"(anonymous_2)","decl":{"start":{"line":16,"column":4},"end":{"line":16,"column":10}},"loc":{"start":{"line":16,"column":21},"end":{"line":18,"column":5}}},"3":{"name":"(anonymous_3)","decl":{"start":{"line":20,"column":4},"end":{"line":20,"column":12}},"loc":{"start":{"line":20,"column":12},"end":{"line":22,"column":5}}}},"branchMap":{"0":{"loc":{"start":{"line":17,"column":15},"end":{"line":17,"column":71}},"type":"binary-expr","locations":[{"start":{"line":17,"column":15},"end":{"line":17,"column":43}},{"start":{"line":17,"column":47},"end":{"line":17,"column":71}}]}},"s":{"0":20,"1":20,"2":3555,"3":3555,"4":1416,"5":144941,"6":41021,"7":20},"f":{"0":3555,"1":1416,"2":144941,"3":41021},"b":{"0":[144941,144929]}}
,"/home/runner/work/JavaScriptGraph/JavaScriptGraph/src/models/Vertex/Vertex/Vertex.ts": {"path":"/home/runner/work/JavaScriptGraph/JavaScriptGraph/src/models/Vertex/Vertex/Vertex.ts","statementMap":{"0":{"start":{"line":3,"column":0},"end":{"line":3,"column":22}},"1":{"start":{"line":10,"column":27},"end":{"line":10,"column":81}},"2":{"start":{"line":10,"column":70},"end":{"line":10,"column":81}},"3":{"start":{"line":10,"column":13},"end":{"line":10,"column":27}},"4":{"start":{"line":12,"column":31},"end":{"line":12,"column":87}},"5":{"start":{"line":12,"column":73},"end":{"line":12,"column":87}},"6":{"start":{"line":12,"column":13},"end":{"line":12,"column":31}}},"fnMap":{"0":{"name":"(anonymous_0)","decl":{"start":{"line":10,"column":27},"end":{"line":10,"column":46}},"loc":{"start":{"line":10,"column":70},"end":{"line":10,"column":81}}},"1":{"name":"(anonymous_1)","decl":{"start":{"line":12,"column":31},"end":{"line":12,"column":50}},"loc":{"start":{"line":12,"column":73},"end":{"line":12,"column":87}}}},"branchMap":{},"s":{"0":20,"1":20,"2":0,"3":20,"4":20,"5":831,"6":20},"f":{"0":0,"1":831},"b":{}}
,"/home/runner/work/JavaScriptGraph/JavaScriptGraph/testUtil/expectEdgeListsAreEqual.ts": {"path":"/home/runner/work/JavaScriptGraph/JavaScriptGraph/testUtil/expectEdgeListsAreEqual.ts","statementMap":{"0":{"start":{"line":3,"column":0},"end":{"line":3,"column":70}},"1":{"start":{"line":5,"column":39},"end":{"line":9,"column":1}},"2":{"start":{"line":6,"column":1},"end":{"line":6,"column":28}},"3":{"start":{"line":7,"column":1},"end":{"line":7,"column":30}},"4":{"start":{"line":8,"column":1},"end":{"line":8,"column":34}},"5":{"start":{"line":5,"column":13},"end":{"line":5,"column":39}}},"fnMap":{"0":{"name":"(anonymous_0)","decl":{"start":{"line":5,"column":39},"end":{"line":5,"column":40}},"loc":{"start":{"line":5,"column":92},"end":{"line":9,"column":1}}}},"branchMap":{},"s":{"0":5,"1":5,"2":50,"3":50,"4":50,"5":5},"f":{"0":50},"b":{}}
,"/home/runner/work/JavaScriptGraph/JavaScriptGraph/testUtil/expectVerticesListsAreEqual.ts": {"path":"/home/runner/work/JavaScriptGraph/JavaScriptGraph/testUtil/expectVerticesListsAreEqual.ts","statementMap":{"0":{"start":{"line":1,"column":0},"end":{"line":1,"column":76}},"1":{"start":{"line":3,"column":43},"end":{"line":7,"column":1}},"2":{"start":{"line":4,"column":1},"end":{"line":4,"column":30}},"3":{"start":{"line":5,"column":1},"end":{"line":5,"column":32}},"4":{"start":{"line":6,"column":1},"end":{"line":6,"column":34}},"5":{"start":{"line":3,"column":13},"end":{"line":3,"column":43}}},"fnMap":{"0":{"name":"(anonymous_0)","decl":{"start":{"line":3,"column":43},"end":{"line":3,"column":44}},"loc":{"start":{"line":3,"column":90},"end":{"line":7,"column":1}}}},"branchMap":{},"s":{"0":7,"1":7,"2":265,"3":265,"4":265,"5":7},"f":{"0":265},"b":{}}
,"/home/runner/work/JavaScriptGraph/JavaScriptGraph/testUtil/generationFromSimplerDatastructure.ts": {"path":"/home/runner/work/JavaScriptGraph/JavaScriptGraph/testUtil/generationFromSimplerDatastructure.ts","statementMap":{"0":{"start":{"line":1,"column":0},"end":{"line":1,"column":65}},"1":{"start":{"line":3,"column":51},"end":{"line":5,"column":null}},"2":{"start":{"line":4,"column":1},"end":{"line":5,"column":null}},"3":{"start":{"line":5,"column":34},"end":{"line":5,"column":110}},"4":{"start":{"line":3,"column":13},"end":{"line":3,"column":51}},"5":{"start":{"line":8,"column":53},"end":{"line":10,"column":null}},"6":{"start":{"line":9,"column":1},"end":{"line":10,"column":null}},"7":{"start":{"line":10,"column":34},"end":{"line":10,"column":112}},"8":{"start":{"line":8,"column":13},"end":{"line":8,"column":53}},"9":{"start":{"line":14,"column":37},"end":{"line":15,"column":60}},"10":{"start":{"line":15,"column":1},"end":{"line":15,"column":60}},"11":{"start":{"line":15,"column":32},"end":{"line":15,"column":59}},"12":{"start":{"line":14,"column":13},"end":{"line":14,"column":37}}},"fnMap":{"0":{"name":"(anonymous_0)","decl":{"start":{"line":3,"column":51},"end":{"line":3,"column":52}},"loc":{"start":{"line":4,"column":1},"end":{"line":5,"column":null}}},"1":{"name":"(anonymous_1)","decl":{"start":{"line":5,"column":2},"end":{"line":5,"column":3}},"loc":{"start":{"line":5,"column":34},"end":{"line":5,"column":110}}},"2":{"name":"(anonymous_2)","decl":{"start":{"line":8,"column":53},"end":{"line":8,"column":54}},"loc":{"start":{"line":9,"column":1},"end":{"line":10,"column":null}}},"3":{"name":"(anonymous_3)","decl":{"start":{"line":10,"column":2},"end":{"line":10,"column":3}},"loc":{"start":{"line":10,"column":34},"end":{"line":10,"column":112}}},"4":{"name":"(anonymous_4)","decl":{"start":{"line":14,"column":37},"end":{"line":14,"column":38}},"loc":{"start":{"line":15,"column":1},"end":{"line":15,"column":60}}},"5":{"name":"(anonymous_5)","decl":{"start":{"line":15,"column":16},"end":{"line":15,"column":17}},"loc":{"start":{"line":15,"column":32},"end":{"line":15,"column":59}}}},"branchMap":{},"s":{"0":6,"1":6,"2":84,"3":268,"4":6,"5":6,"6":51,"7":154,"8":6,"9":6,"10":441,"11":1581,"12":6},"f":{"0":84,"1":268,"2":51,"3":154,"4":441,"5":1581},"b":{}}
}
