{"/home/runner/work/JavaScriptGraph/JavaScriptGraph/src/index.ts": {"path":"/home/runner/work/JavaScriptGraph/JavaScriptGraph/src/index.ts","statementMap":{"0":{"start":{"line":1,"column":0},"end":{"line":1,"column":25}},"1":{"start":{"line":2,"column":0},"end":{"line":2,"column":25}},"2":{"start":{"line":3,"column":0},"end":{"line":3,"column":25}},"3":{"start":{"line":4,"column":0},"end":{"line":4,"column":25}}},"fnMap":{},"branchMap":{},"s":{"0":6,"1":6,"2":6,"3":6},"f":{},"b":{}}
,"/home/runner/work/JavaScriptGraph/JavaScriptGraph/src/Errors/VertexNotFoundError.ts": {"path":"/home/runner/work/JavaScriptGraph/JavaScriptGraph/src/Errors/VertexNotFoundError.ts","statementMap":{"0":{"start":{"line":5,"column":2},"end":{"line":5,"column":64}},"1":{"start":{"line":3,"column":0},"end":{"line":3,"column":13}}},"fnMap":{"0":{"name":"(anonymous_0)","decl":{"start":{"line":4,"column":1},"end":{"line":4,"column":13}},"loc":{"start":{"line":4,"column":27},"end":{"line":6,"column":2}}}},"branchMap":{},"s":{"0":1,"1":13},"f":{"0":1},"b":{}}
,"/home/runner/work/JavaScriptGraph/JavaScriptGraph/src/Errors/index.ts": {"path":"/home/runner/work/JavaScriptGraph/JavaScriptGraph/src/Errors/index.ts","statementMap":{"0":{"start":{"line":1,"column":0},"end":{"line":1,"column":38}}},"fnMap":{},"branchMap":{},"s":{"0":13},"f":{},"b":{}}
,"/home/runner/work/JavaScriptGraph/JavaScriptGraph/src/Parser/index.ts": {"path":"/home/runner/work/JavaScriptGraph/JavaScriptGraph/src/Parser/index.ts","statementMap":{"0":{"start":{"line":1,"column":0},"end":{"line":1,"column":50}}},"fnMap":{},"branchMap":{},"s":{"0":6},"f":{},"b":{}}
,"/home/runner/work/JavaScriptGraph/JavaScriptGraph/src/Parser/SimpleGDFParser/SimpleGDFParser.ts": {"path":"/home/runner/work/JavaScriptGraph/JavaScriptGraph/src/Parser/SimpleGDFParser/SimpleGDFParser.ts","statementMap":{"0":{"start":{"line":2,"column":0},"end":{"line":2,"column":37}},"1":{"start":{"line":3,"column":0},"end":{"line":3,"column":43}},"2":{"start":{"line":4,"column":0},"end":{"line":4,"column":44}},"3":{"start":{"line":8,"column":1},"end":{"line":8,"column":54}},"4":{"start":{"line":9,"column":1},"end":{"line":9,"column":22}},"5":{"start":{"line":10,"column":1},"end":{"line":10,"column":85}},"6":{"start":{"line":13,"column":2},"end":{"line":13,"column":19}},"7":{"start":{"line":14,"column":2},"end":{"line":16,"column":null}},"8":{"start":{"line":15,"column":3},"end":{"line":15,"column":24}},"9":{"start":{"line":18,"column":2},"end":{"line":18,"column":34}},"10":{"start":{"line":22,"column":19},"end":{"line":22,"column":37}},"11":{"start":{"line":23,"column":2},"end":{"line":25,"column":null}},"12":{"start":{"line":24,"column":3},"end":{"line":24,"column":15}},"13":{"start":{"line":27,"column":2},"end":{"line":30,"column":null}},"14":{"start":{"line":28,"column":3},"end":{"line":28,"column":32}},"15":{"start":{"line":29,"column":3},"end":{"line":29,"column":31}},"16":{"start":{"line":32,"column":2},"end":{"line":35,"column":null}},"17":{"start":{"line":33,"column":3},"end":{"line":33,"column":32}},"18":{"start":{"line":34,"column":3},"end":{"line":34,"column":31}},"19":{"start":{"line":37,"column":2},"end":{"line":40,"column":null}},"20":{"start":{"line":38,"column":22},"end":{"line":38,"column":37}},"21":{"start":{"line":39,"column":3},"end":{"line":39,"column":60}},"22":{"start":{"line":42,"column":2},"end":{"line":45,"column":null}},"23":{"start":{"line":43,"column":38},"end":{"line":43,"column":57}},"24":{"start":{"line":44,"column":3},"end":{"line":44,"column":107}},"25":{"start":{"line":47,"column":2},"end":{"line":47,"column":34}},"26":{"start":{"line":51,"column":2},"end":{"line":51,"column":33}},"27":{"start":{"line":53,"column":2},"end":{"line":53,"column":14}},"28":{"start":{"line":7,"column":0},"end":{"line":7,"column":13}},"29":{"start":{"line":57,"column":0},"end":{"line":57,"column":31}}},"fnMap":{"0":{"name":"(anonymous_0)","decl":{"start":{"line":7,"column":0},"end":{"line":7,"column":13}},"loc":{"start":{"line":7,"column":0},"end":{"line":55,"column":1}}},"1":{"name":"(anonymous_1)","decl":{"start":{"line":12,"column":1},"end":{"line":12,"column":6}},"loc":{"start":{"line":12,"column":20},"end":{"line":19,"column":2}}},"2":{"name":"(anonymous_2)","decl":{"start":{"line":21,"column":1},"end":{"line":21,"column":14}},"loc":{"start":{"line":21,"column":14},"end":{"line":48,"column":2}}},"3":{"name":"(anonymous_3)","decl":{"start":{"line":50,"column":1},"end":{"line":50,"column":5}},"loc":{"start":{"line":50,"column":19},"end":{"line":54,"column":2}}}},"branchMap":{"0":{"loc":{"start":{"line":23,"column":2},"end":{"line":25,"column":null}},"type":"if","locations":[{"start":{"line":23,"column":2},"end":{"line":25,"column":null}}]},"1":{"loc":{"start":{"line":27,"column":2},"end":{"line":30,"column":null}},"type":"if","locations":[{"start":{"line":27,"column":2},"end":{"line":30,"column":null}}]},"2":{"loc":{"start":{"line":32,"column":2},"end":{"line":35,"column":null}},"type":"if","locations":[{"start":{"line":32,"column":2},"end":{"line":35,"column":null}}]},"3":{"loc":{"start":{"line":37,"column":2},"end":{"line":40,"column":null}},"type":"if","locations":[{"start":{"line":37,"column":2},"end":{"line":40,"column":null}}]},"4":{"loc":{"start":{"line":42,"column":2},"end":{"line":45,"column":null}},"type":"if","locations":[{"start":{"line":42,"column":2},"end":{"line":45,"column":null}}]}},"s":{"0":6,"1":6,"2":6,"3":5,"4":5,"5":5,"6":5,"7":5,"8":125,"9":5,"10":135,"11":135,"12":0,"13":135,"14":5,"15":5,"16":130,"17":5,"18":5,"19":125,"20":50,"21":50,"22":125,"23":75,"24":75,"25":125,"26":5,"27":5,"28":6,"29":6},"f":{"0":5,"1":5,"2":135,"3":5},"b":{"0":[0],"1":[5],"2":[5],"3":[50],"4":[75]}}
,"/home/runner/work/JavaScriptGraph/JavaScriptGraph/src/assets/index.ts": {"path":"/home/runner/work/JavaScriptGraph/JavaScriptGraph/src/assets/index.ts","statementMap":{"0":{"start":{"line":1,"column":0},"end":{"line":1,"column":49}}},"fnMap":{},"branchMap":{},"s":{"0":6},"f":{},"b":{}}
,"/home/runner/work/JavaScriptGraph/JavaScriptGraph/src/assets/FamousGraphs/PetersonGraph.gdf.ts": {"path":"/home/runner/work/JavaScriptGraph/JavaScriptGraph/src/assets/FamousGraphs/PetersonGraph.gdf.ts","statementMap":{"0":{"start":{"line":1,"column":13},"end":{"line":27,"column":5}}},"fnMap":{},"branchMap":{},"s":{"0":6},"f":{},"b":{}}
,"/home/runner/work/JavaScriptGraph/JavaScriptGraph/src/models/index.ts": {"path":"/home/runner/work/JavaScriptGraph/JavaScriptGraph/src/models/index.ts","statementMap":{"0":{"start":{"line":1,"column":0},"end":{"line":1,"column":46}},"1":{"start":{"line":3,"column":0},"end":{"line":3,"column":23}},"2":{"start":{"line":5,"column":0},"end":{"line":5,"column":30}},"3":{"start":{"line":6,"column":0},"end":{"line":6,"column":35}},"4":{"start":{"line":8,"column":0},"end":{"line":8,"column":32}},"5":{"start":{"line":9,"column":0},"end":{"line":9,"column":41}},"6":{"start":{"line":11,"column":0},"end":{"line":11,"column":49}},"7":{"start":{"line":12,"column":0},"end":{"line":12,"column":39}}},"fnMap":{},"branchMap":{},"s":{"0":6,"1":6,"2":6,"3":6,"4":6,"5":6,"6":6,"7":6},"f":{},"b":{}}
,"/home/runner/work/JavaScriptGraph/JavaScriptGraph/src/models/AdjacencyList/AdjacencyList.ts": {"path":"/home/runner/work/JavaScriptGraph/JavaScriptGraph/src/models/AdjacencyList/AdjacencyList.ts","statementMap":{"0":{"start":{"line":2,"column":0},"end":{"line":2,"column":66}},"1":{"start":{"line":9,"column":2},"end":{"line":9,"column":53}},"2":{"start":{"line":13,"column":2},"end":{"line":13,"column":38}},"3":{"start":{"line":17,"column":2},"end":{"line":17,"column":102}},"4":{"start":{"line":17,"column":63},"end":{"line":17,"column":86}},"5":{"start":{"line":21,"column":2},"end":{"line":21,"column":47}},"6":{"start":{"line":25,"column":2},"end":{"line":25,"column":50}},"7":{"start":{"line":25,"column":43},"end":{"line":25,"column":50}},"8":{"start":{"line":26,"column":2},"end":{"line":26,"column":50}},"9":{"start":{"line":27,"column":2},"end":{"line":27,"column":50}},"10":{"start":{"line":31,"column":2},"end":{"line":31,"column":37}},"11":{"start":{"line":32,"column":2},"end":{"line":37,"column":null}},"12":{"start":{"line":33,"column":3},"end":{"line":36,"column":5}},"13":{"start":{"line":35,"column":24},"end":{"line":35,"column":41}},"14":{"start":{"line":41,"column":39},"end":{"line":41,"column":76}},"15":{"start":{"line":42,"column":2},"end":{"line":47,"column":null}},"16":{"start":{"line":43,"column":3},"end":{"line":46,"column":5}},"17":{"start":{"line":45,"column":47},"end":{"line":45,"column":70}},"18":{"start":{"line":50,"column":31},"end":{"line":50,"column":68}},"19":{"start":{"line":51,"column":2},"end":{"line":56,"column":null}},"20":{"start":{"line":52,"column":3},"end":{"line":55,"column":5}},"21":{"start":{"line":54,"column":39},"end":{"line":54,"column":62}},"22":{"start":{"line":5,"column":0},"end":{"line":5,"column":13}}},"fnMap":{"0":{"name":"(anonymous_0)","decl":{"start":{"line":8,"column":1},"end":{"line":8,"column":null}},"loc":{"start":{"line":8,"column":1},"end":{"line":10,"column":2}}},"1":{"name":"(anonymous_1)","decl":{"start":{"line":12,"column":1},"end":{"line":12,"column":11}},"loc":{"start":{"line":12,"column":21},"end":{"line":14,"column":2}}},"2":{"name":"(anonymous_2)","decl":{"start":{"line":16,"column":11},"end":{"line":16,"column":23}},"loc":{"start":{"line":16,"column":38},"end":{"line":18,"column":2}}},"3":{"name":"(anonymous_3)","decl":{"start":{"line":17,"column":45},"end":{"line":17,"column":46}},"loc":{"start":{"line":17,"column":63},"end":{"line":17,"column":86}}},"4":{"name":"(anonymous_4)","decl":{"start":{"line":20,"column":1},"end":{"line":20,"column":20}},"loc":{"start":{"line":20,"column":30},"end":{"line":22,"column":2}}},"5":{"name":"(anonymous_5)","decl":{"start":{"line":24,"column":1},"end":{"line":24,"column":13}},"loc":{"start":{"line":24,"column":36},"end":{"line":28,"column":2}}},"6":{"name":"(anonymous_6)","decl":{"start":{"line":30,"column":1},"end":{"line":30,"column":13}},"loc":{"start":{"line":30,"column":23},"end":{"line":38,"column":2}}},"7":{"name":"(anonymous_7)","decl":{"start":{"line":35,"column":17},"end":{"line":35,"column":18}},"loc":{"start":{"line":35,"column":24},"end":{"line":35,"column":41}}},"8":{"name":"(anonymous_8)","decl":{"start":{"line":40,"column":1},"end":{"line":40,"column":11}},"loc":{"start":{"line":40,"column":25},"end":{"line":57,"column":2}}},"9":{"name":"(anonymous_9)","decl":{"start":{"line":45,"column":40},"end":{"line":45,"column":41}},"loc":{"start":{"line":45,"column":47},"end":{"line":45,"column":70}}},"10":{"name":"(anonymous_10)","decl":{"start":{"line":54,"column":32},"end":{"line":54,"column":33}},"loc":{"start":{"line":54,"column":39},"end":{"line":54,"column":62}}}},"branchMap":{"0":{"loc":{"start":{"line":21,"column":9},"end":{"line":21,"column":46}},"type":"cond-expr","locations":[{"start":{"line":21,"column":40},"end":{"line":21,"column":44}},{"start":{"line":21,"column":44},"end":{"line":21,"column":46}}]},"1":{"loc":{"start":{"line":21,"column":9},"end":{"line":21,"column":44}},"type":"binary-expr","locations":[{"start":{"line":21,"column":9},"end":{"line":21,"column":44}},{"start":{"line":21,"column":40},"end":{"line":21,"column":44}}]},"2":{"loc":{"start":{"line":25,"column":2},"end":{"line":25,"column":50}},"type":"if","locations":[{"start":{"line":25,"column":2},"end":{"line":25,"column":50}}]},"3":{"loc":{"start":{"line":42,"column":2},"end":{"line":47,"column":null}},"type":"if","locations":[{"start":{"line":42,"column":2},"end":{"line":47,"column":null}}]},"4":{"loc":{"start":{"line":51,"column":2},"end":{"line":56,"column":null}},"type":"if","locations":[{"start":{"line":51,"column":2},"end":{"line":56,"column":null}}]}},"s":{"0":13,"1":146,"2":601,"3":531,"4":502,"5":1728,"6":531,"7":13,"8":518,"9":518,"10":32,"11":32,"12":96,"13":144,"14":51,"15":51,"16":51,"17":102,"18":51,"19":51,"20":51,"21":102,"22":13},"f":{"0":146,"1":601,"2":531,"3":502,"4":1728,"5":531,"6":32,"7":144,"8":51,"9":102,"10":102},"b":{"0":[1720,8],"1":[1728,1728],"2":[13],"3":[51],"4":[51]}}
,"/home/runner/work/JavaScriptGraph/JavaScriptGraph/src/models/Edge/index.ts": {"path":"/home/runner/work/JavaScriptGraph/JavaScriptGraph/src/models/Edge/index.ts","statementMap":{"0":{"start":{"line":1,"column":0},"end":{"line":1,"column":28}},"1":{"start":{"line":2,"column":0},"end":{"line":2,"column":44}},"2":{"start":{"line":3,"column":0},"end":{"line":3,"column":48}}},"fnMap":{},"branchMap":{},"s":{"0":8,"1":8,"2":8},"f":{},"b":{}}
,"/home/runner/work/JavaScriptGraph/JavaScriptGraph/src/models/Edge/DirectedEdge/DirectedEdge.ts": {"path":"/home/runner/work/JavaScriptGraph/JavaScriptGraph/src/models/Edge/DirectedEdge/DirectedEdge.ts","statementMap":{"0":{"start":{"line":1,"column":0},"end":{"line":1,"column":36}},"1":{"start":{"line":7,"column":2},"end":{"line":7,"column":22}},"2":{"start":{"line":11,"column":2},"end":{"line":11,"column":22}},"3":{"start":{"line":15,"column":2},"end":{"line":15,"column":14}},"4":{"start":{"line":19,"column":2},"end":{"line":19,"column":53}},"5":{"start":{"line":19,"column":40},"end":{"line":19,"column":53}},"6":{"start":{"line":20,"column":2},"end":{"line":20,"column":40}},"7":{"start":{"line":20,"column":27},"end":{"line":20,"column":40}},"8":{"start":{"line":22,"column":2},"end":{"line":22,"column":82}},"9":{"start":{"line":27,"column":2},"end":{"line":27,"column":74}},"10":{"start":{"line":5,"column":0},"end":{"line":5,"column":13}}},"fnMap":{"0":{"name":"(anonymous_0)","decl":{"start":{"line":6,"column":1},"end":{"line":6,"column":5}},"loc":{"start":{"line":6,"column":9},"end":{"line":8,"column":2}}},"1":{"name":"(anonymous_1)","decl":{"start":{"line":10,"column":1},"end":{"line":10,"column":5}},"loc":{"start":{"line":10,"column":7},"end":{"line":12,"column":2}}},"2":{"name":"(anonymous_2)","decl":{"start":{"line":14,"column":1},"end":{"line":14,"column":11}},"loc":{"start":{"line":14,"column":11},"end":{"line":16,"column":2}}},"3":{"name":"(anonymous_3)","decl":{"start":{"line":18,"column":1},"end":{"line":18,"column":7}},"loc":{"start":{"line":18,"column":23},"end":{"line":23,"column":2}}},"4":{"name":"(anonymous_4)","decl":{"start":{"line":25,"column":1},"end":{"line":25,"column":9}},"loc":{"start":{"line":25,"column":9},"end":{"line":28,"column":2}}}},"branchMap":{"0":{"loc":{"start":{"line":19,"column":2},"end":{"line":19,"column":53}},"type":"if","locations":[{"start":{"line":19,"column":2},"end":{"line":19,"column":53}}]},"1":{"loc":{"start":{"line":20,"column":2},"end":{"line":20,"column":40}},"type":"if","locations":[{"start":{"line":20,"column":2},"end":{"line":20,"column":40}}]},"2":{"loc":{"start":{"line":22,"column":9},"end":{"line":22,"column":81}},"type":"binary-expr","locations":[{"start":{"line":22,"column":9},"end":{"line":22,"column":43}},{"start":{"line":22,"column":47},"end":{"line":22,"column":81}}]}},"s":{"0":12,"1":0,"2":0,"3":31077,"4":30573,"5":0,"6":30573,"7":0,"8":30573,"9":5294,"10":12},"f":{"0":0,"1":0,"2":31077,"3":30573,"4":5294},"b":{"0":[0],"1":[0],"2":[30573,3837]}}
,"/home/runner/work/JavaScriptGraph/JavaScriptGraph/src/models/Edge/Edge/Edge.ts": {"path":"/home/runner/work/JavaScriptGraph/JavaScriptGraph/src/models/Edge/Edge/Edge.ts","statementMap":{"0":{"start":{"line":9,"column":2},"end":{"line":9,"column":25}},"1":{"start":{"line":10,"column":2},"end":{"line":10,"column":25}},"2":{"start":{"line":14,"column":15},"end":{"line":14,"column":27}},"3":{"start":{"line":15,"column":2},"end":{"line":15,"column":30}},"4":{"start":{"line":16,"column":2},"end":{"line":16,"column":22}},"5":{"start":{"line":20,"column":19},"end":{"line":20,"column":56}},"6":{"start":{"line":21,"column":2},"end":{"line":21,"column":38}},"7":{"start":{"line":21,"column":22},"end":{"line":21,"column":38}},"8":{"start":{"line":23,"column":2},"end":{"line":23,"column":47}},"9":{"start":{"line":4,"column":0},"end":{"line":4,"column":22}},"10":{"start":{"line":32,"column":25},"end":{"line":32,"column":110}},"11":{"start":{"line":32,"column":87},"end":{"line":32,"column":110}},"12":{"start":{"line":32,"column":13},"end":{"line":32,"column":25}},"13":{"start":{"line":34,"column":29},"end":{"line":34,"column":104}},"14":{"start":{"line":34,"column":90},"end":{"line":34,"column":104}},"15":{"start":{"line":34,"column":13},"end":{"line":34,"column":29}}},"fnMap":{"0":{"name":"(anonymous_0)","decl":{"start":{"line":8,"column":1},"end":{"line":8,"column":13}},"loc":{"start":{"line":8,"column":35},"end":{"line":11,"column":2}}},"1":{"name":"(anonymous_1)","decl":{"start":{"line":13,"column":1},"end":{"line":13,"column":10}},"loc":{"start":{"line":13,"column":10},"end":{"line":17,"column":2}}},"2":{"name":"(anonymous_2)","decl":{"start":{"line":19,"column":1},"end":{"line":19,"column":10}},"loc":{"start":{"line":19,"column":22},"end":{"line":24,"column":2}}},"3":{"name":"(anonymous_3)","decl":{"start":{"line":32,"column":25},"end":{"line":32,"column":63}},"loc":{"start":{"line":32,"column":87},"end":{"line":32,"column":110}}},"4":{"name":"(anonymous_4)","decl":{"start":{"line":34,"column":29},"end":{"line":34,"column":67}},"loc":{"start":{"line":34,"column":90},"end":{"line":34,"column":104}}}},"branchMap":{"0":{"loc":{"start":{"line":21,"column":2},"end":{"line":21,"column":38}},"type":"if","locations":[{"start":{"line":21,"column":2},"end":{"line":21,"column":38}}]}},"s":{"0":795,"1":795,"2":10,"3":10,"4":10,"5":449,"6":449,"7":300,"8":149,"9":13,"10":13,"11":18,"12":13,"13":13,"14":432,"15":13},"f":{"0":795,"1":10,"2":449,"3":18,"4":432},"b":{"0":[300]}}
,"/home/runner/work/JavaScriptGraph/JavaScriptGraph/src/models/Edge/UndirectedEdge/UndirectedEdge.ts": {"path":"/home/runner/work/JavaScriptGraph/JavaScriptGraph/src/models/Edge/UndirectedEdge/UndirectedEdge.ts","statementMap":{"0":{"start":{"line":1,"column":0},"end":{"line":1,"column":36}},"1":{"start":{"line":7,"column":2},"end":{"line":7,"column":15}},"2":{"start":{"line":11,"column":2},"end":{"line":11,"column":55}},"3":{"start":{"line":11,"column":42},"end":{"line":11,"column":55}},"4":{"start":{"line":12,"column":2},"end":{"line":12,"column":39}},"5":{"start":{"line":12,"column":26},"end":{"line":12,"column":39}},"6":{"start":{"line":14,"column":2},"end":{"line":17,"column":4}},"7":{"start":{"line":22,"column":2},"end":{"line":22,"column":75}},"8":{"start":{"line":5,"column":0},"end":{"line":5,"column":13}}},"fnMap":{"0":{"name":"(anonymous_0)","decl":{"start":{"line":6,"column":1},"end":{"line":6,"column":11}},"loc":{"start":{"line":6,"column":11},"end":{"line":8,"column":2}}},"1":{"name":"(anonymous_1)","decl":{"start":{"line":10,"column":1},"end":{"line":10,"column":7}},"loc":{"start":{"line":10,"column":23},"end":{"line":18,"column":2}}},"2":{"name":"(anonymous_2)","decl":{"start":{"line":20,"column":1},"end":{"line":20,"column":9}},"loc":{"start":{"line":20,"column":9},"end":{"line":23,"column":2}}}},"branchMap":{"0":{"loc":{"start":{"line":11,"column":2},"end":{"line":11,"column":55}},"type":"if","locations":[{"start":{"line":11,"column":2},"end":{"line":11,"column":55}}]},"1":{"loc":{"start":{"line":12,"column":2},"end":{"line":12,"column":39}},"type":"if","locations":[{"start":{"line":12,"column":2},"end":{"line":12,"column":39}}]},"2":{"loc":{"start":{"line":15,"column":3},"end":{"line":16,"column":77}},"type":"binary-expr","locations":[{"start":{"line":15,"column":4},"end":{"line":15,"column":38}},{"start":{"line":15,"column":42},"end":{"line":15,"column":76}},{"start":{"line":16,"column":4},"end":{"line":16,"column":38}},{"start":{"line":16,"column":42},"end":{"line":16,"column":76}}]}},"s":{"0":12,"1":31029,"2":30704,"3":0,"4":30704,"5":0,"6":30704,"7":2830,"8":12},"f":{"0":31029,"1":30704,"2":2830},"b":{"0":[0],"1":[0],"2":[30704,3854,28561,3525]}}
,"/home/runner/work/JavaScriptGraph/JavaScriptGraph/src/models/Graph/Graph.ts": {"path":"/home/runner/work/JavaScriptGraph/JavaScriptGraph/src/models/Graph/Graph.ts","statementMap":{"0":{"start":{"line":1,"column":0},"end":{"line":1,"column":66}},"1":{"start":{"line":4,"column":0},"end":{"line":4,"column":46}},"2":{"start":{"line":5,"column":0},"end":{"line":5,"column":60}},"3":{"start":{"line":6,"column":0},"end":{"line":6,"column":51}},"4":{"start":{"line":7,"column":0},"end":{"line":7,"column":63}},"5":{"start":{"line":8,"column":0},"end":{"line":8,"column":74}},"6":{"start":{"line":9,"column":0},"end":{"line":9,"column":66}},"7":{"start":{"line":10,"column":0},"end":{"line":10,"column":108}},"8":{"start":{"line":36,"column":2},"end":{"line":36,"column":25}},"9":{"start":{"line":37,"column":2},"end":{"line":37,"column":28}},"10":{"start":{"line":38,"column":2},"end":{"line":38,"column":51}},"11":{"start":{"line":39,"column":2},"end":{"line":39,"column":47}},"12":{"start":{"line":41,"column":2},"end":{"line":41,"column":62}},"13":{"start":{"line":51,"column":25},"end":{"line":51,"column":48}},"14":{"start":{"line":52,"column":29},"end":{"line":52,"column":52}},"15":{"start":{"line":54,"column":2},"end":{"line":54,"column":47}},"16":{"start":{"line":54,"column":24},"end":{"line":54,"column":45}},"17":{"start":{"line":55,"column":2},"end":{"line":55,"column":65}},"18":{"start":{"line":55,"column":38},"end":{"line":55,"column":63}},"19":{"start":{"line":57,"column":27},"end":{"line":57,"column":82}},"20":{"start":{"line":59,"column":2},"end":{"line":62,"column":5}},"21":{"start":{"line":60,"column":3},"end":{"line":60,"column":43}},"22":{"start":{"line":61,"column":3},"end":{"line":61,"column":48}},"23":{"start":{"line":64,"column":2},"end":{"line":64,"column":14}},"24":{"start":{"line":74,"column":25},"end":{"line":74,"column":48}},"25":{"start":{"line":75,"column":29},"end":{"line":75,"column":52}},"26":{"start":{"line":77,"column":2},"end":{"line":77,"column":47}},"27":{"start":{"line":77,"column":24},"end":{"line":77,"column":45}},"28":{"start":{"line":78,"column":2},"end":{"line":78,"column":65}},"29":{"start":{"line":78,"column":38},"end":{"line":78,"column":63}},"30":{"start":{"line":80,"column":27},"end":{"line":80,"column":84}},"31":{"start":{"line":81,"column":2},"end":{"line":90,"column":5}},"32":{"start":{"line":82,"column":3},"end":{"line":82,"column":86}},"33":{"start":{"line":82,"column":61},"end":{"line":82,"column":84}},"34":{"start":{"line":83,"column":3},"end":{"line":85,"column":5}},"35":{"start":{"line":84,"column":11},"end":{"line":84,"column":77}},"36":{"start":{"line":87,"column":3},"end":{"line":87,"column":52}},"37":{"start":{"line":89,"column":3},"end":{"line":89,"column":50}},"38":{"start":{"line":92,"column":2},"end":{"line":92,"column":14}},"39":{"start":{"line":105,"column":22},"end":{"line":105,"column":45}},"40":{"start":{"line":106,"column":26},"end":{"line":106,"column":49}},"41":{"start":{"line":108,"column":2},"end":{"line":108,"column":42}},"42":{"start":{"line":108,"column":22},"end":{"line":108,"column":40}},"43":{"start":{"line":109,"column":2},"end":{"line":109,"column":59}},"44":{"start":{"line":109,"column":35},"end":{"line":109,"column":57}},"45":{"start":{"line":111,"column":24},"end":{"line":111,"column":73}},"46":{"start":{"line":113,"column":2},"end":{"line":115,"column":101}},"47":{"start":{"line":114,"column":3},"end":{"line":114,"column":99}},"48":{"start":{"line":114,"column":41},"end":{"line":114,"column":97}},"49":{"start":{"line":115,"column":7},"end":{"line":115,"column":101}},"50":{"start":{"line":115,"column":45},"end":{"line":115,"column":99}},"51":{"start":{"line":117,"column":2},"end":{"line":126,"column":5}},"52":{"start":{"line":118,"column":3},"end":{"line":118,"column":38}},"53":{"start":{"line":120,"column":3},"end":{"line":120,"column":75}},"54":{"start":{"line":121,"column":3},"end":{"line":121,"column":76}},"55":{"start":{"line":123,"column":3},"end":{"line":125,"column":null}},"56":{"start":{"line":124,"column":4},"end":{"line":124,"column":76}},"57":{"start":{"line":128,"column":2},"end":{"line":128,"column":14}},"58":{"start":{"line":138,"column":22},"end":{"line":138,"column":45}},"59":{"start":{"line":139,"column":26},"end":{"line":139,"column":49}},"60":{"start":{"line":141,"column":2},"end":{"line":141,"column":42}},"61":{"start":{"line":141,"column":22},"end":{"line":141,"column":40}},"62":{"start":{"line":142,"column":2},"end":{"line":142,"column":59}},"63":{"start":{"line":142,"column":35},"end":{"line":142,"column":57}},"64":{"start":{"line":144,"column":24},"end":{"line":144,"column":75}},"65":{"start":{"line":145,"column":2},"end":{"line":153,"column":5}},"66":{"start":{"line":146,"column":3},"end":{"line":146,"column":78}},"67":{"start":{"line":146,"column":55},"end":{"line":146,"column":76}},"68":{"start":{"line":148,"column":3},"end":{"line":148,"column":76}},"69":{"start":{"line":149,"column":3},"end":{"line":151,"column":null}},"70":{"start":{"line":150,"column":4},"end":{"line":150,"column":77}},"71":{"start":{"line":152,"column":3},"end":{"line":152,"column":46}},"72":{"start":{"line":155,"column":2},"end":{"line":155,"column":14}},"73":{"start":{"line":164,"column":2},"end":{"line":164,"column":61}},"74":{"start":{"line":173,"column":19},"end":{"line":173,"column":40}},"75":{"start":{"line":174,"column":22},"end":{"line":174,"column":46}},"76":{"start":{"line":175,"column":20},"end":{"line":175,"column":22}},"77":{"start":{"line":179,"column":2},"end":{"line":190,"column":null}},"78":{"start":{"line":180,"column":27},"end":{"line":180,"column":52}},"79":{"start":{"line":181,"column":3},"end":{"line":183,"column":6}},"80":{"start":{"line":182,"column":4},"end":{"line":182,"column":51}},"81":{"start":{"line":185,"column":3},"end":{"line":189,"column":6}},"82":{"start":{"line":186,"column":4},"end":{"line":186,"column":75}},"83":{"start":{"line":186,"column":43},"end":{"line":186,"column":75}},"84":{"start":{"line":188,"column":4},"end":{"line":188,"column":103}},"85":{"start":{"line":188,"column":71},"end":{"line":188,"column":103}},"86":{"start":{"line":192,"column":20},"end":{"line":192,"column":43}},"87":{"start":{"line":193,"column":2},"end":{"line":193,"column":42}},"88":{"start":{"line":193,"column":24},"end":{"line":193,"column":40}},"89":{"start":{"line":195,"column":2},"end":{"line":195,"column":29}},"90":{"start":{"line":204,"column":2},"end":{"line":206,"column":5}},"91":{"start":{"line":205,"column":3},"end":{"line":205,"column":59}},"92":{"start":{"line":216,"column":2},"end":{"line":222,"column":5}},"93":{"start":{"line":217,"column":3},"end":{"line":219,"column":null}},"94":{"start":{"line":218,"column":4},"end":{"line":218,"column":34}},"95":{"start":{"line":221,"column":3},"end":{"line":221,"column":59}},"96":{"start":{"line":232,"column":2},"end":{"line":238,"column":5}},"97":{"start":{"line":233,"column":3},"end":{"line":235,"column":null}},"98":{"start":{"line":234,"column":4},"end":{"line":234,"column":34}},"99":{"start":{"line":237,"column":3},"end":{"line":237,"column":59}},"100":{"start":{"line":248,"column":2},"end":{"line":254,"column":4}},"101":{"start":{"line":250,"column":4},"end":{"line":253,"column":45}},"102":{"start":{"line":264,"column":2},"end":{"line":266,"column":5}},"103":{"start":{"line":265,"column":3},"end":{"line":265,"column":26}},"104":{"start":{"line":268,"column":2},"end":{"line":268,"column":78}},"105":{"start":{"line":277,"column":21},"end":{"line":277,"column":35}},"106":{"start":{"line":278,"column":2},"end":{"line":278,"column":108}},"107":{"start":{"line":278,"column":75},"end":{"line":278,"column":108}},"108":{"start":{"line":289,"column":46},"end":{"line":289,"column":66}},"109":{"start":{"line":290,"column":2},"end":{"line":290,"column":102}},"110":{"start":{"line":290,"column":62},"end":{"line":290,"column":102}},"111":{"start":{"line":293,"column":2},"end":{"line":302,"column":null}},"112":{"start":{"line":294,"column":23},"end":{"line":294,"column":47}},"113":{"start":{"line":295,"column":3},"end":{"line":299,"column":null}},"114":{"start":{"line":295,"column":33},"end":{"line":295,"column":59}},"115":{"start":{"line":297,"column":4},"end":{"line":297,"column":36}},"116":{"start":{"line":298,"column":4},"end":{"line":298,"column":35}},"117":{"start":{"line":301,"column":3},"end":{"line":301,"column":31}},"118":{"start":{"line":304,"column":21},"end":{"line":304,"column":23}},"119":{"start":{"line":306,"column":2},"end":{"line":346,"column":null}},"120":{"start":{"line":307,"column":3},"end":{"line":307,"column":29}},"121":{"start":{"line":309,"column":19},"end":{"line":309,"column":23}},"122":{"start":{"line":310,"column":24},"end":{"line":310,"column":28}},"123":{"start":{"line":312,"column":3},"end":{"line":345,"column":null}},"124":{"start":{"line":312,"column":46},"end":{"line":312,"column":47}},"125":{"start":{"line":313,"column":4},"end":{"line":313,"column":32}},"126":{"start":{"line":314,"column":4},"end":{"line":330,"column":null}},"127":{"start":{"line":315,"column":5},"end":{"line":315,"column":22}},"128":{"start":{"line":316,"column":5},"end":{"line":316,"column":27}},"129":{"start":{"line":317,"column":5},"end":{"line":321,"column":null}},"130":{"start":{"line":318,"column":6},"end":{"line":321,"column":null}},"131":{"start":{"line":319,"column":7},"end":{"line":319,"column":38}},"132":{"start":{"line":320,"column":7},"end":{"line":320,"column":13}},"133":{"start":{"line":323,"column":5},"end":{"line":329,"column":null}},"134":{"start":{"line":324,"column":28},"end":{"line":324,"column":72}},"135":{"start":{"line":325,"column":6},"end":{"line":326,"column":40}},"136":{"start":{"line":325,"column":38},"end":{"line":325,"column":55}},"137":{"start":{"line":326,"column":11},"end":{"line":326,"column":40}},"138":{"start":{"line":328,"column":6},"end":{"line":328,"column":23}},"139":{"start":{"line":332,"column":4},"end":{"line":332,"column":43}},"140":{"start":{"line":332,"column":37},"end":{"line":332,"column":43}},"141":{"start":{"line":334,"column":4},"end":{"line":344,"column":null}},"142":{"start":{"line":335,"column":5},"end":{"line":335,"column":38}},"143":{"start":{"line":336,"column":30},"end":{"line":336,"column":66}},"144":{"start":{"line":337,"column":5},"end":{"line":337,"column":42}},"145":{"start":{"line":338,"column":5},"end":{"line":338,"column":32}},"146":{"start":{"line":340,"column":5},"end":{"line":340,"column":78}},"147":{"start":{"line":342,"column":5},"end":{"line":342,"column":36}},"148":{"start":{"line":343,"column":5},"end":{"line":343,"column":37}},"149":{"start":{"line":359,"column":2},"end":{"line":359,"column":90}},"150":{"start":{"line":359,"column":37},"end":{"line":359,"column":88}},"151":{"start":{"line":361,"column":19},"end":{"line":361,"column":36}},"152":{"start":{"line":362,"column":2},"end":{"line":362,"column":34}},"153":{"start":{"line":364,"column":2},"end":{"line":370,"column":5}},"154":{"start":{"line":365,"column":3},"end":{"line":369,"column":33}},"155":{"start":{"line":369,"column":4},"end":{"line":369,"column":33}},"156":{"start":{"line":372,"column":2},"end":{"line":372,"column":18}},"157":{"start":{"line":376,"column":2},"end":{"line":376,"column":91}},"158":{"start":{"line":383,"column":2},"end":{"line":383,"column":25}},"159":{"start":{"line":390,"column":2},"end":{"line":390,"column":38}},"160":{"start":{"line":397,"column":2},"end":{"line":397,"column":41}},"161":{"start":{"line":404,"column":2},"end":{"line":404,"column":42}},"162":{"start":{"line":411,"column":2},"end":{"line":411,"column":40}},"163":{"start":{"line":421,"column":2},"end":{"line":421,"column":41}},"164":{"start":{"line":432,"column":2},"end":{"line":432,"column":54}},"165":{"start":{"line":433,"column":2},"end":{"line":433,"column":54}},"166":{"start":{"line":444,"column":2},"end":{"line":444,"column":84}},"167":{"start":{"line":444,"column":46},"end":{"line":444,"column":84}},"168":{"start":{"line":456,"column":2},"end":{"line":456,"column":96}},"169":{"start":{"line":456,"column":53},"end":{"line":456,"column":80}},"170":{"start":{"line":17,"column":0},"end":{"line":17,"column":13}}},"fnMap":{"0":{"name":"(anonymous_0)","decl":{"start":{"line":35,"column":1},"end":{"line":35,"column":13}},"loc":{"start":{"line":35,"column":55},"end":{"line":42,"column":2}}},"1":{"name":"(anonymous_1)","decl":{"start":{"line":50,"column":1},"end":{"line":50,"column":10}},"loc":{"start":{"line":50,"column":25},"end":{"line":65,"column":2}}},"2":{"name":"(anonymous_2)","decl":{"start":{"line":54,"column":17},"end":{"line":54,"column":18}},"loc":{"start":{"line":54,"column":24},"end":{"line":54,"column":45}}},"3":{"name":"(anonymous_3)","decl":{"start":{"line":55,"column":31},"end":{"line":55,"column":32}},"loc":{"start":{"line":55,"column":38},"end":{"line":55,"column":63}}},"4":{"name":"(anonymous_4)","decl":{"start":{"line":59,"column":27},"end":{"line":59,"column":28}},"loc":{"start":{"line":59,"column":44},"end":{"line":62,"column":3}}},"5":{"name":"(anonymous_5)","decl":{"start":{"line":73,"column":1},"end":{"line":73,"column":13}},"loc":{"start":{"line":73,"column":28},"end":{"line":93,"column":2}}},"6":{"name":"(anonymous_6)","decl":{"start":{"line":77,"column":17},"end":{"line":77,"column":18}},"loc":{"start":{"line":77,"column":24},"end":{"line":77,"column":45}}},"7":{"name":"(anonymous_7)","decl":{"start":{"line":78,"column":31},"end":{"line":78,"column":32}},"loc":{"start":{"line":78,"column":38},"end":{"line":78,"column":63}}},"8":{"name":"(anonymous_8)","decl":{"start":{"line":81,"column":27},"end":{"line":81,"column":28}},"loc":{"start":{"line":81,"column":44},"end":{"line":90,"column":3}}},"9":{"name":"(anonymous_9)","decl":{"start":{"line":82,"column":54},"end":{"line":82,"column":55}},"loc":{"start":{"line":82,"column":61},"end":{"line":82,"column":84}}},"10":{"name":"(anonymous_10)","decl":{"start":{"line":84,"column":4},"end":{"line":84,"column":5}},"loc":{"start":{"line":84,"column":11},"end":{"line":84,"column":77}}},"11":{"name":"(anonymous_11)","decl":{"start":{"line":104,"column":1},"end":{"line":104,"column":8}},"loc":{"start":{"line":104,"column":21},"end":{"line":129,"column":2}}},"12":{"name":"(anonymous_12)","decl":{"start":{"line":108,"column":15},"end":{"line":108,"column":16}},"loc":{"start":{"line":108,"column":22},"end":{"line":108,"column":40}}},"13":{"name":"(anonymous_13)","decl":{"start":{"line":109,"column":28},"end":{"line":109,"column":29}},"loc":{"start":{"line":109,"column":35},"end":{"line":109,"column":57}}},"14":{"name":"(anonymous_14)","decl":{"start":{"line":114,"column":25},"end":{"line":114,"column":26}},"loc":{"start":{"line":114,"column":41},"end":{"line":114,"column":97}}},"15":{"name":"(anonymous_15)","decl":{"start":{"line":115,"column":29},"end":{"line":115,"column":30}},"loc":{"start":{"line":115,"column":45},"end":{"line":115,"column":99}}},"16":{"name":"(anonymous_16)","decl":{"start":{"line":117,"column":24},"end":{"line":117,"column":25}},"loc":{"start":{"line":117,"column":39},"end":{"line":126,"column":3}}},"17":{"name":"(anonymous_17)","decl":{"start":{"line":137,"column":1},"end":{"line":137,"column":11}},"loc":{"start":{"line":137,"column":24},"end":{"line":156,"column":2}}},"18":{"name":"(anonymous_18)","decl":{"start":{"line":141,"column":15},"end":{"line":141,"column":16}},"loc":{"start":{"line":141,"column":22},"end":{"line":141,"column":40}}},"19":{"name":"(anonymous_19)","decl":{"start":{"line":142,"column":28},"end":{"line":142,"column":29}},"loc":{"start":{"line":142,"column":35},"end":{"line":142,"column":57}}},"20":{"name":"(anonymous_20)","decl":{"start":{"line":145,"column":24},"end":{"line":145,"column":25}},"loc":{"start":{"line":145,"column":39},"end":{"line":153,"column":3}}},"21":{"name":"(anonymous_21)","decl":{"start":{"line":146,"column":48},"end":{"line":146,"column":49}},"loc":{"start":{"line":146,"column":55},"end":{"line":146,"column":76}}},"22":{"name":"(anonymous_22)","decl":{"start":{"line":163,"column":1},"end":{"line":163,"column":23}},"loc":{"start":{"line":163,"column":33},"end":{"line":165,"column":2}}},"23":{"name":"(anonymous_23)","decl":{"start":{"line":172,"column":1},"end":{"line":172,"column":17}},"loc":{"start":{"line":172,"column":27},"end":{"line":196,"column":2}}},"24":{"name":"(anonymous_24)","decl":{"start":{"line":181,"column":31},"end":{"line":181,"column":32}},"loc":{"start":{"line":181,"column":46},"end":{"line":183,"column":4}}},"25":{"name":"(anonymous_25)","decl":{"start":{"line":185,"column":20},"end":{"line":185,"column":21}},"loc":{"start":{"line":185,"column":35},"end":{"line":189,"column":4}}},"26":{"name":"(anonymous_26)","decl":{"start":{"line":193,"column":17},"end":{"line":193,"column":18}},"loc":{"start":{"line":193,"column":24},"end":{"line":193,"column":40}}},"27":{"name":"(anonymous_27)","decl":{"start":{"line":203,"column":1},"end":{"line":203,"column":17}},"loc":{"start":{"line":203,"column":27},"end":{"line":207,"column":2}}},"28":{"name":"(anonymous_28)","decl":{"start":{"line":204,"column":38},"end":{"line":204,"column":39}},"loc":{"start":{"line":204,"column":63},"end":{"line":206,"column":3}}},"29":{"name":"(anonymous_29)","decl":{"start":{"line":215,"column":1},"end":{"line":215,"column":17}},"loc":{"start":{"line":215,"column":27},"end":{"line":223,"column":2}}},"30":{"name":"(anonymous_30)","decl":{"start":{"line":216,"column":38},"end":{"line":216,"column":39}},"loc":{"start":{"line":216,"column":75},"end":{"line":222,"column":3}}},"31":{"name":"(anonymous_31)","decl":{"start":{"line":231,"column":1},"end":{"line":231,"column":17}},"loc":{"start":{"line":231,"column":27},"end":{"line":239,"column":2}}},"32":{"name":"(anonymous_32)","decl":{"start":{"line":232,"column":38},"end":{"line":232,"column":39}},"loc":{"start":{"line":232,"column":75},"end":{"line":238,"column":3}}},"33":{"name":"(anonymous_33)","decl":{"start":{"line":247,"column":1},"end":{"line":247,"column":9}},"loc":{"start":{"line":247,"column":32},"end":{"line":255,"column":2}}},"34":{"name":"(anonymous_34)","decl":{"start":{"line":249,"column":3},"end":{"line":249,"column":4}},"loc":{"start":{"line":250,"column":4},"end":{"line":253,"column":45}}},"35":{"name":"(anonymous_35)","decl":{"start":{"line":263,"column":1},"end":{"line":263,"column":10}},"loc":{"start":{"line":263,"column":10},"end":{"line":269,"column":2}}},"36":{"name":"(anonymous_36)","decl":{"start":{"line":264,"column":28},"end":{"line":264,"column":29}},"loc":{"start":{"line":264,"column":43},"end":{"line":266,"column":3}}},"37":{"name":"(anonymous_37)","decl":{"start":{"line":271,"column":1},"end":{"line":271,"column":11}},"loc":{"start":{"line":275,"column":112},"end":{"line":279,"column":2}}},"38":{"name":"(anonymous_38)","decl":{"start":{"line":281,"column":1},"end":{"line":281,"column":2}},"loc":{"start":{"line":287,"column":31},"end":{"line":347,"column":2}}},"39":{"name":"(anonymous_39)","decl":{"start":{"line":312,"column":39},"end":{"line":312,"column":40}},"loc":{"start":{"line":312,"column":46},"end":{"line":312,"column":47}}},"40":{"name":"(anonymous_40)","decl":{"start":{"line":358,"column":1},"end":{"line":358,"column":12}},"loc":{"start":{"line":358,"column":26},"end":{"line":373,"column":2}}},"41":{"name":"(anonymous_41)","decl":{"start":{"line":359,"column":19},"end":{"line":359,"column":20}},"loc":{"start":{"line":359,"column":37},"end":{"line":359,"column":88}}},"42":{"name":"(anonymous_42)","decl":{"start":{"line":364,"column":32},"end":{"line":364,"column":33}},"loc":{"start":{"line":364,"column":47},"end":{"line":370,"column":3}}},"43":{"name":"(anonymous_43)","decl":{"start":{"line":375,"column":1},"end":{"line":375,"column":31}},"loc":{"start":{"line":375,"column":31},"end":{"line":377,"column":2}}},"44":{"name":"(anonymous_44)","decl":{"start":{"line":382,"column":1},"end":{"line":382,"column":5}},"loc":{"start":{"line":382,"column":5},"end":{"line":384,"column":2}}},"45":{"name":"(anonymous_45)","decl":{"start":{"line":389,"column":1},"end":{"line":389,"column":15}},"loc":{"start":{"line":389,"column":15},"end":{"line":391,"column":2}}},"46":{"name":"(anonymous_46)","decl":{"start":{"line":396,"column":1},"end":{"line":396,"column":18}},"loc":{"start":{"line":396,"column":18},"end":{"line":398,"column":2}}},"47":{"name":"(anonymous_47)","decl":{"start":{"line":403,"column":1},"end":{"line":403,"column":19}},"loc":{"start":{"line":403,"column":19},"end":{"line":405,"column":2}}},"48":{"name":"(anonymous_48)","decl":{"start":{"line":410,"column":1},"end":{"line":410,"column":17}},"loc":{"start":{"line":410,"column":17},"end":{"line":412,"column":2}}},"49":{"name":"(anonymous_49)","decl":{"start":{"line":420,"column":1},"end":{"line":420,"column":5}},"loc":{"start":{"line":420,"column":30},"end":{"line":422,"column":2}}},"50":{"name":"(anonymous_50)","decl":{"start":{"line":431,"column":1},"end":{"line":431,"column":40}},"loc":{"start":{"line":431,"column":48},"end":{"line":434,"column":2}}},"51":{"name":"(anonymous_51)","decl":{"start":{"line":443,"column":1},"end":{"line":443,"column":33}},"loc":{"start":{"line":443,"column":43},"end":{"line":445,"column":2}}},"52":{"name":"(anonymous_52)","decl":{"start":{"line":455,"column":1},"end":{"line":455,"column":25}},"loc":{"start":{"line":455,"column":35},"end":{"line":457,"column":2}}},"53":{"name":"(anonymous_53)","decl":{"start":{"line":456,"column":35},"end":{"line":456,"column":36}},"loc":{"start":{"line":456,"column":53},"end":{"line":456,"column":80}}}},"branchMap":{"0":{"loc":{"start":{"line":35,"column":13},"end":{"line":35,"column":55}},"type":"default-arg","locations":[{"start":{"line":35,"column":50},"end":{"line":35,"column":55}}]},"1":{"loc":{"start":{"line":84,"column":11},"end":{"line":84,"column":77}},"type":"binary-expr","locations":[{"start":{"line":84,"column":11},"end":{"line":84,"column":42}},{"start":{"line":84,"column":46},"end":{"line":84,"column":77}}]},"2":{"loc":{"start":{"line":113,"column":2},"end":{"line":115,"column":101}},"type":"if","locations":[{"start":{"line":113,"column":2},"end":{"line":115,"column":101}},{"start":{"line":115,"column":7},"end":{"line":115,"column":101}}]},"3":{"loc":{"start":{"line":123,"column":3},"end":{"line":125,"column":null}},"type":"if","locations":[{"start":{"line":123,"column":3},"end":{"line":125,"column":null}}]},"4":{"loc":{"start":{"line":149,"column":3},"end":{"line":151,"column":null}},"type":"if","locations":[{"start":{"line":149,"column":3},"end":{"line":151,"column":null}}]},"5":{"loc":{"start":{"line":179,"column":2},"end":{"line":190,"column":null}},"type":"if","locations":[{"start":{"line":179,"column":2},"end":{"line":190,"column":null}},{"start":{"line":184,"column":9},"end":{"line":190,"column":null}}]},"6":{"loc":{"start":{"line":186,"column":4},"end":{"line":186,"column":75}},"type":"if","locations":[{"start":{"line":186,"column":4},"end":{"line":186,"column":75}}]},"7":{"loc":{"start":{"line":188,"column":4},"end":{"line":188,"column":103}},"type":"if","locations":[{"start":{"line":188,"column":4},"end":{"line":188,"column":103}}]},"8":{"loc":{"start":{"line":188,"column":8},"end":{"line":188,"column":69}},"type":"binary-expr","locations":[{"start":{"line":188,"column":8},"end":{"line":188,"column":32}},{"start":{"line":188,"column":36},"end":{"line":188,"column":69}}]},"9":{"loc":{"start":{"line":205,"column":10},"end":{"line":205,"column":58}},"type":"binary-expr","locations":[{"start":{"line":205,"column":10},"end":{"line":205,"column":32}},{"start":{"line":205,"column":36},"end":{"line":205,"column":58}}]},"10":{"loc":{"start":{"line":217,"column":3},"end":{"line":219,"column":null}},"type":"if","locations":[{"start":{"line":217,"column":3},"end":{"line":219,"column":null}}]},"11":{"loc":{"start":{"line":221,"column":10},"end":{"line":221,"column":58}},"type":"binary-expr","locations":[{"start":{"line":221,"column":10},"end":{"line":221,"column":32}},{"start":{"line":221,"column":36},"end":{"line":221,"column":58}}]},"12":{"loc":{"start":{"line":233,"column":3},"end":{"line":235,"column":null}},"type":"if","locations":[{"start":{"line":233,"column":3},"end":{"line":235,"column":null}}]},"13":{"loc":{"start":{"line":237,"column":10},"end":{"line":237,"column":58}},"type":"binary-expr","locations":[{"start":{"line":237,"column":10},"end":{"line":237,"column":32}},{"start":{"line":237,"column":36},"end":{"line":237,"column":58}}]},"14":{"loc":{"start":{"line":250,"column":4},"end":{"line":253,"column":45}},"type":"binary-expr","locations":[{"start":{"line":250,"column":5},"end":{"line":250,"column":44}},{"start":{"line":250,"column":48},"end":{"line":250,"column":87}},{"start":{"line":251,"column":5},"end":{"line":251,"column":33}},{"start":{"line":252,"column":5},"end":{"line":252,"column":44}},{"start":{"line":253,"column":5},"end":{"line":253,"column":44}}]},"15":{"loc":{"start":{"line":275,"column":2},"end":{"line":275,"column":112}},"type":"default-arg","locations":[{"start":{"line":275,"column":97},"end":{"line":275,"column":112}}]},"16":{"loc":{"start":{"line":283,"column":2},"end":{"line":287,"column":31}},"type":"default-arg","locations":[{"start":{"line":287,"column":16},"end":{"line":287,"column":31}}]},"17":{"loc":{"start":{"line":293,"column":2},"end":{"line":302,"column":null}},"type":"if","locations":[{"start":{"line":293,"column":2},"end":{"line":302,"column":null}},{"start":{"line":300,"column":9},"end":{"line":302,"column":null}}]},"18":{"loc":{"start":{"line":295,"column":3},"end":{"line":299,"column":null}},"type":"if","locations":[{"start":{"line":295,"column":3},"end":{"line":299,"column":null}},{"start":{"line":296,"column":8},"end":{"line":299,"column":null}}]},"19":{"loc":{"start":{"line":306,"column":2},"end":{"line":346,"column":null}},"type":"if","locations":[{"start":{"line":306,"column":2},"end":{"line":346,"column":null}}]},"20":{"loc":{"start":{"line":314,"column":4},"end":{"line":330,"column":null}},"type":"if","locations":[{"start":{"line":314,"column":4},"end":{"line":330,"column":null}},{"start":{"line":322,"column":11},"end":{"line":330,"column":null}}]},"21":{"loc":{"start":{"line":318,"column":6},"end":{"line":321,"column":null}},"type":"if","locations":[{"start":{"line":318,"column":6},"end":{"line":321,"column":null}}]},"22":{"loc":{"start":{"line":323,"column":5},"end":{"line":329,"column":null}},"type":"if","locations":[{"start":{"line":323,"column":5},"end":{"line":329,"column":null}},{"start":{"line":327,"column":12},"end":{"line":329,"column":null}}]},"23":{"loc":{"start":{"line":325,"column":6},"end":{"line":326,"column":40}},"type":"if","locations":[{"start":{"line":325,"column":6},"end":{"line":326,"column":40}},{"start":{"line":326,"column":11},"end":{"line":326,"column":40}}]},"24":{"loc":{"start":{"line":332,"column":4},"end":{"line":332,"column":43}},"type":"if","locations":[{"start":{"line":332,"column":4},"end":{"line":332,"column":43}}]},"25":{"loc":{"start":{"line":334,"column":4},"end":{"line":344,"column":null}},"type":"if","locations":[{"start":{"line":334,"column":4},"end":{"line":344,"column":null}}]},"26":{"loc":{"start":{"line":365,"column":3},"end":{"line":369,"column":33}},"type":"if","locations":[{"start":{"line":365,"column":3},"end":{"line":369,"column":33}}]},"27":{"loc":{"start":{"line":366,"column":4},"end":{"line":367,"column":57}},"type":"binary-expr","locations":[{"start":{"line":366,"column":4},"end":{"line":366,"column":57}},{"start":{"line":367,"column":4},"end":{"line":367,"column":57}}]},"28":{"loc":{"start":{"line":444,"column":2},"end":{"line":444,"column":84}},"type":"if","locations":[{"start":{"line":444,"column":2},"end":{"line":444,"column":84}}]}},"s":{"0":13,"1":13,"2":13,"3":13,"4":13,"5":13,"6":13,"7":13,"8":146,"9":146,"10":146,"11":146,"12":146,"13":231,"14":231,"15":231,"16":659,"17":231,"18":357,"19":231,"20":231,"21":601,"22":601,"23":231,"24":32,"25":32,"26":32,"27":32,"28":32,"29":128,"30":32,"31":32,"32":32,"33":128,"34":32,"35":96,"36":32,"37":32,"38":32,"39":216,"40":216,"41":216,"42":535,"43":216,"44":545,"45":216,"46":216,"47":186,"48":463,"49":30,"50":68,"51":216,"52":531,"53":531,"54":531,"55":531,"56":162,"57":216,"58":76,"59":76,"60":76,"61":97,"62":76,"63":228,"64":76,"65":76,"66":51,"67":153,"68":51,"69":51,"70":27,"71":51,"72":76,"73":0,"74":81,"75":81,"76":81,"77":81,"78":30,"79":30,"80":80,"81":51,"82":144,"83":28,"84":144,"85":17,"86":81,"87":81,"88":63,"89":81,"90":3,"91":34,"92":3,"93":34,"94":20,"95":14,"96":3,"97":34,"98":20,"99":14,"100":10,"101":30,"102":4,"103":10,"104":4,"105":1,"106":1,"107":5,"108":4,"109":4,"110":20,"111":4,"112":4,"113":4,"114":0,"115":4,"116":4,"117":0,"118":4,"119":4,"120":4,"121":4,"122":4,"123":4,"124":86,"125":23,"126":23,"127":9,"128":9,"129":9,"130":36,"131":9,"132":9,"133":14,"134":10,"135":10,"136":3,"137":7,"138":4,"139":23,"140":0,"141":23,"142":20,"143":20,"144":20,"145":20,"146":20,"147":20,"148":20,"149":2,"150":12,"151":2,"152":2,"153":2,"154":30,"155":10,"156":2,"157":2,"158":131,"159":169,"160":200,"161":647,"162":77,"163":216,"164":463,"165":463,"166":940,"167":1,"168":990,"169":3064,"170":13},"f":{"0":146,"1":231,"2":659,"3":357,"4":601,"5":32,"6":32,"7":128,"8":32,"9":128,"10":96,"11":216,"12":535,"13":545,"14":463,"15":68,"16":531,"17":76,"18":97,"19":228,"20":51,"21":153,"22":0,"23":81,"24":80,"25":144,"26":63,"27":3,"28":34,"29":3,"30":34,"31":3,"32":34,"33":10,"34":30,"35":4,"36":10,"37":1,"38":4,"39":86,"40":2,"41":12,"42":30,"43":2,"44":131,"45":169,"46":200,"47":647,"48":77,"49":216,"50":463,"51":940,"52":990,"53":3064},"b":{"0":[20],"1":[96,72],"2":[186,30],"3":[162],"4":[27],"5":[30,51],"6":[28],"7":[17],"8":[144,89],"9":[34,22],"10":[20],"11":[14,8],"12":[20],"13":[14,8],"14":[30,8,23,8,2],"15":[1],"16":[3],"17":[4,0],"18":[0,4],"19":[4],"20":[9,14],"21":[9],"22":[10,4],"23":[3,7],"24":[0],"25":[20],"26":[10],"27":[30,20],"28":[1]}}
,"/home/runner/work/JavaScriptGraph/JavaScriptGraph/src/models/Graph/algorithms/TarjanStronglyConnectedComponentsAlgorithm.ts": {"path":"/home/runner/work/JavaScriptGraph/JavaScriptGraph/src/models/Graph/algorithms/TarjanStronglyConnectedComponentsAlgorithm.ts","statementMap":{"0":{"start":{"line":3,"column":0},"end":{"line":3,"column":66}},"1":{"start":{"line":7,"column":2},"end":{"line":7,"column":21}},"2":{"start":{"line":9,"column":2},"end":{"line":9,"column":24}},"3":{"start":{"line":10,"column":2},"end":{"line":10,"column":18}},"4":{"start":{"line":11,"column":2},"end":{"line":11,"column":37}},"5":{"start":{"line":12,"column":2},"end":{"line":12,"column":38}},"6":{"start":{"line":14,"column":2},"end":{"line":14,"column":19}},"7":{"start":{"line":27,"column":15},"end":{"line":27,"column":68}},"8":{"start":{"line":29,"column":2},"end":{"line":31,"column":5}},"9":{"start":{"line":30,"column":3},"end":{"line":30,"column":67}},"10":{"start":{"line":30,"column":40},"end":{"line":30,"column":67}},"11":{"start":{"line":33,"column":2},"end":{"line":33,"column":21}},"12":{"start":{"line":37,"column":2},"end":{"line":37,"column":53}},"13":{"start":{"line":38,"column":2},"end":{"line":38,"column":52}},"14":{"start":{"line":39,"column":2},"end":{"line":39,"column":25}},"15":{"start":{"line":40,"column":2},"end":{"line":40,"column":33}},"16":{"start":{"line":41,"column":2},"end":{"line":54,"column":5}},"17":{"start":{"line":42,"column":3},"end":{"line":53,"column":null}},"18":{"start":{"line":43,"column":4},"end":{"line":43,"column":30}},"19":{"start":{"line":44,"column":4},"end":{"line":47,"column":6}},"20":{"start":{"line":48,"column":10},"end":{"line":53,"column":null}},"21":{"start":{"line":48,"column":47},"end":{"line":48,"column":78}},"22":{"start":{"line":49,"column":4},"end":{"line":52,"column":6}},"23":{"start":{"line":56,"column":2},"end":{"line":64,"column":null}},"24":{"start":{"line":57,"column":33},"end":{"line":57,"column":35}},"25":{"start":{"line":59,"column":3},"end":{"line":62,"column":48}},"26":{"start":{"line":60,"column":4},"end":{"line":60,"column":36}},"27":{"start":{"line":61,"column":4},"end":{"line":61,"column":39}},"28":{"start":{"line":63,"column":3},"end":{"line":63,"column":38}},"29":{"start":{"line":5,"column":0},"end":{"line":5,"column":13}}},"fnMap":{"0":{"name":"(anonymous_0)","decl":{"start":{"line":6,"column":1},"end":{"line":6,"column":21}},"loc":{"start":{"line":6,"column":41},"end":{"line":15,"column":2}}},"1":{"name":"(anonymous_1)","decl":{"start":{"line":26,"column":1},"end":{"line":26,"column":7}},"loc":{"start":{"line":26,"column":79},"end":{"line":34,"column":2}}},"2":{"name":"(anonymous_2)","decl":{"start":{"line":29,"column":41},"end":{"line":29,"column":42}},"loc":{"start":{"line":29,"column":58},"end":{"line":31,"column":3}}},"3":{"name":"(anonymous_3)","decl":{"start":{"line":36,"column":9},"end":{"line":36,"column":16}},"loc":{"start":{"line":36,"column":33},"end":{"line":65,"column":2}}},"4":{"name":"(anonymous_4)","decl":{"start":{"line":41,"column":53},"end":{"line":41,"column":54}},"loc":{"start":{"line":41,"column":69},"end":{"line":54,"column":3}}},"5":{"name":"(anonymous_5)","decl":{"start":{"line":48,"column":30},"end":{"line":48,"column":31}},"loc":{"start":{"line":48,"column":47},"end":{"line":48,"column":78}}}},"branchMap":{"0":{"loc":{"start":{"line":30,"column":3},"end":{"line":30,"column":67}},"type":"if","locations":[{"start":{"line":30,"column":3},"end":{"line":30,"column":67}}]},"1":{"loc":{"start":{"line":42,"column":3},"end":{"line":53,"column":null}},"type":"if","locations":[{"start":{"line":42,"column":3},"end":{"line":53,"column":null}},{"start":{"line":48,"column":10},"end":{"line":53,"column":null}}]},"2":{"loc":{"start":{"line":46,"column":14},"end":{"line":46,"column":50}},"type":"cond-expr","locations":[{"start":{"line":46,"column":44},"end":{"line":46,"column":48}},{"start":{"line":46,"column":48},"end":{"line":46,"column":50}}]},"3":{"loc":{"start":{"line":46,"column":14},"end":{"line":46,"column":48}},"type":"binary-expr","locations":[{"start":{"line":46,"column":14},"end":{"line":46,"column":48}},{"start":{"line":46,"column":44},"end":{"line":46,"column":48}}]},"4":{"loc":{"start":{"line":46,"column":52},"end":{"line":46,"column":86}},"type":"cond-expr","locations":[{"start":{"line":46,"column":80},"end":{"line":46,"column":84}},{"start":{"line":46,"column":84},"end":{"line":46,"column":86}}]},"5":{"loc":{"start":{"line":46,"column":52},"end":{"line":46,"column":84}},"type":"binary-expr","locations":[{"start":{"line":46,"column":52},"end":{"line":46,"column":84}},{"start":{"line":46,"column":80},"end":{"line":46,"column":84}}]},"6":{"loc":{"start":{"line":48,"column":10},"end":{"line":53,"column":null}},"type":"if","locations":[{"start":{"line":48,"column":10},"end":{"line":53,"column":null}}]},"7":{"loc":{"start":{"line":51,"column":14},"end":{"line":51,"column":50}},"type":"cond-expr","locations":[{"start":{"line":51,"column":44},"end":{"line":51,"column":48}},{"start":{"line":51,"column":48},"end":{"line":51,"column":50}}]},"8":{"loc":{"start":{"line":51,"column":14},"end":{"line":51,"column":48}},"type":"binary-expr","locations":[{"start":{"line":51,"column":14},"end":{"line":51,"column":48}},{"start":{"line":51,"column":44},"end":{"line":51,"column":48}}]},"9":{"loc":{"start":{"line":51,"column":52},"end":{"line":51,"column":87}},"type":"cond-expr","locations":[{"start":{"line":51,"column":81},"end":{"line":51,"column":85}},{"start":{"line":51,"column":85},"end":{"line":51,"column":87}}]},"10":{"loc":{"start":{"line":51,"column":52},"end":{"line":51,"column":85}},"type":"binary-expr","locations":[{"start":{"line":51,"column":52},"end":{"line":51,"column":85}},{"start":{"line":51,"column":81},"end":{"line":51,"column":85}}]},"11":{"loc":{"start":{"line":56,"column":2},"end":{"line":64,"column":null}},"type":"if","locations":[{"start":{"line":56,"column":2},"end":{"line":64,"column":null}}]}},"s":{"0":13,"1":2,"2":2,"3":2,"4":2,"5":2,"6":2,"7":2,"8":2,"9":11,"10":5,"11":2,"12":11,"13":11,"14":11,"15":11,"16":11,"17":13,"18":6,"19":6,"20":7,"21":9,"22":5,"23":11,"24":5,"25":5,"26":11,"27":11,"28":5,"29":13},"f":{"0":2,"1":2,"2":11,"3":11,"4":13,"5":9},"b":{"0":[5],"1":[6,7],"2":[6,0],"3":[6,6],"4":[6,0],"5":[6,6],"6":[5],"7":[5,0],"8":[5,5],"9":[5,0],"10":[5,5],"11":[5]}}
,"/home/runner/work/JavaScriptGraph/JavaScriptGraph/src/models/Graph/algorithms/index.ts": {"path":"/home/runner/work/JavaScriptGraph/JavaScriptGraph/src/models/Graph/algorithms/index.ts","statementMap":{"0":{"start":{"line":1,"column":0},"end":{"line":1,"column":61}}},"fnMap":{},"branchMap":{},"s":{"0":13},"f":{},"b":{}}
,"/home/runner/work/JavaScriptGraph/JavaScriptGraph/src/models/Matrix/AdjacencyMatrix.ts": {"path":"/home/runner/work/JavaScriptGraph/JavaScriptGraph/src/models/Matrix/AdjacencyMatrix.ts","statementMap":{"0":{"start":{"line":2,"column":0},"end":{"line":2,"column":34}},"1":{"start":{"line":7,"column":2},"end":{"line":7,"column":15}},"2":{"start":{"line":11,"column":38},"end":{"line":11,"column":59}},"3":{"start":{"line":13,"column":2},"end":{"line":18,"column":5}},"4":{"start":{"line":14,"column":3},"end":{"line":14,"column":48}},"5":{"start":{"line":15,"column":3},"end":{"line":17,"column":null}},"6":{"start":{"line":16,"column":4},"end":{"line":16,"column":49}},"7":{"start":{"line":20,"column":2},"end":{"line":20,"column":16}},"8":{"start":{"line":24,"column":2},"end":{"line":24,"column":25}},"9":{"start":{"line":25,"column":2},"end":{"line":25,"column":28}},"10":{"start":{"line":5,"column":0},"end":{"line":5,"column":13}}},"fnMap":{"0":{"name":"(anonymous_0)","decl":{"start":{"line":6,"column":1},"end":{"line":6,"column":null}},"loc":{"start":{"line":6,"column":1},"end":{"line":8,"column":2}}},"1":{"name":"(anonymous_1)","decl":{"start":{"line":10,"column":1},"end":{"line":10,"column":7}},"loc":{"start":{"line":10,"column":73},"end":{"line":21,"column":2}}},"2":{"name":"(anonymous_2)","decl":{"start":{"line":13,"column":19},"end":{"line":13,"column":20}},"loc":{"start":{"line":13,"column":28},"end":{"line":18,"column":3}}},"3":{"name":"(anonymous_3)","decl":{"start":{"line":23,"column":1},"end":{"line":23,"column":13}},"loc":{"start":{"line":23,"column":23},"end":{"line":26,"column":2}}}},"branchMap":{"0":{"loc":{"start":{"line":15,"column":3},"end":{"line":17,"column":null}},"type":"if","locations":[{"start":{"line":15,"column":3},"end":{"line":17,"column":null}}]}},"s":{"0":13,"1":150,"2":4,"3":4,"4":10,"5":10,"6":3,"7":4,"8":32,"9":32,"10":13},"f":{"0":150,"1":4,"2":10,"3":32},"b":{"0":[3]}}
,"/home/runner/work/JavaScriptGraph/JavaScriptGraph/src/models/Matrix/Matrix.ts": {"path":"/home/runner/work/JavaScriptGraph/JavaScriptGraph/src/models/Matrix/Matrix.ts","statementMap":{"0":{"start":{"line":1,"column":0},"end":{"line":1,"column":76}},"1":{"start":{"line":5,"column":1},"end":{"line":5,"column":95}},"2":{"start":{"line":8,"column":2},"end":{"line":8,"column":35}},"3":{"start":{"line":12,"column":2},"end":{"line":12,"column":72}},"4":{"start":{"line":12,"column":29},"end":{"line":12,"column":72}},"5":{"start":{"line":14,"column":2},"end":{"line":14,"column":43}},"6":{"start":{"line":18,"column":18},"end":{"line":18,"column":38}},"7":{"start":{"line":19,"column":2},"end":{"line":19,"column":54}},"8":{"start":{"line":19,"column":29},"end":{"line":19,"column":54}},"9":{"start":{"line":21,"column":19},"end":{"line":21,"column":38}},"10":{"start":{"line":22,"column":2},"end":{"line":22,"column":55}},"11":{"start":{"line":22,"column":30},"end":{"line":22,"column":55}},"12":{"start":{"line":24,"column":2},"end":{"line":24,"column":18}},"13":{"start":{"line":28,"column":2},"end":{"line":28,"column":26}},"14":{"start":{"line":32,"column":2},"end":{"line":34,"column":null}},"15":{"start":{"line":33,"column":3},"end":{"line":33,"column":22}},"16":{"start":{"line":3,"column":0},"end":{"line":3,"column":22}}},"fnMap":{"0":{"name":"(anonymous_0)","decl":{"start":{"line":7,"column":1},"end":{"line":7,"column":23}},"loc":{"start":{"line":7,"column":46},"end":{"line":9,"column":2}}},"1":{"name":"(anonymous_1)","decl":{"start":{"line":11,"column":1},"end":{"line":11,"column":4}},"loc":{"start":{"line":11,"column":55},"end":{"line":15,"column":2}}},"2":{"name":"(anonymous_2)","decl":{"start":{"line":17,"column":1},"end":{"line":17,"column":4}},"loc":{"start":{"line":17,"column":37},"end":{"line":25,"column":2}}},"3":{"name":"(anonymous_3)","decl":{"start":{"line":27,"column":1},"end":{"line":27,"column":10}},"loc":{"start":{"line":27,"column":23},"end":{"line":29,"column":2}}},"4":{"name":"(anonymous_4)","decl":{"start":{"line":31,"column":1},"end":{"line":31,"column":13}},"loc":{"start":{"line":31,"column":32},"end":{"line":35,"column":2}}}},"branchMap":{"0":{"loc":{"start":{"line":12,"column":2},"end":{"line":12,"column":72}},"type":"if","locations":[{"start":{"line":12,"column":2},"end":{"line":12,"column":72}}]},"1":{"loc":{"start":{"line":19,"column":2},"end":{"line":19,"column":54}},"type":"if","locations":[{"start":{"line":19,"column":2},"end":{"line":19,"column":54}}]},"2":{"loc":{"start":{"line":22,"column":2},"end":{"line":22,"column":55}},"type":"if","locations":[{"start":{"line":22,"column":2},"end":{"line":22,"column":55}}]}},"s":{"0":13,"1":150,"2":150,"3":784,"4":414,"5":784,"6":702,"7":702,"8":277,"9":425,"10":425,"11":248,"12":177,"13":32,"14":32,"15":48,"16":13},"f":{"0":150,"1":784,"2":702,"3":32,"4":32},"b":{"0":[414],"1":[277],"2":[248]}}
,"/home/runner/work/JavaScriptGraph/JavaScriptGraph/src/models/Vertex/NamedVertex/NamedVertex.ts": {"path":"/home/runner/work/JavaScriptGraph/JavaScriptGraph/src/models/Vertex/NamedVertex/NamedVertex.ts","statementMap":{"0":{"start":{"line":1,"column":0},"end":{"line":1,"column":42}},"1":{"start":{"line":2,"column":0},"end":{"line":2,"column":68}},"2":{"start":{"line":8,"column":2},"end":{"line":8,"column":10}},"3":{"start":{"line":9,"column":2},"end":{"line":9,"column":19}},"4":{"start":{"line":13,"column":2},"end":{"line":13,"column":45}},"5":{"start":{"line":17,"column":2},"end":{"line":17,"column":66}},"6":{"start":{"line":21,"column":2},"end":{"line":21,"column":37}},"7":{"start":{"line":4,"column":0},"end":{"line":4,"column":13}}},"fnMap":{"0":{"name":"(anonymous_0)","decl":{"start":{"line":7,"column":1},"end":{"line":7,"column":13}},"loc":{"start":{"line":7,"column":25},"end":{"line":10,"column":2}}},"1":{"name":"(anonymous_1)","decl":{"start":{"line":12,"column":1},"end":{"line":12,"column":10}},"loc":{"start":{"line":12,"column":22},"end":{"line":14,"column":2}}},"2":{"name":"(anonymous_2)","decl":{"start":{"line":16,"column":1},"end":{"line":16,"column":7}},"loc":{"start":{"line":16,"column":18},"end":{"line":18,"column":2}}},"3":{"name":"(anonymous_3)","decl":{"start":{"line":20,"column":1},"end":{"line":20,"column":9}},"loc":{"start":{"line":20,"column":9},"end":{"line":22,"column":2}}}},"branchMap":{"0":{"loc":{"start":{"line":17,"column":9},"end":{"line":17,"column":65}},"type":"binary-expr","locations":[{"start":{"line":17,"column":9},"end":{"line":17,"column":37}},{"start":{"line":17,"column":41},"end":{"line":17,"column":65}}]}},"s":{"0":16,"1":16,"2":3238,"3":3238,"4":1358,"5":125429,"6":30747,"7":16},"f":{"0":3238,"1":1358,"2":125429,"3":30747},"b":{"0":[125429,125417]}}
,"/home/runner/work/JavaScriptGraph/JavaScriptGraph/src/models/Vertex/Vertex/Vertex.ts": {"path":"/home/runner/work/JavaScriptGraph/JavaScriptGraph/src/models/Vertex/Vertex/Vertex.ts","statementMap":{"0":{"start":{"line":3,"column":0},"end":{"line":3,"column":22}},"1":{"start":{"line":10,"column":27},"end":{"line":10,"column":81}},"2":{"start":{"line":10,"column":70},"end":{"line":10,"column":81}},"3":{"start":{"line":10,"column":13},"end":{"line":10,"column":27}},"4":{"start":{"line":12,"column":31},"end":{"line":12,"column":87}},"5":{"start":{"line":12,"column":73},"end":{"line":12,"column":87}},"6":{"start":{"line":12,"column":13},"end":{"line":12,"column":31}}},"fnMap":{"0":{"name":"(anonymous_0)","decl":{"start":{"line":10,"column":27},"end":{"line":10,"column":46}},"loc":{"start":{"line":10,"column":70},"end":{"line":10,"column":81}}},"1":{"name":"(anonymous_1)","decl":{"start":{"line":12,"column":31},"end":{"line":12,"column":50}},"loc":{"start":{"line":12,"column":73},"end":{"line":12,"column":87}}}},"branchMap":{},"s":{"0":16,"1":16,"2":0,"3":16,"4":16,"5":777,"6":16},"f":{"0":0,"1":777},"b":{}}
,"/home/runner/work/JavaScriptGraph/JavaScriptGraph/testUtil/expectEdgeListsAreEqual.ts": {"path":"/home/runner/work/JavaScriptGraph/JavaScriptGraph/testUtil/expectEdgeListsAreEqual.ts","statementMap":{"0":{"start":{"line":3,"column":0},"end":{"line":3,"column":61}},"1":{"start":{"line":5,"column":39},"end":{"line":9,"column":1}},"2":{"start":{"line":6,"column":1},"end":{"line":6,"column":28}},"3":{"start":{"line":7,"column":1},"end":{"line":7,"column":30}},"4":{"start":{"line":8,"column":1},"end":{"line":8,"column":34}},"5":{"start":{"line":5,"column":13},"end":{"line":5,"column":39}}},"fnMap":{"0":{"name":"(anonymous_0)","decl":{"start":{"line":5,"column":39},"end":{"line":5,"column":40}},"loc":{"start":{"line":5,"column":92},"end":{"line":9,"column":1}}}},"branchMap":{},"s":{"0":4,"1":4,"2":47,"3":47,"4":47,"5":4},"f":{"0":47},"b":{}}
,"/home/runner/work/JavaScriptGraph/JavaScriptGraph/testUtil/expectVerticesListsAreEqual.ts": {"path":"/home/runner/work/JavaScriptGraph/JavaScriptGraph/testUtil/expectVerticesListsAreEqual.ts","statementMap":{"0":{"start":{"line":1,"column":0},"end":{"line":1,"column":76}},"1":{"start":{"line":3,"column":43},"end":{"line":7,"column":1}},"2":{"start":{"line":4,"column":1},"end":{"line":4,"column":30}},"3":{"start":{"line":5,"column":1},"end":{"line":5,"column":32}},"4":{"start":{"line":6,"column":1},"end":{"line":6,"column":34}},"5":{"start":{"line":3,"column":13},"end":{"line":3,"column":43}}},"fnMap":{"0":{"name":"(anonymous_0)","decl":{"start":{"line":3,"column":43},"end":{"line":3,"column":44}},"loc":{"start":{"line":3,"column":90},"end":{"line":7,"column":1}}}},"branchMap":{},"s":{"0":7,"1":7,"2":256,"3":256,"4":256,"5":7},"f":{"0":256},"b":{}}
,"/home/runner/work/JavaScriptGraph/JavaScriptGraph/testUtil/generationFromSimplerDatastructure.ts": {"path":"/home/runner/work/JavaScriptGraph/JavaScriptGraph/testUtil/generationFromSimplerDatastructure.ts","statementMap":{"0":{"start":{"line":1,"column":0},"end":{"line":1,"column":65}},"1":{"start":{"line":3,"column":51},"end":{"line":5,"column":null}},"2":{"start":{"line":4,"column":1},"end":{"line":5,"column":null}},"3":{"start":{"line":5,"column":34},"end":{"line":5,"column":110}},"4":{"start":{"line":3,"column":13},"end":{"line":3,"column":51}},"5":{"start":{"line":8,"column":53},"end":{"line":10,"column":null}},"6":{"start":{"line":9,"column":1},"end":{"line":10,"column":null}},"7":{"start":{"line":10,"column":34},"end":{"line":10,"column":112}},"8":{"start":{"line":8,"column":13},"end":{"line":8,"column":53}},"9":{"start":{"line":14,"column":37},"end":{"line":15,"column":60}},"10":{"start":{"line":15,"column":1},"end":{"line":15,"column":60}},"11":{"start":{"line":15,"column":32},"end":{"line":15,"column":59}},"12":{"start":{"line":14,"column":13},"end":{"line":14,"column":37}}},"fnMap":{"0":{"name":"(anonymous_0)","decl":{"start":{"line":3,"column":51},"end":{"line":3,"column":52}},"loc":{"start":{"line":4,"column":1},"end":{"line":5,"column":null}}},"1":{"name":"(anonymous_1)","decl":{"start":{"line":5,"column":2},"end":{"line":5,"column":3}},"loc":{"start":{"line":5,"column":34},"end":{"line":5,"column":110}}},"2":{"name":"(anonymous_2)","decl":{"start":{"line":8,"column":53},"end":{"line":8,"column":54}},"loc":{"start":{"line":9,"column":1},"end":{"line":10,"column":null}}},"3":{"name":"(anonymous_3)","decl":{"start":{"line":10,"column":2},"end":{"line":10,"column":3}},"loc":{"start":{"line":10,"column":34},"end":{"line":10,"column":112}}},"4":{"name":"(anonymous_4)","decl":{"start":{"line":14,"column":37},"end":{"line":14,"column":38}},"loc":{"start":{"line":15,"column":1},"end":{"line":15,"column":60}}},"5":{"name":"(anonymous_5)","decl":{"start":{"line":15,"column":16},"end":{"line":15,"column":17}},"loc":{"start":{"line":15,"column":32},"end":{"line":15,"column":59}}}},"branchMap":{},"s":{"0":6,"1":6,"2":96,"3":304,"4":6,"5":6,"6":39,"7":118,"8":6,"9":6,"10":423,"11":1509,"12":6},"f":{"0":96,"1":304,"2":39,"3":118,"4":423,"5":1509},"b":{}}
}
